<?xml version="1.0" encoding="UTF-8"?>
<testsuite xmlns:xsi="http://www.w3.org/2001/XMLSchema-instance" xsi:noNamespaceSchemaLocation="https://maven.apache.org/surefire/maven-surefire-plugin/xsd/surefire-test-report.xsd" version="3.0.2" name="com.online.shop.SettingsControllerIntegrationTest" time="0.841" tests="3" errors="0" skipped="0" failures="0">
  <properties>
[...]
</properties>
  <testcase name="testChangePassword" classname="com.online.shop.SettingsControllerIntegrationTest" time="0.546">
    <system-out><![CDATA[2025-02-20T11:03:24.910+02:00 DEBUG 8868 --- [shop] [           main] .b.t.c.SpringBootTestContextBootstrapper : Neither @ContextConfiguration nor @ContextHierarchy found for test class [SettingsControllerIntegrationTest]: using SpringBootContextLoader
2025-02-20T11:03:24.910+02:00 DEBUG 8868 --- [shop] [           main] o.s.t.c.support.AbstractContextLoader    : Could not detect default resource locations for test class [com.online.shop.SettingsControllerIntegrationTest]: no resource found for suffixes {-context.xml, Context.groovy}.
2025-02-20T11:03:24.910+02:00  INFO 8868 --- [shop] [           main] t.c.s.AnnotationConfigContextLoaderUtils : Could not detect default configuration classes for test class [com.online.shop.SettingsControllerIntegrationTest]: SettingsControllerIntegrationTest does not declare any static, non-private, non-final, nested classes annotated with @Configuration.
2025-02-20T11:03:24.910+02:00 DEBUG 8868 --- [shop] [           main] .b.t.c.SpringBootTestContextBootstrapper : Using ContextCustomizerFactory implementations for test class [SettingsControllerIntegrationTest]: [ImportsContextCustomizerFactory, ExcludeFilterContextCustomizerFactory, HttpGraphQlTesterContextCustomizerFactory, DuplicateJsonObjectContextCustomizerFactory, MockitoContextCustomizerFactory, TestRestTemplateContextCustomizerFactory, WebTestClientContextCustomizerFactory, DisableReactorResourceFactoryGlobalResourcesContextCustomizerFactory, OnFailureConditionReportContextCustomizerFactory, OverrideAutoConfigurationContextCustomizerFactory, ObservabilityContextCustomizerFactory, TypeExcludeFiltersContextCustomizerFactory, PropertyMappingContextCustomizerFactory, WebDriverContextCustomizerFactory, BeanOverrideContextCustomizerFactory, MockServerContainerContextCustomizerFactory, DynamicPropertiesContextCustomizerFactory]
2025-02-20T11:03:24.919+02:00 DEBUG 8868 --- [shop] [           main] .b.t.c.SpringBootTestContextBootstrapper : Using ContextCustomizers for test class [SettingsControllerIntegrationTest]: [ImportsContextCustomizer, ExcludeFilterContextCustomizer, DuplicateJsonObjectContextCustomizer, MockitoContextCustomizer, TestRestTemplateContextCustomizer, DisableReactorResourceFactoryGlobalResourcesContextCustomizerCustomizer, OnFailureConditionReportContextCustomizer, DisableObservabilityContextCustomizer, PropertyMappingContextCustomizer, WebDriverContextCustomizer, DynamicPropertiesContextCustomizer]
2025-02-20T11:03:24.919+02:00  INFO 8868 --- [shop] [           main] .b.t.c.SpringBootTestContextBootstrapper : Found @SpringBootConfiguration com.online.shop.ShopApplication for test class com.online.shop.SettingsControllerIntegrationTest
2025-02-20T11:03:24.919+02:00 DEBUG 8868 --- [shop] [           main] .s.t.c.u.TestContextSpringFactoriesUtils : Skipping candidate TestExecutionListener [org.springframework.test.context.observation.MicrometerObservationRegistryTestExecutionListener] due to a missing dependency. Specify custom TestExecutionListener classes or make the default TestExecutionListener classes and their required dependencies available. Offending class: io.micrometer.context.ThreadLocalAccessor. MicrometerObservationRegistryTestExecutionListener requires io.micrometer:micrometer-observation:1.10.8 or higher and io.micrometer:context-propagation:1.0.3 or higher.
2025-02-20T11:03:24.926+02:00 DEBUG 8868 --- [shop] [           main] .b.t.c.SpringBootTestContextBootstrapper : Using TestExecutionListeners for test class [SettingsControllerIntegrationTest]: [ServletTestExecutionListener, DirtiesContextBeforeModesTestExecutionListener, ApplicationEventsTestExecutionListener, MockitoTestExecutionListener, BeanOverrideTestExecutionListener, DependencyInjectionTestExecutionListener, DirtiesContextTestExecutionListener, CommonCachesTestExecutionListener, TransactionalTestExecutionListener, SqlScriptsTestExecutionListener, EventPublishingTestExecutionListener, WithSecurityContextTestExecutionListener, ReactorContextTestExecutionListener, ResetMocksTestExecutionListener, RestDocsTestExecutionListener, MockRestServiceServerResetTestExecutionListener, MockMvcPrintOnlyOnFailureTestExecutionListener, WebDriverTestExecutionListener, MockWebServiceServerTestExecutionListener, MockitoResetTestExecutionListener]
2025-02-20T11:03:24.926+02:00 DEBUG 8868 --- [shop] [           main] sContextBeforeModesTestExecutionListener : Before test class: class [SettingsControllerIntegrationTest], class annotated with @DirtiesContext [false] with mode [null]
2025-02-20T11:03:24.926+02:00 DEBUG 8868 --- [shop] [           main] org.springframework.test.context.cache   : Spring test ApplicationContext cache statistics: [DefaultContextCache@64d19dad size = 3, maxSize = 32, parentContextCount = 0, hitCount = 220, missCount = 3, failureCount = 0]
2025-02-20T11:03:24.926+02:00 DEBUG 8868 --- [shop] [           main] org.springframework.test.context.cache   : Spring test ApplicationContext cache statistics: [DefaultContextCache@64d19dad size = 3, maxSize = 32, parentContextCount = 0, hitCount = 221, missCount = 3, failureCount = 0]
2025-02-20T11:03:24.926+02:00 DEBUG 8868 --- [shop] [           main] o.s.t.c.w.ServletTestExecutionListener   : Setting up MockHttpServletRequest, MockHttpServletResponse, ServletWebRequest, and RequestContextHolder for test class com.online.shop.SettingsControllerIntegrationTest
2025-02-20T11:03:24.926+02:00 DEBUG 8868 --- [shop] [           main] DependencyInjectionTestExecutionListener : Performing dependency injection for test class com.online.shop.SettingsControllerIntegrationTest
2025-02-20T11:03:24.926+02:00 DEBUG 8868 --- [shop] [           main] org.springframework.test.context.cache   : Spring test ApplicationContext cache statistics: [DefaultContextCache@64d19dad size = 3, maxSize = 32, parentContextCount = 0, hitCount = 222, missCount = 3, failureCount = 0]
2025-02-20T11:03:24.930+02:00 DEBUG 8868 --- [shop] [           main] org.springframework.test.context.cache   : Spring test ApplicationContext cache statistics: [DefaultContextCache@64d19dad size = 3, maxSize = 32, parentContextCount = 0, hitCount = 223, missCount = 3, failureCount = 0]
2025-02-20T11:03:24.930+02:00 DEBUG 8868 --- [shop] [           main] sContextBeforeModesTestExecutionListener : Before test method: class [SettingsControllerIntegrationTest], method [testChangePassword], class annotated with @DirtiesContext [false] with mode [null], method annotated with @DirtiesContext [false] with mode [null]
2025-02-20T11:03:24.930+02:00 DEBUG 8868 --- [shop] [           main] org.springframework.test.context.cache   : Spring test ApplicationContext cache statistics: [DefaultContextCache@64d19dad size = 3, maxSize = 32, parentContextCount = 0, hitCount = 224, missCount = 3, failureCount = 0]
2025-02-20T11:03:24.933+02:00 DEBUG 8868 --- [shop] [           main] org.springframework.test.context.cache   : Spring test ApplicationContext cache statistics: [DefaultContextCache@64d19dad size = 3, maxSize = 32, parentContextCount = 0, hitCount = 225, missCount = 3, failureCount = 0]
2025-02-20T11:03:24.933+02:00 DEBUG 8868 --- [shop] [           main] org.springframework.test.context.cache   : Spring test ApplicationContext cache statistics: [DefaultContextCache@64d19dad size = 3, maxSize = 32, parentContextCount = 0, hitCount = 226, missCount = 3, failureCount = 0]
2025-02-20T11:03:24.933+02:00 DEBUG 8868 --- [shop] [           main] org.springframework.test.context.cache   : Spring test ApplicationContext cache statistics: [DefaultContextCache@64d19dad size = 3, maxSize = 32, parentContextCount = 0, hitCount = 227, missCount = 3, failureCount = 0]
2025-02-20T11:03:24.933+02:00 DEBUG 8868 --- [shop] [           main] org.springframework.test.context.cache   : Spring test ApplicationContext cache statistics: [DefaultContextCache@64d19dad size = 3, maxSize = 32, parentContextCount = 0, hitCount = 228, missCount = 3, failureCount = 0]
2025-02-20T11:03:24.933+02:00 DEBUG 8868 --- [shop] [           main] o.s.orm.jpa.JpaTransactionManager        : Creating new transaction with name [org.springframework.data.jpa.repository.support.SimpleJpaRepository.deleteAll]: PROPAGATION_REQUIRED,ISOLATION_DEFAULT
2025-02-20T11:03:24.933+02:00 DEBUG 8868 --- [shop] [           main] o.s.orm.jpa.JpaTransactionManager        : Opened new EntityManager [SessionImpl(1272096944<open>)] for JPA transaction
2025-02-20T11:03:24.940+02:00 DEBUG 8868 --- [shop] [           main] o.s.orm.jpa.JpaTransactionManager        : Exposing JPA transaction as JDBC [org.springframework.orm.jpa.vendor.HibernateJpaDialect$HibernateConnectionHandle@37c595aa]
2025-02-20T11:03:24.941+02:00 DEBUG 8868 --- [shop] [           main] org.hibernate.SQL                        : select u1_0.id,u1_0.code_expiration,u1_0.email,u1_0.fcm_token,u1_0.password,u1_0.role,u1_0.username,u1_0.verification_code,u1_0.verified from users u1_0
Hibernate: select u1_0.id,u1_0.code_expiration,u1_0.email,u1_0.fcm_token,u1_0.password,u1_0.role,u1_0.username,u1_0.verification_code,u1_0.verified from users u1_0
2025-02-20T11:03:24.945+02:00 DEBUG 8868 --- [shop] [           main] org.hibernate.SQL                        : select sc1_0.id,u1_0.id,u1_0.code_expiration,u1_0.email,u1_0.fcm_token,n1_0.id,n1_0.new_arrivals,n1_0.offers,n1_0.order_status,n1_0.via_email,n1_0.via_push,u1_0.password,u1_0.role,s1_0.id,s1_0.address_line1,s1_0.address_line2,s1_0.country,s1_0.first_name,s1_0.last_name,s1_0.phone_number,s1_0.postal_code,s1_0.province,s1_0.town,t1_0.id,t1_0.amount,t1_0.currency,t1_0.payment_method,t1_0.status,t1_0.transaction_date,t1_0.transaction_id,u1_0.username,u1_0.verification_code,u1_0.verified,wl1_0.id,o1_0.user_id,o1_0.id,o1_0.created_at,o1_0.status,o1_0.total from shopping_cart sc1_0 left join users u1_0 on u1_0.id=sc1_0.user_id left join notifications n1_0 on u1_0.id=n1_0.user_id left join shipment s1_0 on u1_0.id=s1_0.user_id left join transaction t1_0 on u1_0.id=t1_0.user_id left join wish_list wl1_0 on u1_0.id=wl1_0.user_id left join orders o1_0 on u1_0.id=o1_0.user_id where sc1_0.user_id=?
Hibernate: select sc1_0.id,u1_0.id,u1_0.code_expiration,u1_0.email,u1_0.fcm_token,n1_0.id,n1_0.new_arrivals,n1_0.offers,n1_0.order_status,n1_0.via_email,n1_0.via_push,u1_0.password,u1_0.role,s1_0.id,s1_0.address_line1,s1_0.address_line2,s1_0.country,s1_0.first_name,s1_0.last_name,s1_0.phone_number,s1_0.postal_code,s1_0.province,s1_0.town,t1_0.id,t1_0.amount,t1_0.currency,t1_0.payment_method,t1_0.status,t1_0.transaction_date,t1_0.transaction_id,u1_0.username,u1_0.verification_code,u1_0.verified,wl1_0.id,o1_0.user_id,o1_0.id,o1_0.created_at,o1_0.status,o1_0.total from shopping_cart sc1_0 left join users u1_0 on u1_0.id=sc1_0.user_id left join notifications n1_0 on u1_0.id=n1_0.user_id left join shipment s1_0 on u1_0.id=s1_0.user_id left join transaction t1_0 on u1_0.id=t1_0.user_id left join wish_list wl1_0 on u1_0.id=wl1_0.user_id left join orders o1_0 on u1_0.id=o1_0.user_id where sc1_0.user_id=?
2025-02-20T11:03:24.950+02:00 DEBUG 8868 --- [shop] [           main] org.hibernate.SQL                        : select n1_0.id,n1_0.new_arrivals,n1_0.offers,n1_0.order_status,u1_0.id,c1_0.id,u1_0.code_expiration,u1_0.email,u1_0.fcm_token,u1_0.password,u1_0.role,s1_0.id,s1_0.address_line1,s1_0.address_line2,s1_0.country,s1_0.first_name,s1_0.last_name,s1_0.phone_number,s1_0.postal_code,s1_0.province,s1_0.town,t1_0.id,t1_0.amount,t1_0.currency,t1_0.payment_method,t1_0.status,t1_0.transaction_date,t1_0.transaction_id,u1_0.username,u1_0.verification_code,u1_0.verified,wl1_0.id,o1_0.user_id,o1_0.id,o1_0.created_at,o1_0.status,o1_0.total,n1_0.via_email,n1_0.via_push from notifications n1_0 left join users u1_0 on u1_0.id=n1_0.user_id left join shopping_cart c1_0 on u1_0.id=c1_0.user_id left join shipment s1_0 on u1_0.id=s1_0.user_id left join transaction t1_0 on u1_0.id=t1_0.user_id left join wish_list wl1_0 on u1_0.id=wl1_0.user_id left join orders o1_0 on u1_0.id=o1_0.user_id where n1_0.user_id=?
Hibernate: select n1_0.id,n1_0.new_arrivals,n1_0.offers,n1_0.order_status,u1_0.id,c1_0.id,u1_0.code_expiration,u1_0.email,u1_0.fcm_token,u1_0.password,u1_0.role,s1_0.id,s1_0.address_line1,s1_0.address_line2,s1_0.country,s1_0.first_name,s1_0.last_name,s1_0.phone_number,s1_0.postal_code,s1_0.province,s1_0.town,t1_0.id,t1_0.amount,t1_0.currency,t1_0.payment_method,t1_0.status,t1_0.transaction_date,t1_0.transaction_id,u1_0.username,u1_0.verification_code,u1_0.verified,wl1_0.id,o1_0.user_id,o1_0.id,o1_0.created_at,o1_0.status,o1_0.total,n1_0.via_email,n1_0.via_push from notifications n1_0 left join users u1_0 on u1_0.id=n1_0.user_id left join shopping_cart c1_0 on u1_0.id=c1_0.user_id left join shipment s1_0 on u1_0.id=s1_0.user_id left join transaction t1_0 on u1_0.id=t1_0.user_id left join wish_list wl1_0 on u1_0.id=wl1_0.user_id left join orders o1_0 on u1_0.id=o1_0.user_id where n1_0.user_id=?
2025-02-20T11:03:24.950+02:00 DEBUG 8868 --- [shop] [           main] org.hibernate.SQL                        : select s1_0.id,s1_0.address_line1,s1_0.address_line2,s1_0.country,s1_0.first_name,s1_0.last_name,s1_0.phone_number,s1_0.postal_code,s1_0.province,s1_0.town,u1_0.id,c1_0.id,u1_0.code_expiration,u1_0.email,u1_0.fcm_token,n1_0.id,n1_0.new_arrivals,n1_0.offers,n1_0.order_status,n1_0.via_email,n1_0.via_push,u1_0.password,u1_0.role,t1_0.id,t1_0.amount,t1_0.currency,t1_0.payment_method,t1_0.status,t1_0.transaction_date,t1_0.transaction_id,u1_0.username,u1_0.verification_code,u1_0.verified,wl1_0.id,o1_0.user_id,o1_0.id,o1_0.created_at,o1_0.status,o1_0.total from shipment s1_0 left join users u1_0 on u1_0.id=s1_0.user_id left join shopping_cart c1_0 on u1_0.id=c1_0.user_id left join notifications n1_0 on u1_0.id=n1_0.user_id left join transaction t1_0 on u1_0.id=t1_0.user_id left join wish_list wl1_0 on u1_0.id=wl1_0.user_id left join orders o1_0 on u1_0.id=o1_0.user_id where s1_0.user_id=?
Hibernate: select s1_0.id,s1_0.address_line1,s1_0.address_line2,s1_0.country,s1_0.first_name,s1_0.last_name,s1_0.phone_number,s1_0.postal_code,s1_0.province,s1_0.town,u1_0.id,c1_0.id,u1_0.code_expiration,u1_0.email,u1_0.fcm_token,n1_0.id,n1_0.new_arrivals,n1_0.offers,n1_0.order_status,n1_0.via_email,n1_0.via_push,u1_0.password,u1_0.role,t1_0.id,t1_0.amount,t1_0.currency,t1_0.payment_method,t1_0.status,t1_0.transaction_date,t1_0.transaction_id,u1_0.username,u1_0.verification_code,u1_0.verified,wl1_0.id,o1_0.user_id,o1_0.id,o1_0.created_at,o1_0.status,o1_0.total from shipment s1_0 left join users u1_0 on u1_0.id=s1_0.user_id left join shopping_cart c1_0 on u1_0.id=c1_0.user_id left join notifications n1_0 on u1_0.id=n1_0.user_id left join transaction t1_0 on u1_0.id=t1_0.user_id left join wish_list wl1_0 on u1_0.id=wl1_0.user_id left join orders o1_0 on u1_0.id=o1_0.user_id where s1_0.user_id=?
2025-02-20T11:03:24.955+02:00 DEBUG 8868 --- [shop] [           main] org.hibernate.SQL                        : select t1_0.id,t1_0.amount,t1_0.currency,t1_0.payment_method,t1_0.status,t1_0.transaction_date,t1_0.transaction_id,u1_0.id,c1_0.id,u1_0.code_expiration,u1_0.email,u1_0.fcm_token,n1_0.id,n1_0.new_arrivals,n1_0.offers,n1_0.order_status,n1_0.via_email,n1_0.via_push,u1_0.password,u1_0.role,s1_0.id,s1_0.address_line1,s1_0.address_line2,s1_0.country,s1_0.first_name,s1_0.last_name,s1_0.phone_number,s1_0.postal_code,s1_0.province,s1_0.town,u1_0.username,u1_0.verification_code,u1_0.verified,wl1_0.id,o1_0.user_id,o1_0.id,o1_0.created_at,o1_0.status,o1_0.total from transaction t1_0 left join users u1_0 on u1_0.id=t1_0.user_id left join shopping_cart c1_0 on u1_0.id=c1_0.user_id left join notifications n1_0 on u1_0.id=n1_0.user_id left join shipment s1_0 on u1_0.id=s1_0.user_id left join wish_list wl1_0 on u1_0.id=wl1_0.user_id left join orders o1_0 on u1_0.id=o1_0.user_id where t1_0.user_id=?
Hibernate: select t1_0.id,t1_0.amount,t1_0.currency,t1_0.payment_method,t1_0.status,t1_0.transaction_date,t1_0.transaction_id,u1_0.id,c1_0.id,u1_0.code_expiration,u1_0.email,u1_0.fcm_token,n1_0.id,n1_0.new_arrivals,n1_0.offers,n1_0.order_status,n1_0.via_email,n1_0.via_push,u1_0.password,u1_0.role,s1_0.id,s1_0.address_line1,s1_0.address_line2,s1_0.country,s1_0.first_name,s1_0.last_name,s1_0.phone_number,s1_0.postal_code,s1_0.province,s1_0.town,u1_0.username,u1_0.verification_code,u1_0.verified,wl1_0.id,o1_0.user_id,o1_0.id,o1_0.created_at,o1_0.status,o1_0.total from transaction t1_0 left join users u1_0 on u1_0.id=t1_0.user_id left join shopping_cart c1_0 on u1_0.id=c1_0.user_id left join notifications n1_0 on u1_0.id=n1_0.user_id left join shipment s1_0 on u1_0.id=s1_0.user_id left join wish_list wl1_0 on u1_0.id=wl1_0.user_id left join orders o1_0 on u1_0.id=o1_0.user_id where t1_0.user_id=?
2025-02-20T11:03:24.957+02:00 DEBUG 8868 --- [shop] [           main] org.hibernate.SQL                        : select i1_0.cart_id,i1_0.id,p1_0.id,c2_0.id,c2_0.name,p1_0.created_at,p1_0.description,p1_0.discount,p1_0.name,p1_0.price,p1_0.rating,p1_0.sales,p1_0.stock,i1_0.quantity from cart_item i1_0 left join product p1_0 on p1_0.id=i1_0.product_id left join category c2_0 on c2_0.id=p1_0.category_id where i1_0.cart_id=?
Hibernate: select i1_0.cart_id,i1_0.id,p1_0.id,c2_0.id,c2_0.name,p1_0.created_at,p1_0.description,p1_0.discount,p1_0.name,p1_0.price,p1_0.rating,p1_0.sales,p1_0.stock,i1_0.quantity from cart_item i1_0 left join product p1_0 on p1_0.id=i1_0.product_id left join category c2_0 on c2_0.id=p1_0.category_id where i1_0.cart_id=?
2025-02-20T11:03:24.960+02:00 DEBUG 8868 --- [shop] [           main] org.hibernate.SQL                        : select r1_0.user_id,r1_0.id,r1_0.created_at,r1_0.posted_by,p1_0.id,c1_0.id,c1_0.name,p1_0.created_at,p1_0.description,p1_0.discount,p1_0.name,p1_0.price,p1_0.rating,p1_0.sales,p1_0.stock,r1_0.rating,r1_0.text from review r1_0 left join product p1_0 on p1_0.id=r1_0.product_id left join category c1_0 on c1_0.id=p1_0.category_id where r1_0.user_id=?
Hibernate: select r1_0.user_id,r1_0.id,r1_0.created_at,r1_0.posted_by,p1_0.id,c1_0.id,c1_0.name,p1_0.created_at,p1_0.description,p1_0.discount,p1_0.name,p1_0.price,p1_0.rating,p1_0.sales,p1_0.stock,r1_0.rating,r1_0.text from review r1_0 left join product p1_0 on p1_0.id=r1_0.product_id left join category c1_0 on c1_0.id=p1_0.category_id where r1_0.user_id=?
2025-02-20T11:03:24.960+02:00 DEBUG 8868 --- [shop] [           main] o.s.orm.jpa.JpaTransactionManager        : Initiating transaction commit
2025-02-20T11:03:24.960+02:00 DEBUG 8868 --- [shop] [           main] o.s.orm.jpa.JpaTransactionManager        : Committing JPA transaction on EntityManager [SessionImpl(1272096944<open>)]
2025-02-20T11:03:24.960+02:00 DEBUG 8868 --- [shop] [           main] org.hibernate.SQL                        : delete from wish_list_products where wish_list_id=?
Hibernate: delete from wish_list_products where wish_list_id=?
2025-02-20T11:03:24.960+02:00 DEBUG 8868 --- [shop] [           main] org.hibernate.SQL                        : delete from users_order_history where user_id=?
Hibernate: delete from users_order_history where user_id=?
2025-02-20T11:03:24.960+02:00 DEBUG 8868 --- [shop] [           main] org.hibernate.SQL                        : delete from shopping_cart where id=?
Hibernate: delete from shopping_cart where id=?
2025-02-20T11:03:24.965+02:00 DEBUG 8868 --- [shop] [           main] org.hibernate.SQL                        : delete from wish_list where id=?
Hibernate: delete from wish_list where id=?
2025-02-20T11:03:24.965+02:00 DEBUG 8868 --- [shop] [           main] org.hibernate.SQL                        : delete from users where id=?
Hibernate: delete from users where id=?
2025-02-20T11:03:24.965+02:00 DEBUG 8868 --- [shop] [           main] o.s.orm.jpa.JpaTransactionManager        : Closing JPA EntityManager [SessionImpl(1272096944<open>)] after transaction
2025-02-20T11:03:25.117+02:00 DEBUG 8868 --- [shop] [           main] o.s.orm.jpa.JpaTransactionManager        : Creating new transaction with name [org.springframework.data.jpa.repository.support.SimpleJpaRepository.save]: PROPAGATION_REQUIRED,ISOLATION_DEFAULT
2025-02-20T11:03:25.118+02:00 DEBUG 8868 --- [shop] [           main] o.s.orm.jpa.JpaTransactionManager        : Opened new EntityManager [SessionImpl(1523942313<open>)] for JPA transaction
2025-02-20T11:03:25.118+02:00 DEBUG 8868 --- [shop] [           main] o.s.orm.jpa.JpaTransactionManager        : Exposing JPA transaction as JDBC [org.springframework.orm.jpa.vendor.HibernateJpaDialect$HibernateConnectionHandle@1fbcd083]
2025-02-20T11:03:25.120+02:00 DEBUG 8868 --- [shop] [           main] org.hibernate.SQL                        : insert into users (code_expiration,email,fcm_token,password,role,username,verification_code,verified,id) values (?,?,?,?,?,?,?,?,?)
Hibernate: insert into users (code_expiration,email,fcm_token,password,role,username,verification_code,verified,id) values (?,?,?,?,?,?,?,?,?)
2025-02-20T11:03:25.120+02:00 DEBUG 8868 --- [shop] [           main] org.hibernate.SQL                        : insert into shopping_cart (user_id,id) values (?,?)
Hibernate: insert into shopping_cart (user_id,id) values (?,?)
2025-02-20T11:03:25.121+02:00 DEBUG 8868 --- [shop] [           main] org.hibernate.SQL                        : insert into notifications (new_arrivals,offers,order_status,user_id,via_email,via_push,id) values (?,?,?,?,?,?,default)
Hibernate: insert into notifications (new_arrivals,offers,order_status,user_id,via_email,via_push,id) values (?,?,?,?,?,?,default)
2025-02-20T11:03:25.122+02:00 DEBUG 8868 --- [shop] [           main] o.s.orm.jpa.JpaTransactionManager        : Initiating transaction commit
2025-02-20T11:03:25.122+02:00 DEBUG 8868 --- [shop] [           main] o.s.orm.jpa.JpaTransactionManager        : Committing JPA transaction on EntityManager [SessionImpl(1523942313<open>)]
2025-02-20T11:03:25.122+02:00 DEBUG 8868 --- [shop] [           main] org.hibernate.SQL                        : insert into wish_list (user_id,id) values (?,?)
Hibernate: insert into wish_list (user_id,id) values (?,?)
2025-02-20T11:03:25.123+02:00 DEBUG 8868 --- [shop] [           main] o.s.orm.jpa.JpaTransactionManager        : Closing JPA EntityManager [SessionImpl(1523942313<open>)] after transaction
2025-02-20T11:03:25.124+02:00 DEBUG 8868 --- [shop] [           main] org.springframework.test.context.cache   : Spring test ApplicationContext cache statistics: [DefaultContextCache@64d19dad size = 3, maxSize = 32, parentContextCount = 0, hitCount = 229, missCount = 3, failureCount = 0]
2025-02-20T11:03:25.124+02:00 DEBUG 8868 --- [shop] [           main] o.s.test.util.ReflectionTestUtils        : Invoking method 'getFilters' on target object [FilterChainProxy[Filter Chains: null]] or target class [null] with arguments {org.springframework.mock.web.MockHttpServletRequest@7a953b17}
2025-02-20T11:03:25.124+02:00 DEBUG 8868 --- [shop] [           main] o.s.test.util.ReflectionTestUtils        : Invoking method 'getFilters' on target object [FilterChainProxy[Filter Chains: null]] or target class [null] with arguments {org.springframework.mock.web.MockHttpServletRequest@7a953b17}
2025-02-20T11:03:25.124+02:00 DEBUG 8868 --- [shop] [           main] o.s.test.util.ReflectionTestUtils        : Getting field 'securityContextRepository' from target object [org.springframework.security.web.context.SecurityContextHolderFilter@5dd7f921] or target class [class org.springframework.security.web.context.SecurityContextHolderFilter]
2025-02-20T11:03:25.125+02:00 DEBUG 8868 --- [shop] [           main] w.c.HttpSessionSecurityContextRepository : Created HttpSession as SecurityContext is non-default
2025-02-20T11:03:25.125+02:00 DEBUG 8868 --- [shop] [           main] w.c.HttpSessionSecurityContextRepository : Stored SecurityContextImpl [Authentication=UsernamePasswordAuthenticationToken [Principal=org.springframework.security.core.userdetails.User [Username=user, Password=[PROTECTED], Enabled=true, AccountNonExpired=true, CredentialsNonExpired=true, AccountNonLocked=true, Granted Authorities=[ROLE_USER]], Credentials=[PROTECTED], Authenticated=true, Details=null, Granted Authorities=[ROLE_USER]]] to HttpSession [org.springframework.mock.web.MockHttpSession@611ce139]
2025-02-20T11:03:25.125+02:00 DEBUG 8868 --- [shop] [           main] o.s.security.web.FilterChainProxy        : Securing POST /user/settings/changePassword
2025-02-20T11:03:25.125+02:00 DEBUG 8868 --- [shop] [           main] w.c.HttpSessionSecurityContextRepository : Retrieved SecurityContextImpl [Authentication=UsernamePasswordAuthenticationToken [Principal=org.springframework.security.core.userdetails.User [Username=user, Password=[PROTECTED], Enabled=true, AccountNonExpired=true, CredentialsNonExpired=true, AccountNonLocked=true, Granted Authorities=[ROLE_USER]], Credentials=[PROTECTED], Authenticated=true, Details=null, Granted Authorities=[ROLE_USER]]]
2025-02-20T11:03:25.125+02:00 DEBUG 8868 --- [shop] [           main] o.s.security.web.FilterChainProxy        : Secured POST /user/settings/changePassword
2025-02-20T11:03:25.126+02:00 DEBUG 8868 --- [shop] [           main] o.s.t.web.servlet.TestDispatcherServlet  : POST "/user/settings/changePassword", parameters={}
2025-02-20T11:03:25.126+02:00 DEBUG 8868 --- [shop] [           main] s.w.s.m.m.a.RequestMappingHandlerMapping : Mapped to com.online.shop.controllers.SettingsController#changePassword(Principal, HashMap)
2025-02-20T11:03:25.126+02:00 DEBUG 8868 --- [shop] [           main] o.j.s.OpenEntityManagerInViewInterceptor : Opening JPA EntityManager in OpenEntityManagerInViewInterceptor
2025-02-20T11:03:25.127+02:00 DEBUG 8868 --- [shop] [           main] m.m.a.RequestResponseBodyMethodProcessor : Read "application/json;charset=UTF-8" to [{newPassword=password2, confirmPassword=password2, currentPassword=password}]
2025-02-20T11:03:25.130+02:00 DEBUG 8868 --- [shop] [           main] org.hibernate.SQL                        : select u1_0.id,u1_0.code_expiration,u1_0.email,u1_0.fcm_token,u1_0.password,u1_0.role,u1_0.username,u1_0.verification_code,u1_0.verified from users u1_0 where u1_0.username=?
Hibernate: select u1_0.id,u1_0.code_expiration,u1_0.email,u1_0.fcm_token,u1_0.password,u1_0.role,u1_0.username,u1_0.verification_code,u1_0.verified from users u1_0 where u1_0.username=?
2025-02-20T11:03:25.131+02:00 DEBUG 8868 --- [shop] [           main] org.hibernate.SQL                        : select sc1_0.id,u1_0.id,u1_0.code_expiration,u1_0.email,u1_0.fcm_token,n1_0.id,n1_0.new_arrivals,n1_0.offers,n1_0.order_status,n1_0.via_email,n1_0.via_push,u1_0.password,u1_0.role,s1_0.id,s1_0.address_line1,s1_0.address_line2,s1_0.country,s1_0.first_name,s1_0.last_name,s1_0.phone_number,s1_0.postal_code,s1_0.province,s1_0.town,t1_0.id,t1_0.amount,t1_0.currency,t1_0.payment_method,t1_0.status,t1_0.transaction_date,t1_0.transaction_id,u1_0.username,u1_0.verification_code,u1_0.verified,wl1_0.id,o1_0.user_id,o1_0.id,o1_0.created_at,o1_0.status,o1_0.total from shopping_cart sc1_0 left join users u1_0 on u1_0.id=sc1_0.user_id left join notifications n1_0 on u1_0.id=n1_0.user_id left join shipment s1_0 on u1_0.id=s1_0.user_id left join transaction t1_0 on u1_0.id=t1_0.user_id left join wish_list wl1_0 on u1_0.id=wl1_0.user_id left join orders o1_0 on u1_0.id=o1_0.user_id where sc1_0.user_id=?
Hibernate: select sc1_0.id,u1_0.id,u1_0.code_expiration,u1_0.email,u1_0.fcm_token,n1_0.id,n1_0.new_arrivals,n1_0.offers,n1_0.order_status,n1_0.via_email,n1_0.via_push,u1_0.password,u1_0.role,s1_0.id,s1_0.address_line1,s1_0.address_line2,s1_0.country,s1_0.first_name,s1_0.last_name,s1_0.phone_number,s1_0.postal_code,s1_0.province,s1_0.town,t1_0.id,t1_0.amount,t1_0.currency,t1_0.payment_method,t1_0.status,t1_0.transaction_date,t1_0.transaction_id,u1_0.username,u1_0.verification_code,u1_0.verified,wl1_0.id,o1_0.user_id,o1_0.id,o1_0.created_at,o1_0.status,o1_0.total from shopping_cart sc1_0 left join users u1_0 on u1_0.id=sc1_0.user_id left join notifications n1_0 on u1_0.id=n1_0.user_id left join shipment s1_0 on u1_0.id=s1_0.user_id left join transaction t1_0 on u1_0.id=t1_0.user_id left join wish_list wl1_0 on u1_0.id=wl1_0.user_id left join orders o1_0 on u1_0.id=o1_0.user_id where sc1_0.user_id=?
2025-02-20T11:03:25.133+02:00 DEBUG 8868 --- [shop] [           main] org.hibernate.SQL                        : select n1_0.id,n1_0.new_arrivals,n1_0.offers,n1_0.order_status,u1_0.id,c1_0.id,u1_0.code_expiration,u1_0.email,u1_0.fcm_token,u1_0.password,u1_0.role,s1_0.id,s1_0.address_line1,s1_0.address_line2,s1_0.country,s1_0.first_name,s1_0.last_name,s1_0.phone_number,s1_0.postal_code,s1_0.province,s1_0.town,t1_0.id,t1_0.amount,t1_0.currency,t1_0.payment_method,t1_0.status,t1_0.transaction_date,t1_0.transaction_id,u1_0.username,u1_0.verification_code,u1_0.verified,wl1_0.id,o1_0.user_id,o1_0.id,o1_0.created_at,o1_0.status,o1_0.total,n1_0.via_email,n1_0.via_push from notifications n1_0 left join users u1_0 on u1_0.id=n1_0.user_id left join shopping_cart c1_0 on u1_0.id=c1_0.user_id left join shipment s1_0 on u1_0.id=s1_0.user_id left join transaction t1_0 on u1_0.id=t1_0.user_id left join wish_list wl1_0 on u1_0.id=wl1_0.user_id left join orders o1_0 on u1_0.id=o1_0.user_id where n1_0.user_id=?
Hibernate: select n1_0.id,n1_0.new_arrivals,n1_0.offers,n1_0.order_status,u1_0.id,c1_0.id,u1_0.code_expiration,u1_0.email,u1_0.fcm_token,u1_0.password,u1_0.role,s1_0.id,s1_0.address_line1,s1_0.address_line2,s1_0.country,s1_0.first_name,s1_0.last_name,s1_0.phone_number,s1_0.postal_code,s1_0.province,s1_0.town,t1_0.id,t1_0.amount,t1_0.currency,t1_0.payment_method,t1_0.status,t1_0.transaction_date,t1_0.transaction_id,u1_0.username,u1_0.verification_code,u1_0.verified,wl1_0.id,o1_0.user_id,o1_0.id,o1_0.created_at,o1_0.status,o1_0.total,n1_0.via_email,n1_0.via_push from notifications n1_0 left join users u1_0 on u1_0.id=n1_0.user_id left join shopping_cart c1_0 on u1_0.id=c1_0.user_id left join shipment s1_0 on u1_0.id=s1_0.user_id left join transaction t1_0 on u1_0.id=t1_0.user_id left join wish_list wl1_0 on u1_0.id=wl1_0.user_id left join orders o1_0 on u1_0.id=o1_0.user_id where n1_0.user_id=?
2025-02-20T11:03:25.135+02:00 DEBUG 8868 --- [shop] [           main] org.hibernate.SQL                        : select s1_0.id,s1_0.address_line1,s1_0.address_line2,s1_0.country,s1_0.first_name,s1_0.last_name,s1_0.phone_number,s1_0.postal_code,s1_0.province,s1_0.town,u1_0.id,c1_0.id,u1_0.code_expiration,u1_0.email,u1_0.fcm_token,n1_0.id,n1_0.new_arrivals,n1_0.offers,n1_0.order_status,n1_0.via_email,n1_0.via_push,u1_0.password,u1_0.role,t1_0.id,t1_0.amount,t1_0.currency,t1_0.payment_method,t1_0.status,t1_0.transaction_date,t1_0.transaction_id,u1_0.username,u1_0.verification_code,u1_0.verified,wl1_0.id,o1_0.user_id,o1_0.id,o1_0.created_at,o1_0.status,o1_0.total from shipment s1_0 left join users u1_0 on u1_0.id=s1_0.user_id left join shopping_cart c1_0 on u1_0.id=c1_0.user_id left join notifications n1_0 on u1_0.id=n1_0.user_id left join transaction t1_0 on u1_0.id=t1_0.user_id left join wish_list wl1_0 on u1_0.id=wl1_0.user_id left join orders o1_0 on u1_0.id=o1_0.user_id where s1_0.user_id=?
Hibernate: select s1_0.id,s1_0.address_line1,s1_0.address_line2,s1_0.country,s1_0.first_name,s1_0.last_name,s1_0.phone_number,s1_0.postal_code,s1_0.province,s1_0.town,u1_0.id,c1_0.id,u1_0.code_expiration,u1_0.email,u1_0.fcm_token,n1_0.id,n1_0.new_arrivals,n1_0.offers,n1_0.order_status,n1_0.via_email,n1_0.via_push,u1_0.password,u1_0.role,t1_0.id,t1_0.amount,t1_0.currency,t1_0.payment_method,t1_0.status,t1_0.transaction_date,t1_0.transaction_id,u1_0.username,u1_0.verification_code,u1_0.verified,wl1_0.id,o1_0.user_id,o1_0.id,o1_0.created_at,o1_0.status,o1_0.total from shipment s1_0 left join users u1_0 on u1_0.id=s1_0.user_id left join shopping_cart c1_0 on u1_0.id=c1_0.user_id left join notifications n1_0 on u1_0.id=n1_0.user_id left join transaction t1_0 on u1_0.id=t1_0.user_id left join wish_list wl1_0 on u1_0.id=wl1_0.user_id left join orders o1_0 on u1_0.id=o1_0.user_id where s1_0.user_id=?
2025-02-20T11:03:25.135+02:00 DEBUG 8868 --- [shop] [           main] org.hibernate.SQL                        : select t1_0.id,t1_0.amount,t1_0.currency,t1_0.payment_method,t1_0.status,t1_0.transaction_date,t1_0.transaction_id,u1_0.id,c1_0.id,u1_0.code_expiration,u1_0.email,u1_0.fcm_token,n1_0.id,n1_0.new_arrivals,n1_0.offers,n1_0.order_status,n1_0.via_email,n1_0.via_push,u1_0.password,u1_0.role,s1_0.id,s1_0.address_line1,s1_0.address_line2,s1_0.country,s1_0.first_name,s1_0.last_name,s1_0.phone_number,s1_0.postal_code,s1_0.province,s1_0.town,u1_0.username,u1_0.verification_code,u1_0.verified,wl1_0.id,o1_0.user_id,o1_0.id,o1_0.created_at,o1_0.status,o1_0.total from transaction t1_0 left join users u1_0 on u1_0.id=t1_0.user_id left join shopping_cart c1_0 on u1_0.id=c1_0.user_id left join notifications n1_0 on u1_0.id=n1_0.user_id left join shipment s1_0 on u1_0.id=s1_0.user_id left join wish_list wl1_0 on u1_0.id=wl1_0.user_id left join orders o1_0 on u1_0.id=o1_0.user_id where t1_0.user_id=?
Hibernate: select t1_0.id,t1_0.amount,t1_0.currency,t1_0.payment_method,t1_0.status,t1_0.transaction_date,t1_0.transaction_id,u1_0.id,c1_0.id,u1_0.code_expiration,u1_0.email,u1_0.fcm_token,n1_0.id,n1_0.new_arrivals,n1_0.offers,n1_0.order_status,n1_0.via_email,n1_0.via_push,u1_0.password,u1_0.role,s1_0.id,s1_0.address_line1,s1_0.address_line2,s1_0.country,s1_0.first_name,s1_0.last_name,s1_0.phone_number,s1_0.postal_code,s1_0.province,s1_0.town,u1_0.username,u1_0.verification_code,u1_0.verified,wl1_0.id,o1_0.user_id,o1_0.id,o1_0.created_at,o1_0.status,o1_0.total from transaction t1_0 left join users u1_0 on u1_0.id=t1_0.user_id left join shopping_cart c1_0 on u1_0.id=c1_0.user_id left join notifications n1_0 on u1_0.id=n1_0.user_id left join shipment s1_0 on u1_0.id=s1_0.user_id left join wish_list wl1_0 on u1_0.id=wl1_0.user_id left join orders o1_0 on u1_0.id=o1_0.user_id where t1_0.user_id=?
2025-02-20T11:03:25.338+02:00 DEBUG 8868 --- [shop] [           main] o.s.orm.jpa.JpaTransactionManager        : Found thread-bound EntityManager [SessionImpl(560267689<open>)] for JPA transaction
2025-02-20T11:03:25.338+02:00 DEBUG 8868 --- [shop] [           main] o.s.orm.jpa.JpaTransactionManager        : Creating new transaction with name [org.springframework.data.jpa.repository.support.SimpleJpaRepository.save]: PROPAGATION_REQUIRED,ISOLATION_DEFAULT
2025-02-20T11:03:25.338+02:00 DEBUG 8868 --- [shop] [           main] o.s.orm.jpa.JpaTransactionManager        : Exposing JPA transaction as JDBC [org.springframework.orm.jpa.vendor.HibernateJpaDialect$HibernateConnectionHandle@7bfec44f]
2025-02-20T11:03:25.338+02:00 DEBUG 8868 --- [shop] [           main] o.s.orm.jpa.JpaTransactionManager        : Initiating transaction commit
2025-02-20T11:03:25.338+02:00 DEBUG 8868 --- [shop] [           main] o.s.orm.jpa.JpaTransactionManager        : Committing JPA transaction on EntityManager [SessionImpl(560267689<open>)]
2025-02-20T11:03:25.340+02:00 DEBUG 8868 --- [shop] [           main] org.hibernate.SQL                        : update users set code_expiration=?,email=?,fcm_token=?,password=?,role=?,username=?,verification_code=?,verified=? where id=?
Hibernate: update users set code_expiration=?,email=?,fcm_token=?,password=?,role=?,username=?,verification_code=?,verified=? where id=?
2025-02-20T11:03:25.341+02:00 DEBUG 8868 --- [shop] [           main] o.s.orm.jpa.JpaTransactionManager        : Not closing pre-bound JPA EntityManager after transaction
2025-02-20T11:03:25.342+02:00 DEBUG 8868 --- [shop] [           main] o.s.w.s.m.m.a.HttpEntityMethodProcessor  : Using 'text/plain', given [*/*] and supported [text/plain, */*, application/json, application/*+json]
2025-02-20T11:03:25.342+02:00 DEBUG 8868 --- [shop] [           main] o.s.w.s.m.m.a.HttpEntityMethodProcessor  : Writing ["Your password has been successfully changed!"]
2025-02-20T11:03:25.342+02:00 DEBUG 8868 --- [shop] [           main] o.j.s.OpenEntityManagerInViewInterceptor : Closing JPA EntityManager in OpenEntityManagerInViewInterceptor
2025-02-20T11:03:25.342+02:00 DEBUG 8868 --- [shop] [           main] o.s.t.web.servlet.TestDispatcherServlet  : Completed 200 OK
2025-02-20T11:03:25.343+02:00 DEBUG 8868 --- [shop] [           main] tor$SharedEntityManagerInvocationHandler : Creating new EntityManager for shared EntityManager invocation
2025-02-20T11:03:25.344+02:00 DEBUG 8868 --- [shop] [           main] org.hibernate.SQL                        : select u1_0.id,u1_0.code_expiration,u1_0.email,u1_0.fcm_token,u1_0.password,u1_0.role,u1_0.username,u1_0.verification_code,u1_0.verified from users u1_0 where u1_0.username=?
Hibernate: select u1_0.id,u1_0.code_expiration,u1_0.email,u1_0.fcm_token,u1_0.password,u1_0.role,u1_0.username,u1_0.verification_code,u1_0.verified from users u1_0 where u1_0.username=?
2025-02-20T11:03:25.346+02:00 DEBUG 8868 --- [shop] [           main] org.hibernate.SQL                        : select sc1_0.id,u1_0.id,u1_0.code_expiration,u1_0.email,u1_0.fcm_token,n1_0.id,n1_0.new_arrivals,n1_0.offers,n1_0.order_status,n1_0.via_email,n1_0.via_push,u1_0.password,u1_0.role,s1_0.id,s1_0.address_line1,s1_0.address_line2,s1_0.country,s1_0.first_name,s1_0.last_name,s1_0.phone_number,s1_0.postal_code,s1_0.province,s1_0.town,t1_0.id,t1_0.amount,t1_0.currency,t1_0.payment_method,t1_0.status,t1_0.transaction_date,t1_0.transaction_id,u1_0.username,u1_0.verification_code,u1_0.verified,wl1_0.id,o1_0.user_id,o1_0.id,o1_0.created_at,o1_0.status,o1_0.total from shopping_cart sc1_0 left join users u1_0 on u1_0.id=sc1_0.user_id left join notifications n1_0 on u1_0.id=n1_0.user_id left join shipment s1_0 on u1_0.id=s1_0.user_id left join transaction t1_0 on u1_0.id=t1_0.user_id left join wish_list wl1_0 on u1_0.id=wl1_0.user_id left join orders o1_0 on u1_0.id=o1_0.user_id where sc1_0.user_id=?
Hibernate: select sc1_0.id,u1_0.id,u1_0.code_expiration,u1_0.email,u1_0.fcm_token,n1_0.id,n1_0.new_arrivals,n1_0.offers,n1_0.order_status,n1_0.via_email,n1_0.via_push,u1_0.password,u1_0.role,s1_0.id,s1_0.address_line1,s1_0.address_line2,s1_0.country,s1_0.first_name,s1_0.last_name,s1_0.phone_number,s1_0.postal_code,s1_0.province,s1_0.town,t1_0.id,t1_0.amount,t1_0.currency,t1_0.payment_method,t1_0.status,t1_0.transaction_date,t1_0.transaction_id,u1_0.username,u1_0.verification_code,u1_0.verified,wl1_0.id,o1_0.user_id,o1_0.id,o1_0.created_at,o1_0.status,o1_0.total from shopping_cart sc1_0 left join users u1_0 on u1_0.id=sc1_0.user_id left join notifications n1_0 on u1_0.id=n1_0.user_id left join shipment s1_0 on u1_0.id=s1_0.user_id left join transaction t1_0 on u1_0.id=t1_0.user_id left join wish_list wl1_0 on u1_0.id=wl1_0.user_id left join orders o1_0 on u1_0.id=o1_0.user_id where sc1_0.user_id=?
2025-02-20T11:03:25.347+02:00 DEBUG 8868 --- [shop] [           main] org.hibernate.SQL                        : select n1_0.id,n1_0.new_arrivals,n1_0.offers,n1_0.order_status,u1_0.id,c1_0.id,u1_0.code_expiration,u1_0.email,u1_0.fcm_token,u1_0.password,u1_0.role,s1_0.id,s1_0.address_line1,s1_0.address_line2,s1_0.country,s1_0.first_name,s1_0.last_name,s1_0.phone_number,s1_0.postal_code,s1_0.province,s1_0.town,t1_0.id,t1_0.amount,t1_0.currency,t1_0.payment_method,t1_0.status,t1_0.transaction_date,t1_0.transaction_id,u1_0.username,u1_0.verification_code,u1_0.verified,wl1_0.id,o1_0.user_id,o1_0.id,o1_0.created_at,o1_0.status,o1_0.total,n1_0.via_email,n1_0.via_push from notifications n1_0 left join users u1_0 on u1_0.id=n1_0.user_id left join shopping_cart c1_0 on u1_0.id=c1_0.user_id left join shipment s1_0 on u1_0.id=s1_0.user_id left join transaction t1_0 on u1_0.id=t1_0.user_id left join wish_list wl1_0 on u1_0.id=wl1_0.user_id left join orders o1_0 on u1_0.id=o1_0.user_id where n1_0.user_id=?
Hibernate: select n1_0.id,n1_0.new_arrivals,n1_0.offers,n1_0.order_status,u1_0.id,c1_0.id,u1_0.code_expiration,u1_0.email,u1_0.fcm_token,u1_0.password,u1_0.role,s1_0.id,s1_0.address_line1,s1_0.address_line2,s1_0.country,s1_0.first_name,s1_0.last_name,s1_0.phone_number,s1_0.postal_code,s1_0.province,s1_0.town,t1_0.id,t1_0.amount,t1_0.currency,t1_0.payment_method,t1_0.status,t1_0.transaction_date,t1_0.transaction_id,u1_0.username,u1_0.verification_code,u1_0.verified,wl1_0.id,o1_0.user_id,o1_0.id,o1_0.created_at,o1_0.status,o1_0.total,n1_0.via_email,n1_0.via_push from notifications n1_0 left join users u1_0 on u1_0.id=n1_0.user_id left join shopping_cart c1_0 on u1_0.id=c1_0.user_id left join shipment s1_0 on u1_0.id=s1_0.user_id left join transaction t1_0 on u1_0.id=t1_0.user_id left join wish_list wl1_0 on u1_0.id=wl1_0.user_id left join orders o1_0 on u1_0.id=o1_0.user_id where n1_0.user_id=?
2025-02-20T11:03:25.347+02:00 DEBUG 8868 --- [shop] [           main] org.hibernate.SQL                        : select s1_0.id,s1_0.address_line1,s1_0.address_line2,s1_0.country,s1_0.first_name,s1_0.last_name,s1_0.phone_number,s1_0.postal_code,s1_0.province,s1_0.town,u1_0.id,c1_0.id,u1_0.code_expiration,u1_0.email,u1_0.fcm_token,n1_0.id,n1_0.new_arrivals,n1_0.offers,n1_0.order_status,n1_0.via_email,n1_0.via_push,u1_0.password,u1_0.role,t1_0.id,t1_0.amount,t1_0.currency,t1_0.payment_method,t1_0.status,t1_0.transaction_date,t1_0.transaction_id,u1_0.username,u1_0.verification_code,u1_0.verified,wl1_0.id,o1_0.user_id,o1_0.id,o1_0.created_at,o1_0.status,o1_0.total from shipment s1_0 left join users u1_0 on u1_0.id=s1_0.user_id left join shopping_cart c1_0 on u1_0.id=c1_0.user_id left join notifications n1_0 on u1_0.id=n1_0.user_id left join transaction t1_0 on u1_0.id=t1_0.user_id left join wish_list wl1_0 on u1_0.id=wl1_0.user_id left join orders o1_0 on u1_0.id=o1_0.user_id where s1_0.user_id=?
Hibernate: select s1_0.id,s1_0.address_line1,s1_0.address_line2,s1_0.country,s1_0.first_name,s1_0.last_name,s1_0.phone_number,s1_0.postal_code,s1_0.province,s1_0.town,u1_0.id,c1_0.id,u1_0.code_expiration,u1_0.email,u1_0.fcm_token,n1_0.id,n1_0.new_arrivals,n1_0.offers,n1_0.order_status,n1_0.via_email,n1_0.via_push,u1_0.password,u1_0.role,t1_0.id,t1_0.amount,t1_0.currency,t1_0.payment_method,t1_0.status,t1_0.transaction_date,t1_0.transaction_id,u1_0.username,u1_0.verification_code,u1_0.verified,wl1_0.id,o1_0.user_id,o1_0.id,o1_0.created_at,o1_0.status,o1_0.total from shipment s1_0 left join users u1_0 on u1_0.id=s1_0.user_id left join shopping_cart c1_0 on u1_0.id=c1_0.user_id left join notifications n1_0 on u1_0.id=n1_0.user_id left join transaction t1_0 on u1_0.id=t1_0.user_id left join wish_list wl1_0 on u1_0.id=wl1_0.user_id left join orders o1_0 on u1_0.id=o1_0.user_id where s1_0.user_id=?
2025-02-20T11:03:25.347+02:00 DEBUG 8868 --- [shop] [           main] org.hibernate.SQL                        : select t1_0.id,t1_0.amount,t1_0.currency,t1_0.payment_method,t1_0.status,t1_0.transaction_date,t1_0.transaction_id,u1_0.id,c1_0.id,u1_0.code_expiration,u1_0.email,u1_0.fcm_token,n1_0.id,n1_0.new_arrivals,n1_0.offers,n1_0.order_status,n1_0.via_email,n1_0.via_push,u1_0.password,u1_0.role,s1_0.id,s1_0.address_line1,s1_0.address_line2,s1_0.country,s1_0.first_name,s1_0.last_name,s1_0.phone_number,s1_0.postal_code,s1_0.province,s1_0.town,u1_0.username,u1_0.verification_code,u1_0.verified,wl1_0.id,o1_0.user_id,o1_0.id,o1_0.created_at,o1_0.status,o1_0.total from transaction t1_0 left join users u1_0 on u1_0.id=t1_0.user_id left join shopping_cart c1_0 on u1_0.id=c1_0.user_id left join notifications n1_0 on u1_0.id=n1_0.user_id left join shipment s1_0 on u1_0.id=s1_0.user_id left join wish_list wl1_0 on u1_0.id=wl1_0.user_id left join orders o1_0 on u1_0.id=o1_0.user_id where t1_0.user_id=?
Hibernate: select t1_0.id,t1_0.amount,t1_0.currency,t1_0.payment_method,t1_0.status,t1_0.transaction_date,t1_0.transaction_id,u1_0.id,c1_0.id,u1_0.code_expiration,u1_0.email,u1_0.fcm_token,n1_0.id,n1_0.new_arrivals,n1_0.offers,n1_0.order_status,n1_0.via_email,n1_0.via_push,u1_0.password,u1_0.role,s1_0.id,s1_0.address_line1,s1_0.address_line2,s1_0.country,s1_0.first_name,s1_0.last_name,s1_0.phone_number,s1_0.postal_code,s1_0.province,s1_0.town,u1_0.username,u1_0.verification_code,u1_0.verified,wl1_0.id,o1_0.user_id,o1_0.id,o1_0.created_at,o1_0.status,o1_0.total from transaction t1_0 left join users u1_0 on u1_0.id=t1_0.user_id left join shopping_cart c1_0 on u1_0.id=c1_0.user_id left join notifications n1_0 on u1_0.id=n1_0.user_id left join shipment s1_0 on u1_0.id=s1_0.user_id left join wish_list wl1_0 on u1_0.id=wl1_0.user_id left join orders o1_0 on u1_0.id=o1_0.user_id where t1_0.user_id=?
2025-02-20T11:03:25.474+02:00 DEBUG 8868 --- [shop] [           main] org.springframework.test.context.cache   : Spring test ApplicationContext cache statistics: [DefaultContextCache@64d19dad size = 3, maxSize = 32, parentContextCount = 0, hitCount = 230, missCount = 3, failureCount = 0]
2025-02-20T11:03:25.474+02:00 DEBUG 8868 --- [shop] [           main] org.springframework.test.context.cache   : Spring test ApplicationContext cache statistics: [DefaultContextCache@64d19dad size = 3, maxSize = 32, parentContextCount = 0, hitCount = 231, missCount = 3, failureCount = 0]
2025-02-20T11:03:25.475+02:00 DEBUG 8868 --- [shop] [           main] org.springframework.test.context.cache   : Spring test ApplicationContext cache statistics: [DefaultContextCache@64d19dad size = 3, maxSize = 32, parentContextCount = 0, hitCount = 232, missCount = 3, failureCount = 0]
2025-02-20T11:03:25.475+02:00 DEBUG 8868 --- [shop] [           main] org.springframework.test.context.cache   : Spring test ApplicationContext cache statistics: [DefaultContextCache@64d19dad size = 3, maxSize = 32, parentContextCount = 0, hitCount = 233, missCount = 3, failureCount = 0]
2025-02-20T11:03:25.475+02:00 DEBUG 8868 --- [shop] [           main] org.springframework.test.context.cache   : Spring test ApplicationContext cache statistics: [DefaultContextCache@64d19dad size = 3, maxSize = 32, parentContextCount = 0, hitCount = 234, missCount = 3, failureCount = 0]
2025-02-20T11:03:25.475+02:00 DEBUG 8868 --- [shop] [           main] org.springframework.test.context.cache   : Spring test ApplicationContext cache statistics: [DefaultContextCache@64d19dad size = 3, maxSize = 32, parentContextCount = 0, hitCount = 235, missCount = 3, failureCount = 0]
2025-02-20T11:03:25.476+02:00 DEBUG 8868 --- [shop] [           main] org.springframework.test.context.cache   : Spring test ApplicationContext cache statistics: [DefaultContextCache@64d19dad size = 3, maxSize = 32, parentContextCount = 0, hitCount = 236, missCount = 3, failureCount = 0]
2025-02-20T11:03:25.476+02:00 DEBUG 8868 --- [shop] [           main] org.springframework.test.context.cache   : Spring test ApplicationContext cache statistics: [DefaultContextCache@64d19dad size = 3, maxSize = 32, parentContextCount = 0, hitCount = 237, missCount = 3, failureCount = 0]
2025-02-20T11:03:25.476+02:00 DEBUG 8868 --- [shop] [           main] .c.s.DirtiesContextTestExecutionListener : After test method: class [SettingsControllerIntegrationTest], method [testChangePassword], class annotated with @DirtiesContext [false] with mode [null], method annotated with @DirtiesContext [false] with mode [null]
2025-02-20T11:03:25.476+02:00 DEBUG 8868 --- [shop] [           main] o.s.t.c.w.ServletTestExecutionListener   : Resetting RequestContextHolder for test class com.online.shop.SettingsControllerIntegrationTest
]]></system-out>
  </testcase>
  <testcase name="testDeleteAccount" classname="com.online.shop.SettingsControllerIntegrationTest" time="0.13">
    <system-out><![CDATA[2025-02-20T11:03:25.476+02:00 DEBUG 8868 --- [shop] [           main] org.springframework.test.context.cache   : Spring test ApplicationContext cache statistics: [DefaultContextCache@64d19dad size = 3, maxSize = 32, parentContextCount = 0, hitCount = 238, missCount = 3, failureCount = 0]
2025-02-20T11:03:25.476+02:00 DEBUG 8868 --- [shop] [           main] o.s.t.c.w.ServletTestExecutionListener   : Setting up MockHttpServletRequest, MockHttpServletResponse, ServletWebRequest, and RequestContextHolder for test class com.online.shop.SettingsControllerIntegrationTest
2025-02-20T11:03:25.477+02:00 DEBUG 8868 --- [shop] [           main] DependencyInjectionTestExecutionListener : Performing dependency injection for test class com.online.shop.SettingsControllerIntegrationTest
2025-02-20T11:03:25.477+02:00 DEBUG 8868 --- [shop] [           main] org.springframework.test.context.cache   : Spring test ApplicationContext cache statistics: [DefaultContextCache@64d19dad size = 3, maxSize = 32, parentContextCount = 0, hitCount = 239, missCount = 3, failureCount = 0]
2025-02-20T11:03:25.477+02:00 DEBUG 8868 --- [shop] [           main] org.springframework.test.context.cache   : Spring test ApplicationContext cache statistics: [DefaultContextCache@64d19dad size = 3, maxSize = 32, parentContextCount = 0, hitCount = 240, missCount = 3, failureCount = 0]
2025-02-20T11:03:25.477+02:00 DEBUG 8868 --- [shop] [           main] sContextBeforeModesTestExecutionListener : Before test method: class [SettingsControllerIntegrationTest], method [testDeleteAccount], class annotated with @DirtiesContext [false] with mode [null], method annotated with @DirtiesContext [false] with mode [null]
2025-02-20T11:03:25.477+02:00 DEBUG 8868 --- [shop] [           main] org.springframework.test.context.cache   : Spring test ApplicationContext cache statistics: [DefaultContextCache@64d19dad size = 3, maxSize = 32, parentContextCount = 0, hitCount = 241, missCount = 3, failureCount = 0]
2025-02-20T11:03:25.477+02:00 DEBUG 8868 --- [shop] [           main] org.springframework.test.context.cache   : Spring test ApplicationContext cache statistics: [DefaultContextCache@64d19dad size = 3, maxSize = 32, parentContextCount = 0, hitCount = 242, missCount = 3, failureCount = 0]
2025-02-20T11:03:25.478+02:00 DEBUG 8868 --- [shop] [           main] org.springframework.test.context.cache   : Spring test ApplicationContext cache statistics: [DefaultContextCache@64d19dad size = 3, maxSize = 32, parentContextCount = 0, hitCount = 243, missCount = 3, failureCount = 0]
2025-02-20T11:03:25.478+02:00 DEBUG 8868 --- [shop] [           main] org.springframework.test.context.cache   : Spring test ApplicationContext cache statistics: [DefaultContextCache@64d19dad size = 3, maxSize = 32, parentContextCount = 0, hitCount = 244, missCount = 3, failureCount = 0]
2025-02-20T11:03:25.478+02:00 DEBUG 8868 --- [shop] [           main] org.springframework.test.context.cache   : Spring test ApplicationContext cache statistics: [DefaultContextCache@64d19dad size = 3, maxSize = 32, parentContextCount = 0, hitCount = 245, missCount = 3, failureCount = 0]
2025-02-20T11:03:25.479+02:00 DEBUG 8868 --- [shop] [           main] o.s.orm.jpa.JpaTransactionManager        : Creating new transaction with name [org.springframework.data.jpa.repository.support.SimpleJpaRepository.deleteAll]: PROPAGATION_REQUIRED,ISOLATION_DEFAULT
2025-02-20T11:03:25.479+02:00 DEBUG 8868 --- [shop] [           main] o.s.orm.jpa.JpaTransactionManager        : Opened new EntityManager [SessionImpl(1948499659<open>)] for JPA transaction
2025-02-20T11:03:25.479+02:00 DEBUG 8868 --- [shop] [           main] o.s.orm.jpa.JpaTransactionManager        : Exposing JPA transaction as JDBC [org.springframework.orm.jpa.vendor.HibernateJpaDialect$HibernateConnectionHandle@4dafab49]
2025-02-20T11:03:25.481+02:00 DEBUG 8868 --- [shop] [           main] org.hibernate.SQL                        : select u1_0.id,u1_0.code_expiration,u1_0.email,u1_0.fcm_token,u1_0.password,u1_0.role,u1_0.username,u1_0.verification_code,u1_0.verified from users u1_0
Hibernate: select u1_0.id,u1_0.code_expiration,u1_0.email,u1_0.fcm_token,u1_0.password,u1_0.role,u1_0.username,u1_0.verification_code,u1_0.verified from users u1_0
2025-02-20T11:03:25.482+02:00 DEBUG 8868 --- [shop] [           main] org.hibernate.SQL                        : select sc1_0.id,u1_0.id,u1_0.code_expiration,u1_0.email,u1_0.fcm_token,n1_0.id,n1_0.new_arrivals,n1_0.offers,n1_0.order_status,n1_0.via_email,n1_0.via_push,u1_0.password,u1_0.role,s1_0.id,s1_0.address_line1,s1_0.address_line2,s1_0.country,s1_0.first_name,s1_0.last_name,s1_0.phone_number,s1_0.postal_code,s1_0.province,s1_0.town,t1_0.id,t1_0.amount,t1_0.currency,t1_0.payment_method,t1_0.status,t1_0.transaction_date,t1_0.transaction_id,u1_0.username,u1_0.verification_code,u1_0.verified,wl1_0.id,o1_0.user_id,o1_0.id,o1_0.created_at,o1_0.status,o1_0.total from shopping_cart sc1_0 left join users u1_0 on u1_0.id=sc1_0.user_id left join notifications n1_0 on u1_0.id=n1_0.user_id left join shipment s1_0 on u1_0.id=s1_0.user_id left join transaction t1_0 on u1_0.id=t1_0.user_id left join wish_list wl1_0 on u1_0.id=wl1_0.user_id left join orders o1_0 on u1_0.id=o1_0.user_id where sc1_0.user_id=?
Hibernate: select sc1_0.id,u1_0.id,u1_0.code_expiration,u1_0.email,u1_0.fcm_token,n1_0.id,n1_0.new_arrivals,n1_0.offers,n1_0.order_status,n1_0.via_email,n1_0.via_push,u1_0.password,u1_0.role,s1_0.id,s1_0.address_line1,s1_0.address_line2,s1_0.country,s1_0.first_name,s1_0.last_name,s1_0.phone_number,s1_0.postal_code,s1_0.province,s1_0.town,t1_0.id,t1_0.amount,t1_0.currency,t1_0.payment_method,t1_0.status,t1_0.transaction_date,t1_0.transaction_id,u1_0.username,u1_0.verification_code,u1_0.verified,wl1_0.id,o1_0.user_id,o1_0.id,o1_0.created_at,o1_0.status,o1_0.total from shopping_cart sc1_0 left join users u1_0 on u1_0.id=sc1_0.user_id left join notifications n1_0 on u1_0.id=n1_0.user_id left join shipment s1_0 on u1_0.id=s1_0.user_id left join transaction t1_0 on u1_0.id=t1_0.user_id left join wish_list wl1_0 on u1_0.id=wl1_0.user_id left join orders o1_0 on u1_0.id=o1_0.user_id where sc1_0.user_id=?
2025-02-20T11:03:25.483+02:00 DEBUG 8868 --- [shop] [           main] org.hibernate.SQL                        : select n1_0.id,n1_0.new_arrivals,n1_0.offers,n1_0.order_status,u1_0.id,c1_0.id,u1_0.code_expiration,u1_0.email,u1_0.fcm_token,u1_0.password,u1_0.role,s1_0.id,s1_0.address_line1,s1_0.address_line2,s1_0.country,s1_0.first_name,s1_0.last_name,s1_0.phone_number,s1_0.postal_code,s1_0.province,s1_0.town,t1_0.id,t1_0.amount,t1_0.currency,t1_0.payment_method,t1_0.status,t1_0.transaction_date,t1_0.transaction_id,u1_0.username,u1_0.verification_code,u1_0.verified,wl1_0.id,o1_0.user_id,o1_0.id,o1_0.created_at,o1_0.status,o1_0.total,n1_0.via_email,n1_0.via_push from notifications n1_0 left join users u1_0 on u1_0.id=n1_0.user_id left join shopping_cart c1_0 on u1_0.id=c1_0.user_id left join shipment s1_0 on u1_0.id=s1_0.user_id left join transaction t1_0 on u1_0.id=t1_0.user_id left join wish_list wl1_0 on u1_0.id=wl1_0.user_id left join orders o1_0 on u1_0.id=o1_0.user_id where n1_0.user_id=?
Hibernate: select n1_0.id,n1_0.new_arrivals,n1_0.offers,n1_0.order_status,u1_0.id,c1_0.id,u1_0.code_expiration,u1_0.email,u1_0.fcm_token,u1_0.password,u1_0.role,s1_0.id,s1_0.address_line1,s1_0.address_line2,s1_0.country,s1_0.first_name,s1_0.last_name,s1_0.phone_number,s1_0.postal_code,s1_0.province,s1_0.town,t1_0.id,t1_0.amount,t1_0.currency,t1_0.payment_method,t1_0.status,t1_0.transaction_date,t1_0.transaction_id,u1_0.username,u1_0.verification_code,u1_0.verified,wl1_0.id,o1_0.user_id,o1_0.id,o1_0.created_at,o1_0.status,o1_0.total,n1_0.via_email,n1_0.via_push from notifications n1_0 left join users u1_0 on u1_0.id=n1_0.user_id left join shopping_cart c1_0 on u1_0.id=c1_0.user_id left join shipment s1_0 on u1_0.id=s1_0.user_id left join transaction t1_0 on u1_0.id=t1_0.user_id left join wish_list wl1_0 on u1_0.id=wl1_0.user_id left join orders o1_0 on u1_0.id=o1_0.user_id where n1_0.user_id=?
2025-02-20T11:03:25.483+02:00 DEBUG 8868 --- [shop] [           main] org.hibernate.SQL                        : select s1_0.id,s1_0.address_line1,s1_0.address_line2,s1_0.country,s1_0.first_name,s1_0.last_name,s1_0.phone_number,s1_0.postal_code,s1_0.province,s1_0.town,u1_0.id,c1_0.id,u1_0.code_expiration,u1_0.email,u1_0.fcm_token,n1_0.id,n1_0.new_arrivals,n1_0.offers,n1_0.order_status,n1_0.via_email,n1_0.via_push,u1_0.password,u1_0.role,t1_0.id,t1_0.amount,t1_0.currency,t1_0.payment_method,t1_0.status,t1_0.transaction_date,t1_0.transaction_id,u1_0.username,u1_0.verification_code,u1_0.verified,wl1_0.id,o1_0.user_id,o1_0.id,o1_0.created_at,o1_0.status,o1_0.total from shipment s1_0 left join users u1_0 on u1_0.id=s1_0.user_id left join shopping_cart c1_0 on u1_0.id=c1_0.user_id left join notifications n1_0 on u1_0.id=n1_0.user_id left join transaction t1_0 on u1_0.id=t1_0.user_id left join wish_list wl1_0 on u1_0.id=wl1_0.user_id left join orders o1_0 on u1_0.id=o1_0.user_id where s1_0.user_id=?
Hibernate: select s1_0.id,s1_0.address_line1,s1_0.address_line2,s1_0.country,s1_0.first_name,s1_0.last_name,s1_0.phone_number,s1_0.postal_code,s1_0.province,s1_0.town,u1_0.id,c1_0.id,u1_0.code_expiration,u1_0.email,u1_0.fcm_token,n1_0.id,n1_0.new_arrivals,n1_0.offers,n1_0.order_status,n1_0.via_email,n1_0.via_push,u1_0.password,u1_0.role,t1_0.id,t1_0.amount,t1_0.currency,t1_0.payment_method,t1_0.status,t1_0.transaction_date,t1_0.transaction_id,u1_0.username,u1_0.verification_code,u1_0.verified,wl1_0.id,o1_0.user_id,o1_0.id,o1_0.created_at,o1_0.status,o1_0.total from shipment s1_0 left join users u1_0 on u1_0.id=s1_0.user_id left join shopping_cart c1_0 on u1_0.id=c1_0.user_id left join notifications n1_0 on u1_0.id=n1_0.user_id left join transaction t1_0 on u1_0.id=t1_0.user_id left join wish_list wl1_0 on u1_0.id=wl1_0.user_id left join orders o1_0 on u1_0.id=o1_0.user_id where s1_0.user_id=?
2025-02-20T11:03:25.484+02:00 DEBUG 8868 --- [shop] [           main] org.hibernate.SQL                        : select t1_0.id,t1_0.amount,t1_0.currency,t1_0.payment_method,t1_0.status,t1_0.transaction_date,t1_0.transaction_id,u1_0.id,c1_0.id,u1_0.code_expiration,u1_0.email,u1_0.fcm_token,n1_0.id,n1_0.new_arrivals,n1_0.offers,n1_0.order_status,n1_0.via_email,n1_0.via_push,u1_0.password,u1_0.role,s1_0.id,s1_0.address_line1,s1_0.address_line2,s1_0.country,s1_0.first_name,s1_0.last_name,s1_0.phone_number,s1_0.postal_code,s1_0.province,s1_0.town,u1_0.username,u1_0.verification_code,u1_0.verified,wl1_0.id,o1_0.user_id,o1_0.id,o1_0.created_at,o1_0.status,o1_0.total from transaction t1_0 left join users u1_0 on u1_0.id=t1_0.user_id left join shopping_cart c1_0 on u1_0.id=c1_0.user_id left join notifications n1_0 on u1_0.id=n1_0.user_id left join shipment s1_0 on u1_0.id=s1_0.user_id left join wish_list wl1_0 on u1_0.id=wl1_0.user_id left join orders o1_0 on u1_0.id=o1_0.user_id where t1_0.user_id=?
Hibernate: select t1_0.id,t1_0.amount,t1_0.currency,t1_0.payment_method,t1_0.status,t1_0.transaction_date,t1_0.transaction_id,u1_0.id,c1_0.id,u1_0.code_expiration,u1_0.email,u1_0.fcm_token,n1_0.id,n1_0.new_arrivals,n1_0.offers,n1_0.order_status,n1_0.via_email,n1_0.via_push,u1_0.password,u1_0.role,s1_0.id,s1_0.address_line1,s1_0.address_line2,s1_0.country,s1_0.first_name,s1_0.last_name,s1_0.phone_number,s1_0.postal_code,s1_0.province,s1_0.town,u1_0.username,u1_0.verification_code,u1_0.verified,wl1_0.id,o1_0.user_id,o1_0.id,o1_0.created_at,o1_0.status,o1_0.total from transaction t1_0 left join users u1_0 on u1_0.id=t1_0.user_id left join shopping_cart c1_0 on u1_0.id=c1_0.user_id left join notifications n1_0 on u1_0.id=n1_0.user_id left join shipment s1_0 on u1_0.id=s1_0.user_id left join wish_list wl1_0 on u1_0.id=wl1_0.user_id left join orders o1_0 on u1_0.id=o1_0.user_id where t1_0.user_id=?
2025-02-20T11:03:25.484+02:00 DEBUG 8868 --- [shop] [           main] org.hibernate.SQL                        : select i1_0.cart_id,i1_0.id,p1_0.id,c2_0.id,c2_0.name,p1_0.created_at,p1_0.description,p1_0.discount,p1_0.name,p1_0.price,p1_0.rating,p1_0.sales,p1_0.stock,i1_0.quantity from cart_item i1_0 left join product p1_0 on p1_0.id=i1_0.product_id left join category c2_0 on c2_0.id=p1_0.category_id where i1_0.cart_id=?
Hibernate: select i1_0.cart_id,i1_0.id,p1_0.id,c2_0.id,c2_0.name,p1_0.created_at,p1_0.description,p1_0.discount,p1_0.name,p1_0.price,p1_0.rating,p1_0.sales,p1_0.stock,i1_0.quantity from cart_item i1_0 left join product p1_0 on p1_0.id=i1_0.product_id left join category c2_0 on c2_0.id=p1_0.category_id where i1_0.cart_id=?
2025-02-20T11:03:25.486+02:00 DEBUG 8868 --- [shop] [           main] org.hibernate.SQL                        : select r1_0.user_id,r1_0.id,r1_0.created_at,r1_0.posted_by,p1_0.id,c1_0.id,c1_0.name,p1_0.created_at,p1_0.description,p1_0.discount,p1_0.name,p1_0.price,p1_0.rating,p1_0.sales,p1_0.stock,r1_0.rating,r1_0.text from review r1_0 left join product p1_0 on p1_0.id=r1_0.product_id left join category c1_0 on c1_0.id=p1_0.category_id where r1_0.user_id=?
Hibernate: select r1_0.user_id,r1_0.id,r1_0.created_at,r1_0.posted_by,p1_0.id,c1_0.id,c1_0.name,p1_0.created_at,p1_0.description,p1_0.discount,p1_0.name,p1_0.price,p1_0.rating,p1_0.sales,p1_0.stock,r1_0.rating,r1_0.text from review r1_0 left join product p1_0 on p1_0.id=r1_0.product_id left join category c1_0 on c1_0.id=p1_0.category_id where r1_0.user_id=?
2025-02-20T11:03:25.486+02:00 DEBUG 8868 --- [shop] [           main] o.s.orm.jpa.JpaTransactionManager        : Initiating transaction commit
2025-02-20T11:03:25.486+02:00 DEBUG 8868 --- [shop] [           main] o.s.orm.jpa.JpaTransactionManager        : Committing JPA transaction on EntityManager [SessionImpl(1948499659<open>)]
2025-02-20T11:03:25.487+02:00 DEBUG 8868 --- [shop] [           main] org.hibernate.SQL                        : delete from wish_list_products where wish_list_id=?
Hibernate: delete from wish_list_products where wish_list_id=?
2025-02-20T11:03:25.487+02:00 DEBUG 8868 --- [shop] [           main] org.hibernate.SQL                        : delete from users_order_history where user_id=?
Hibernate: delete from users_order_history where user_id=?
2025-02-20T11:03:25.488+02:00 DEBUG 8868 --- [shop] [           main] org.hibernate.SQL                        : delete from shopping_cart where id=?
Hibernate: delete from shopping_cart where id=?
2025-02-20T11:03:25.488+02:00 DEBUG 8868 --- [shop] [           main] org.hibernate.SQL                        : delete from wish_list where id=?
Hibernate: delete from wish_list where id=?
2025-02-20T11:03:25.488+02:00 DEBUG 8868 --- [shop] [           main] org.hibernate.SQL                        : delete from users where id=?
Hibernate: delete from users where id=?
2025-02-20T11:03:25.490+02:00 DEBUG 8868 --- [shop] [           main] o.s.orm.jpa.JpaTransactionManager        : Closing JPA EntityManager [SessionImpl(1948499659<open>)] after transaction
2025-02-20T11:03:25.582+02:00 DEBUG 8868 --- [shop] [           main] o.s.orm.jpa.JpaTransactionManager        : Creating new transaction with name [org.springframework.data.jpa.repository.support.SimpleJpaRepository.save]: PROPAGATION_REQUIRED,ISOLATION_DEFAULT
2025-02-20T11:03:25.583+02:00 DEBUG 8868 --- [shop] [           main] o.s.orm.jpa.JpaTransactionManager        : Opened new EntityManager [SessionImpl(699697577<open>)] for JPA transaction
2025-02-20T11:03:25.583+02:00 DEBUG 8868 --- [shop] [           main] o.s.orm.jpa.JpaTransactionManager        : Exposing JPA transaction as JDBC [org.springframework.orm.jpa.vendor.HibernateJpaDialect$HibernateConnectionHandle@79bc0ceb]
2025-02-20T11:03:25.583+02:00 DEBUG 8868 --- [shop] [           main] org.hibernate.SQL                        : insert into users (code_expiration,email,fcm_token,password,role,username,verification_code,verified,id) values (?,?,?,?,?,?,?,?,?)
Hibernate: insert into users (code_expiration,email,fcm_token,password,role,username,verification_code,verified,id) values (?,?,?,?,?,?,?,?,?)
2025-02-20T11:03:25.584+02:00 DEBUG 8868 --- [shop] [           main] org.hibernate.SQL                        : insert into shopping_cart (user_id,id) values (?,?)
Hibernate: insert into shopping_cart (user_id,id) values (?,?)
2025-02-20T11:03:25.584+02:00 DEBUG 8868 --- [shop] [           main] org.hibernate.SQL                        : insert into notifications (new_arrivals,offers,order_status,user_id,via_email,via_push,id) values (?,?,?,?,?,?,default)
Hibernate: insert into notifications (new_arrivals,offers,order_status,user_id,via_email,via_push,id) values (?,?,?,?,?,?,default)
2025-02-20T11:03:25.585+02:00 DEBUG 8868 --- [shop] [           main] o.s.orm.jpa.JpaTransactionManager        : Initiating transaction commit
2025-02-20T11:03:25.585+02:00 DEBUG 8868 --- [shop] [           main] o.s.orm.jpa.JpaTransactionManager        : Committing JPA transaction on EntityManager [SessionImpl(699697577<open>)]
2025-02-20T11:03:25.586+02:00 DEBUG 8868 --- [shop] [           main] org.hibernate.SQL                        : insert into wish_list (user_id,id) values (?,?)
Hibernate: insert into wish_list (user_id,id) values (?,?)
2025-02-20T11:03:25.586+02:00 DEBUG 8868 --- [shop] [           main] o.s.orm.jpa.JpaTransactionManager        : Closing JPA EntityManager [SessionImpl(699697577<open>)] after transaction
2025-02-20T11:03:25.587+02:00 DEBUG 8868 --- [shop] [           main] org.springframework.test.context.cache   : Spring test ApplicationContext cache statistics: [DefaultContextCache@64d19dad size = 3, maxSize = 32, parentContextCount = 0, hitCount = 246, missCount = 3, failureCount = 0]
2025-02-20T11:03:25.587+02:00 DEBUG 8868 --- [shop] [           main] o.s.test.util.ReflectionTestUtils        : Invoking method 'getFilters' on target object [FilterChainProxy[Filter Chains: null]] or target class [null] with arguments {org.springframework.mock.web.MockHttpServletRequest@360b1105}
2025-02-20T11:03:25.587+02:00 DEBUG 8868 --- [shop] [           main] o.s.test.util.ReflectionTestUtils        : Invoking method 'getFilters' on target object [FilterChainProxy[Filter Chains: null]] or target class [null] with arguments {org.springframework.mock.web.MockHttpServletRequest@360b1105}
2025-02-20T11:03:25.587+02:00 DEBUG 8868 --- [shop] [           main] o.s.test.util.ReflectionTestUtils        : Getting field 'securityContextRepository' from target object [org.springframework.security.web.context.SecurityContextHolderFilter@5dd7f921] or target class [class org.springframework.security.web.context.SecurityContextHolderFilter]
2025-02-20T11:03:25.587+02:00 DEBUG 8868 --- [shop] [           main] w.c.HttpSessionSecurityContextRepository : Created HttpSession as SecurityContext is non-default
2025-02-20T11:03:25.587+02:00 DEBUG 8868 --- [shop] [           main] w.c.HttpSessionSecurityContextRepository : Stored SecurityContextImpl [Authentication=UsernamePasswordAuthenticationToken [Principal=org.springframework.security.core.userdetails.User [Username=user, Password=[PROTECTED], Enabled=true, AccountNonExpired=true, CredentialsNonExpired=true, AccountNonLocked=true, Granted Authorities=[ROLE_USER]], Credentials=[PROTECTED], Authenticated=true, Details=null, Granted Authorities=[ROLE_USER]]] to HttpSession [org.springframework.mock.web.MockHttpSession@617f42cc]
2025-02-20T11:03:25.588+02:00 DEBUG 8868 --- [shop] [           main] o.s.security.web.FilterChainProxy        : Securing DELETE /user/settings/deleteAccount
2025-02-20T11:03:25.588+02:00 DEBUG 8868 --- [shop] [           main] w.c.HttpSessionSecurityContextRepository : Retrieved SecurityContextImpl [Authentication=UsernamePasswordAuthenticationToken [Principal=org.springframework.security.core.userdetails.User [Username=user, Password=[PROTECTED], Enabled=true, AccountNonExpired=true, CredentialsNonExpired=true, AccountNonLocked=true, Granted Authorities=[ROLE_USER]], Credentials=[PROTECTED], Authenticated=true, Details=null, Granted Authorities=[ROLE_USER]]]
2025-02-20T11:03:25.588+02:00 DEBUG 8868 --- [shop] [           main] o.s.security.web.FilterChainProxy        : Secured DELETE /user/settings/deleteAccount
2025-02-20T11:03:25.588+02:00 DEBUG 8868 --- [shop] [           main] o.s.t.web.servlet.TestDispatcherServlet  : DELETE "/user/settings/deleteAccount", parameters={}
2025-02-20T11:03:25.588+02:00 DEBUG 8868 --- [shop] [           main] s.w.s.m.m.a.RequestMappingHandlerMapping : Mapped to com.online.shop.controllers.SettingsController#deleteAccount(Principal)
2025-02-20T11:03:25.588+02:00 DEBUG 8868 --- [shop] [           main] o.j.s.OpenEntityManagerInViewInterceptor : Opening JPA EntityManager in OpenEntityManagerInViewInterceptor
2025-02-20T11:03:25.590+02:00 DEBUG 8868 --- [shop] [           main] org.hibernate.SQL                        : select u1_0.id,u1_0.code_expiration,u1_0.email,u1_0.fcm_token,u1_0.password,u1_0.role,u1_0.username,u1_0.verification_code,u1_0.verified from users u1_0 where u1_0.username=?
Hibernate: select u1_0.id,u1_0.code_expiration,u1_0.email,u1_0.fcm_token,u1_0.password,u1_0.role,u1_0.username,u1_0.verification_code,u1_0.verified from users u1_0 where u1_0.username=?
2025-02-20T11:03:25.591+02:00 DEBUG 8868 --- [shop] [           main] org.hibernate.SQL                        : select sc1_0.id,u1_0.id,u1_0.code_expiration,u1_0.email,u1_0.fcm_token,n1_0.id,n1_0.new_arrivals,n1_0.offers,n1_0.order_status,n1_0.via_email,n1_0.via_push,u1_0.password,u1_0.role,s1_0.id,s1_0.address_line1,s1_0.address_line2,s1_0.country,s1_0.first_name,s1_0.last_name,s1_0.phone_number,s1_0.postal_code,s1_0.province,s1_0.town,t1_0.id,t1_0.amount,t1_0.currency,t1_0.payment_method,t1_0.status,t1_0.transaction_date,t1_0.transaction_id,u1_0.username,u1_0.verification_code,u1_0.verified,wl1_0.id,o1_0.user_id,o1_0.id,o1_0.created_at,o1_0.status,o1_0.total from shopping_cart sc1_0 left join users u1_0 on u1_0.id=sc1_0.user_id left join notifications n1_0 on u1_0.id=n1_0.user_id left join shipment s1_0 on u1_0.id=s1_0.user_id left join transaction t1_0 on u1_0.id=t1_0.user_id left join wish_list wl1_0 on u1_0.id=wl1_0.user_id left join orders o1_0 on u1_0.id=o1_0.user_id where sc1_0.user_id=?
Hibernate: select sc1_0.id,u1_0.id,u1_0.code_expiration,u1_0.email,u1_0.fcm_token,n1_0.id,n1_0.new_arrivals,n1_0.offers,n1_0.order_status,n1_0.via_email,n1_0.via_push,u1_0.password,u1_0.role,s1_0.id,s1_0.address_line1,s1_0.address_line2,s1_0.country,s1_0.first_name,s1_0.last_name,s1_0.phone_number,s1_0.postal_code,s1_0.province,s1_0.town,t1_0.id,t1_0.amount,t1_0.currency,t1_0.payment_method,t1_0.status,t1_0.transaction_date,t1_0.transaction_id,u1_0.username,u1_0.verification_code,u1_0.verified,wl1_0.id,o1_0.user_id,o1_0.id,o1_0.created_at,o1_0.status,o1_0.total from shopping_cart sc1_0 left join users u1_0 on u1_0.id=sc1_0.user_id left join notifications n1_0 on u1_0.id=n1_0.user_id left join shipment s1_0 on u1_0.id=s1_0.user_id left join transaction t1_0 on u1_0.id=t1_0.user_id left join wish_list wl1_0 on u1_0.id=wl1_0.user_id left join orders o1_0 on u1_0.id=o1_0.user_id where sc1_0.user_id=?
2025-02-20T11:03:25.592+02:00 DEBUG 8868 --- [shop] [           main] org.hibernate.SQL                        : select n1_0.id,n1_0.new_arrivals,n1_0.offers,n1_0.order_status,u1_0.id,c1_0.id,u1_0.code_expiration,u1_0.email,u1_0.fcm_token,u1_0.password,u1_0.role,s1_0.id,s1_0.address_line1,s1_0.address_line2,s1_0.country,s1_0.first_name,s1_0.last_name,s1_0.phone_number,s1_0.postal_code,s1_0.province,s1_0.town,t1_0.id,t1_0.amount,t1_0.currency,t1_0.payment_method,t1_0.status,t1_0.transaction_date,t1_0.transaction_id,u1_0.username,u1_0.verification_code,u1_0.verified,wl1_0.id,o1_0.user_id,o1_0.id,o1_0.created_at,o1_0.status,o1_0.total,n1_0.via_email,n1_0.via_push from notifications n1_0 left join users u1_0 on u1_0.id=n1_0.user_id left join shopping_cart c1_0 on u1_0.id=c1_0.user_id left join shipment s1_0 on u1_0.id=s1_0.user_id left join transaction t1_0 on u1_0.id=t1_0.user_id left join wish_list wl1_0 on u1_0.id=wl1_0.user_id left join orders o1_0 on u1_0.id=o1_0.user_id where n1_0.user_id=?
Hibernate: select n1_0.id,n1_0.new_arrivals,n1_0.offers,n1_0.order_status,u1_0.id,c1_0.id,u1_0.code_expiration,u1_0.email,u1_0.fcm_token,u1_0.password,u1_0.role,s1_0.id,s1_0.address_line1,s1_0.address_line2,s1_0.country,s1_0.first_name,s1_0.last_name,s1_0.phone_number,s1_0.postal_code,s1_0.province,s1_0.town,t1_0.id,t1_0.amount,t1_0.currency,t1_0.payment_method,t1_0.status,t1_0.transaction_date,t1_0.transaction_id,u1_0.username,u1_0.verification_code,u1_0.verified,wl1_0.id,o1_0.user_id,o1_0.id,o1_0.created_at,o1_0.status,o1_0.total,n1_0.via_email,n1_0.via_push from notifications n1_0 left join users u1_0 on u1_0.id=n1_0.user_id left join shopping_cart c1_0 on u1_0.id=c1_0.user_id left join shipment s1_0 on u1_0.id=s1_0.user_id left join transaction t1_0 on u1_0.id=t1_0.user_id left join wish_list wl1_0 on u1_0.id=wl1_0.user_id left join orders o1_0 on u1_0.id=o1_0.user_id where n1_0.user_id=?
2025-02-20T11:03:25.594+02:00 DEBUG 8868 --- [shop] [           main] org.hibernate.SQL                        : select s1_0.id,s1_0.address_line1,s1_0.address_line2,s1_0.country,s1_0.first_name,s1_0.last_name,s1_0.phone_number,s1_0.postal_code,s1_0.province,s1_0.town,u1_0.id,c1_0.id,u1_0.code_expiration,u1_0.email,u1_0.fcm_token,n1_0.id,n1_0.new_arrivals,n1_0.offers,n1_0.order_status,n1_0.via_email,n1_0.via_push,u1_0.password,u1_0.role,t1_0.id,t1_0.amount,t1_0.currency,t1_0.payment_method,t1_0.status,t1_0.transaction_date,t1_0.transaction_id,u1_0.username,u1_0.verification_code,u1_0.verified,wl1_0.id,o1_0.user_id,o1_0.id,o1_0.created_at,o1_0.status,o1_0.total from shipment s1_0 left join users u1_0 on u1_0.id=s1_0.user_id left join shopping_cart c1_0 on u1_0.id=c1_0.user_id left join notifications n1_0 on u1_0.id=n1_0.user_id left join transaction t1_0 on u1_0.id=t1_0.user_id left join wish_list wl1_0 on u1_0.id=wl1_0.user_id left join orders o1_0 on u1_0.id=o1_0.user_id where s1_0.user_id=?
Hibernate: select s1_0.id,s1_0.address_line1,s1_0.address_line2,s1_0.country,s1_0.first_name,s1_0.last_name,s1_0.phone_number,s1_0.postal_code,s1_0.province,s1_0.town,u1_0.id,c1_0.id,u1_0.code_expiration,u1_0.email,u1_0.fcm_token,n1_0.id,n1_0.new_arrivals,n1_0.offers,n1_0.order_status,n1_0.via_email,n1_0.via_push,u1_0.password,u1_0.role,t1_0.id,t1_0.amount,t1_0.currency,t1_0.payment_method,t1_0.status,t1_0.transaction_date,t1_0.transaction_id,u1_0.username,u1_0.verification_code,u1_0.verified,wl1_0.id,o1_0.user_id,o1_0.id,o1_0.created_at,o1_0.status,o1_0.total from shipment s1_0 left join users u1_0 on u1_0.id=s1_0.user_id left join shopping_cart c1_0 on u1_0.id=c1_0.user_id left join notifications n1_0 on u1_0.id=n1_0.user_id left join transaction t1_0 on u1_0.id=t1_0.user_id left join wish_list wl1_0 on u1_0.id=wl1_0.user_id left join orders o1_0 on u1_0.id=o1_0.user_id where s1_0.user_id=?
2025-02-20T11:03:25.594+02:00 DEBUG 8868 --- [shop] [           main] org.hibernate.SQL                        : select t1_0.id,t1_0.amount,t1_0.currency,t1_0.payment_method,t1_0.status,t1_0.transaction_date,t1_0.transaction_id,u1_0.id,c1_0.id,u1_0.code_expiration,u1_0.email,u1_0.fcm_token,n1_0.id,n1_0.new_arrivals,n1_0.offers,n1_0.order_status,n1_0.via_email,n1_0.via_push,u1_0.password,u1_0.role,s1_0.id,s1_0.address_line1,s1_0.address_line2,s1_0.country,s1_0.first_name,s1_0.last_name,s1_0.phone_number,s1_0.postal_code,s1_0.province,s1_0.town,u1_0.username,u1_0.verification_code,u1_0.verified,wl1_0.id,o1_0.user_id,o1_0.id,o1_0.created_at,o1_0.status,o1_0.total from transaction t1_0 left join users u1_0 on u1_0.id=t1_0.user_id left join shopping_cart c1_0 on u1_0.id=c1_0.user_id left join notifications n1_0 on u1_0.id=n1_0.user_id left join shipment s1_0 on u1_0.id=s1_0.user_id left join wish_list wl1_0 on u1_0.id=wl1_0.user_id left join orders o1_0 on u1_0.id=o1_0.user_id where t1_0.user_id=?
Hibernate: select t1_0.id,t1_0.amount,t1_0.currency,t1_0.payment_method,t1_0.status,t1_0.transaction_date,t1_0.transaction_id,u1_0.id,c1_0.id,u1_0.code_expiration,u1_0.email,u1_0.fcm_token,n1_0.id,n1_0.new_arrivals,n1_0.offers,n1_0.order_status,n1_0.via_email,n1_0.via_push,u1_0.password,u1_0.role,s1_0.id,s1_0.address_line1,s1_0.address_line2,s1_0.country,s1_0.first_name,s1_0.last_name,s1_0.phone_number,s1_0.postal_code,s1_0.province,s1_0.town,u1_0.username,u1_0.verification_code,u1_0.verified,wl1_0.id,o1_0.user_id,o1_0.id,o1_0.created_at,o1_0.status,o1_0.total from transaction t1_0 left join users u1_0 on u1_0.id=t1_0.user_id left join shopping_cart c1_0 on u1_0.id=c1_0.user_id left join notifications n1_0 on u1_0.id=n1_0.user_id left join shipment s1_0 on u1_0.id=s1_0.user_id left join wish_list wl1_0 on u1_0.id=wl1_0.user_id left join orders o1_0 on u1_0.id=o1_0.user_id where t1_0.user_id=?
2025-02-20T11:03:25.596+02:00 DEBUG 8868 --- [shop] [           main] o.s.orm.jpa.JpaTransactionManager        : Found thread-bound EntityManager [SessionImpl(1392907138<open>)] for JPA transaction
2025-02-20T11:03:25.596+02:00 DEBUG 8868 --- [shop] [           main] o.s.orm.jpa.JpaTransactionManager        : Creating new transaction with name [org.springframework.data.jpa.repository.support.SimpleJpaRepository.delete]: PROPAGATION_REQUIRED,ISOLATION_DEFAULT
2025-02-20T11:03:25.596+02:00 DEBUG 8868 --- [shop] [           main] o.s.orm.jpa.JpaTransactionManager        : Exposing JPA transaction as JDBC [org.springframework.orm.jpa.vendor.HibernateJpaDialect$HibernateConnectionHandle@d06d1f5]
2025-02-20T11:03:25.596+02:00 DEBUG 8868 --- [shop] [           main] org.hibernate.SQL                        : select i1_0.cart_id,i1_0.id,p1_0.id,c2_0.id,c2_0.name,p1_0.created_at,p1_0.description,p1_0.discount,p1_0.name,p1_0.price,p1_0.rating,p1_0.sales,p1_0.stock,i1_0.quantity from cart_item i1_0 left join product p1_0 on p1_0.id=i1_0.product_id left join category c2_0 on c2_0.id=p1_0.category_id where i1_0.cart_id=?
Hibernate: select i1_0.cart_id,i1_0.id,p1_0.id,c2_0.id,c2_0.name,p1_0.created_at,p1_0.description,p1_0.discount,p1_0.name,p1_0.price,p1_0.rating,p1_0.sales,p1_0.stock,i1_0.quantity from cart_item i1_0 left join product p1_0 on p1_0.id=i1_0.product_id left join category c2_0 on c2_0.id=p1_0.category_id where i1_0.cart_id=?
2025-02-20T11:03:25.597+02:00 DEBUG 8868 --- [shop] [           main] org.hibernate.SQL                        : select r1_0.user_id,r1_0.id,r1_0.created_at,r1_0.posted_by,p1_0.id,c1_0.id,c1_0.name,p1_0.created_at,p1_0.description,p1_0.discount,p1_0.name,p1_0.price,p1_0.rating,p1_0.sales,p1_0.stock,r1_0.rating,r1_0.text from review r1_0 left join product p1_0 on p1_0.id=r1_0.product_id left join category c1_0 on c1_0.id=p1_0.category_id where r1_0.user_id=?
Hibernate: select r1_0.user_id,r1_0.id,r1_0.created_at,r1_0.posted_by,p1_0.id,c1_0.id,c1_0.name,p1_0.created_at,p1_0.description,p1_0.discount,p1_0.name,p1_0.price,p1_0.rating,p1_0.sales,p1_0.stock,r1_0.rating,r1_0.text from review r1_0 left join product p1_0 on p1_0.id=r1_0.product_id left join category c1_0 on c1_0.id=p1_0.category_id where r1_0.user_id=?
2025-02-20T11:03:25.598+02:00 DEBUG 8868 --- [shop] [           main] o.s.orm.jpa.JpaTransactionManager        : Initiating transaction commit
2025-02-20T11:03:25.598+02:00 DEBUG 8868 --- [shop] [           main] o.s.orm.jpa.JpaTransactionManager        : Committing JPA transaction on EntityManager [SessionImpl(1392907138<open>)]
2025-02-20T11:03:25.598+02:00 DEBUG 8868 --- [shop] [           main] org.hibernate.SQL                        : delete from wish_list_products where wish_list_id=?
Hibernate: delete from wish_list_products where wish_list_id=?
[...]
Hibernate: select n1_0.id,n1_0.new_arrivals,n1_0.offers,n1_0.order_status,u1_0.id,c1_0.id,u1_0.code_expiration,u1_0.email,u1_0.fcm_token,u1_0.password,u1_0.role,s1_0.id,s1_0.address_line1,s1_0.address_line2,s1_0.country,s1_0.first_name,s1_0.last_name,s1_0.phone_number,s1_0.postal_code,s1_0.province,s1_0.town,t1_0.id,t1_0.amount,t1_0.currency,t1_0.payment_method,t1_0.status,t1_0.transaction_date,t1_0.transaction_id,u1_0.username,u1_0.verification_code,u1_0.verified,wl1_0.id,o1_0.user_id,o1_0.id,o1_0.created_at,o1_0.status,o1_0.total,n1_0.via_email,n1_0.via_push from notifications n1_0 left join users u1_0 on u1_0.id=n1_0.user_id left join shopping_cart c1_0 on u1_0.id=c1_0.user_id left join shipment s1_0 on u1_0.id=s1_0.user_id left join transaction t1_0 on u1_0.id=t1_0.user_id left join wish_list wl1_0 on u1_0.id=wl1_0.user_id left join orders o1_0 on u1_0.id=o1_0.user_id where n1_0.user_id=?
2025-02-20T11:03:25.733+02:00 DEBUG 8868 --- [shop] [           main] org.hibernate.SQL                        : select s1_0.id,s1_0.address_line1,s1_0.address_line2,s1_0.country,s1_0.first_name,s1_0.last_name,s1_0.phone_number,s1_0.postal_code,s1_0.province,s1_0.town,u1_0.id,c1_0.id,u1_0.code_expiration,u1_0.email,u1_0.fcm_token,n1_0.id,n1_0.new_arrivals,n1_0.offers,n1_0.order_status,n1_0.via_email,n1_0.via_push,u1_0.password,u1_0.role,t1_0.id,t1_0.amount,t1_0.currency,t1_0.payment_method,t1_0.status,t1_0.transaction_date,t1_0.transaction_id,u1_0.username,u1_0.verification_code,u1_0.verified,wl1_0.id,o1_0.user_id,o1_0.id,o1_0.created_at,o1_0.status,o1_0.total from shipment s1_0 left join users u1_0 on u1_0.id=s1_0.user_id left join shopping_cart c1_0 on u1_0.id=c1_0.user_id left join notifications n1_0 on u1_0.id=n1_0.user_id left join transaction t1_0 on u1_0.id=t1_0.user_id left join wish_list wl1_0 on u1_0.id=wl1_0.user_id left join orders o1_0 on u1_0.id=o1_0.user_id where s1_0.user_id=?
Hibernate: select s1_0.id,s1_0.address_line1,s1_0.address_line2,s1_0.country,s1_0.first_name,s1_0.last_name,s1_0.phone_number,s1_0.postal_code,s1_0.province,s1_0.town,u1_0.id,c1_0.id,u1_0.code_expiration,u1_0.email,u1_0.fcm_token,n1_0.id,n1_0.new_arrivals,n1_0.offers,n1_0.order_status,n1_0.via_email,n1_0.via_push,u1_0.password,u1_0.role,t1_0.id,t1_0.amount,t1_0.currency,t1_0.payment_method,t1_0.status,t1_0.transaction_date,t1_0.transaction_id,u1_0.username,u1_0.verification_code,u1_0.verified,wl1_0.id,o1_0.user_id,o1_0.id,o1_0.created_at,o1_0.status,o1_0.total from shipment s1_0 left join users u1_0 on u1_0.id=s1_0.user_id left join shopping_cart c1_0 on u1_0.id=c1_0.user_id left join notifications n1_0 on u1_0.id=n1_0.user_id left join transaction t1_0 on u1_0.id=t1_0.user_id left join wish_list wl1_0 on u1_0.id=wl1_0.user_id left join orders o1_0 on u1_0.id=o1_0.user_id where s1_0.user_id=?
2025-02-20T11:03:25.733+02:00 DEBUG 8868 --- [shop] [           main] org.hibernate.SQL                        : select t1_0.id,t1_0.amount,t1_0.currency,t1_0.payment_method,t1_0.status,t1_0.transaction_date,t1_0.transaction_id,u1_0.id,c1_0.id,u1_0.code_expiration,u1_0.email,u1_0.fcm_token,n1_0.id,n1_0.new_arrivals,n1_0.offers,n1_0.order_status,n1_0.via_email,n1_0.via_push,u1_0.password,u1_0.role,s1_0.id,s1_0.address_line1,s1_0.address_line2,s1_0.country,s1_0.first_name,s1_0.last_name,s1_0.phone_number,s1_0.postal_code,s1_0.province,s1_0.town,u1_0.username,u1_0.verification_code,u1_0.verified,wl1_0.id,o1_0.user_id,o1_0.id,o1_0.created_at,o1_0.status,o1_0.total from transaction t1_0 left join users u1_0 on u1_0.id=t1_0.user_id left join shopping_cart c1_0 on u1_0.id=c1_0.user_id left join notifications n1_0 on u1_0.id=n1_0.user_id left join shipment s1_0 on u1_0.id=s1_0.user_id left join wish_list wl1_0 on u1_0.id=wl1_0.user_id left join orders o1_0 on u1_0.id=o1_0.user_id where t1_0.user_id=?
Hibernate: select t1_0.id,t1_0.amount,t1_0.currency,t1_0.payment_method,t1_0.status,t1_0.transaction_date,t1_0.transaction_id,u1_0.id,c1_0.id,u1_0.code_expiration,u1_0.email,u1_0.fcm_token,n1_0.id,n1_0.new_arrivals,n1_0.offers,n1_0.order_status,n1_0.via_email,n1_0.via_push,u1_0.password,u1_0.role,s1_0.id,s1_0.address_line1,s1_0.address_line2,s1_0.country,s1_0.first_name,s1_0.last_name,s1_0.phone_number,s1_0.postal_code,s1_0.province,s1_0.town,u1_0.username,u1_0.verification_code,u1_0.verified,wl1_0.id,o1_0.user_id,o1_0.id,o1_0.created_at,o1_0.status,o1_0.total from transaction t1_0 left join users u1_0 on u1_0.id=t1_0.user_id left join shopping_cart c1_0 on u1_0.id=c1_0.user_id left join notifications n1_0 on u1_0.id=n1_0.user_id left join shipment s1_0 on u1_0.id=s1_0.user_id left join wish_list wl1_0 on u1_0.id=wl1_0.user_id left join orders o1_0 on u1_0.id=o1_0.user_id where t1_0.user_id=?
2025-02-20T11:03:25.735+02:00 DEBUG 8868 --- [shop] [           main] o.s.orm.jpa.JpaTransactionManager        : Found thread-bound EntityManager [SessionImpl(1939809007<open>)] for JPA transaction
2025-02-20T11:03:25.735+02:00 DEBUG 8868 --- [shop] [           main] o.s.orm.jpa.JpaTransactionManager        : Creating new transaction with name [org.springframework.data.jpa.repository.support.SimpleJpaRepository.save]: PROPAGATION_REQUIRED,ISOLATION_DEFAULT
2025-02-20T11:03:25.735+02:00 DEBUG 8868 --- [shop] [           main] o.s.orm.jpa.JpaTransactionManager        : Exposing JPA transaction as JDBC [org.springframework.orm.jpa.vendor.HibernateJpaDialect$HibernateConnectionHandle@4bb27275]
2025-02-20T11:03:25.735+02:00 DEBUG 8868 --- [shop] [           main] org.hibernate.SQL                        : insert into notifications (new_arrivals,offers,order_status,user_id,via_email,via_push,id) values (?,?,?,?,?,?,default)
Hibernate: insert into notifications (new_arrivals,offers,order_status,user_id,via_email,via_push,id) values (?,?,?,?,?,?,default)
2025-02-20T11:03:25.736+02:00 DEBUG 8868 --- [shop] [           main] o.s.orm.jpa.JpaTransactionManager        : Initiating transaction commit
2025-02-20T11:03:25.736+02:00 DEBUG 8868 --- [shop] [           main] o.s.orm.jpa.JpaTransactionManager        : Committing JPA transaction on EntityManager [SessionImpl(1939809007<open>)]
2025-02-20T11:03:25.737+02:00 DEBUG 8868 --- [shop] [           main] o.s.orm.jpa.JpaTransactionManager        : Not closing pre-bound JPA EntityManager after transaction
2025-02-20T11:03:25.737+02:00 DEBUG 8868 --- [shop] [           main] o.s.w.s.m.m.a.HttpEntityMethodProcessor  : Using 'text/plain', given [*/*] and supported [text/plain, */*, application/json, application/*+json]
2025-02-20T11:03:25.737+02:00 DEBUG 8868 --- [shop] [           main] o.s.w.s.m.m.a.HttpEntityMethodProcessor  : Writing ["Preferences successfully saved!"]
2025-02-20T11:03:25.738+02:00 DEBUG 8868 --- [shop] [           main] o.j.s.OpenEntityManagerInViewInterceptor : Closing JPA EntityManager in OpenEntityManagerInViewInterceptor
2025-02-20T11:03:25.738+02:00 DEBUG 8868 --- [shop] [           main] o.s.t.web.servlet.TestDispatcherServlet  : Completed 200 OK
2025-02-20T11:03:25.738+02:00 DEBUG 8868 --- [shop] [           main] o.s.test.util.ReflectionTestUtils        : Invoking method 'getFilters' on target object [FilterChainProxy[Filter Chains: null]] or target class [null] with arguments {org.springframework.mock.web.MockHttpServletRequest@79b37277}
2025-02-20T11:03:25.738+02:00 DEBUG 8868 --- [shop] [           main] o.s.test.util.ReflectionTestUtils        : Invoking method 'getFilters' on target object [FilterChainProxy[Filter Chains: null]] or target class [null] with arguments {org.springframework.mock.web.MockHttpServletRequest@79b37277}
2025-02-20T11:03:25.738+02:00 DEBUG 8868 --- [shop] [           main] o.s.test.util.ReflectionTestUtils        : Getting field 'securityContextRepository' from target object [org.springframework.security.web.context.SecurityContextHolderFilter@5dd7f921] or target class [class org.springframework.security.web.context.SecurityContextHolderFilter]
2025-02-20T11:03:25.738+02:00 DEBUG 8868 --- [shop] [           main] w.c.HttpSessionSecurityContextRepository : Created HttpSession as SecurityContext is non-default
2025-02-20T11:03:25.738+02:00 DEBUG 8868 --- [shop] [           main] w.c.HttpSessionSecurityContextRepository : Stored SecurityContextImpl [Authentication=UsernamePasswordAuthenticationToken [Principal=org.springframework.security.core.userdetails.User [Username=user, Password=[PROTECTED], Enabled=true, AccountNonExpired=true, CredentialsNonExpired=true, AccountNonLocked=true, Granted Authorities=[ROLE_USER]], Credentials=[PROTECTED], Authenticated=true, Details=null, Granted Authorities=[ROLE_USER]]] to HttpSession [org.springframework.mock.web.MockHttpSession@65eb3095]
2025-02-20T11:03:25.740+02:00 DEBUG 8868 --- [shop] [           main] o.s.security.web.FilterChainProxy        : Securing GET /user/settings/getNotificationsPreferences
2025-02-20T11:03:25.740+02:00 DEBUG 8868 --- [shop] [           main] w.c.HttpSessionSecurityContextRepository : Retrieved SecurityContextImpl [Authentication=UsernamePasswordAuthenticationToken [Principal=org.springframework.security.core.userdetails.User [Username=user, Password=[PROTECTED], Enabled=true, AccountNonExpired=true, CredentialsNonExpired=true, AccountNonLocked=true, Granted Authorities=[ROLE_USER]], Credentials=[PROTECTED], Authenticated=true, Details=null, Granted Authorities=[ROLE_USER]]]
2025-02-20T11:03:25.740+02:00 DEBUG 8868 --- [shop] [           main] o.s.security.web.FilterChainProxy        : Secured GET /user/settings/getNotificationsPreferences
2025-02-20T11:03:25.740+02:00 DEBUG 8868 --- [shop] [           main] o.s.t.web.servlet.TestDispatcherServlet  : GET "/user/settings/getNotificationsPreferences", parameters={}
2025-02-20T11:03:25.740+02:00 DEBUG 8868 --- [shop] [           main] s.w.s.m.m.a.RequestMappingHandlerMapping : Mapped to com.online.shop.controllers.SettingsController#getNotificationsPreferences(Principal)
2025-02-20T11:03:25.740+02:00 DEBUG 8868 --- [shop] [           main] o.j.s.OpenEntityManagerInViewInterceptor : Opening JPA EntityManager in OpenEntityManagerInViewInterceptor
2025-02-20T11:03:25.742+02:00 DEBUG 8868 --- [shop] [           main] org.hibernate.SQL                        : select u1_0.id,u1_0.code_expiration,u1_0.email,u1_0.fcm_token,u1_0.password,u1_0.role,u1_0.username,u1_0.verification_code,u1_0.verified from users u1_0 where u1_0.username=?
Hibernate: select u1_0.id,u1_0.code_expiration,u1_0.email,u1_0.fcm_token,u1_0.password,u1_0.role,u1_0.username,u1_0.verification_code,u1_0.verified from users u1_0 where u1_0.username=?
2025-02-20T11:03:25.743+02:00 DEBUG 8868 --- [shop] [           main] org.hibernate.SQL                        : select sc1_0.id,u1_0.id,u1_0.code_expiration,u1_0.email,u1_0.fcm_token,n1_0.id,n1_0.new_arrivals,n1_0.offers,n1_0.order_status,n1_0.via_email,n1_0.via_push,u1_0.password,u1_0.role,s1_0.id,s1_0.address_line1,s1_0.address_line2,s1_0.country,s1_0.first_name,s1_0.last_name,s1_0.phone_number,s1_0.postal_code,s1_0.province,s1_0.town,t1_0.id,t1_0.amount,t1_0.currency,t1_0.payment_method,t1_0.status,t1_0.transaction_date,t1_0.transaction_id,u1_0.username,u1_0.verification_code,u1_0.verified,wl1_0.id,o1_0.user_id,o1_0.id,o1_0.created_at,o1_0.status,o1_0.total from shopping_cart sc1_0 left join users u1_0 on u1_0.id=sc1_0.user_id left join notifications n1_0 on u1_0.id=n1_0.user_id left join shipment s1_0 on u1_0.id=s1_0.user_id left join transaction t1_0 on u1_0.id=t1_0.user_id left join wish_list wl1_0 on u1_0.id=wl1_0.user_id left join orders o1_0 on u1_0.id=o1_0.user_id where sc1_0.user_id=?
Hibernate: select sc1_0.id,u1_0.id,u1_0.code_expiration,u1_0.email,u1_0.fcm_token,n1_0.id,n1_0.new_arrivals,n1_0.offers,n1_0.order_status,n1_0.via_email,n1_0.via_push,u1_0.password,u1_0.role,s1_0.id,s1_0.address_line1,s1_0.address_line2,s1_0.country,s1_0.first_name,s1_0.last_name,s1_0.phone_number,s1_0.postal_code,s1_0.province,s1_0.town,t1_0.id,t1_0.amount,t1_0.currency,t1_0.payment_method,t1_0.status,t1_0.transaction_date,t1_0.transaction_id,u1_0.username,u1_0.verification_code,u1_0.verified,wl1_0.id,o1_0.user_id,o1_0.id,o1_0.created_at,o1_0.status,o1_0.total from shopping_cart sc1_0 left join users u1_0 on u1_0.id=sc1_0.user_id left join notifications n1_0 on u1_0.id=n1_0.user_id left join shipment s1_0 on u1_0.id=s1_0.user_id left join transaction t1_0 on u1_0.id=t1_0.user_id left join wish_list wl1_0 on u1_0.id=wl1_0.user_id left join orders o1_0 on u1_0.id=o1_0.user_id where sc1_0.user_id=?
2025-02-20T11:03:25.744+02:00 DEBUG 8868 --- [shop] [           main] org.hibernate.SQL                        : select s1_0.id,s1_0.address_line1,s1_0.address_line2,s1_0.country,s1_0.first_name,s1_0.last_name,s1_0.phone_number,s1_0.postal_code,s1_0.province,s1_0.town,u1_0.id,c1_0.id,u1_0.code_expiration,u1_0.email,u1_0.fcm_token,n1_0.id,n1_0.new_arrivals,n1_0.offers,n1_0.order_status,n1_0.via_email,n1_0.via_push,u1_0.password,u1_0.role,t1_0.id,t1_0.amount,t1_0.currency,t1_0.payment_method,t1_0.status,t1_0.transaction_date,t1_0.transaction_id,u1_0.username,u1_0.verification_code,u1_0.verified,wl1_0.id,o1_0.user_id,o1_0.id,o1_0.created_at,o1_0.status,o1_0.total from shipment s1_0 left join users u1_0 on u1_0.id=s1_0.user_id left join shopping_cart c1_0 on u1_0.id=c1_0.user_id left join notifications n1_0 on u1_0.id=n1_0.user_id left join transaction t1_0 on u1_0.id=t1_0.user_id left join wish_list wl1_0 on u1_0.id=wl1_0.user_id left join orders o1_0 on u1_0.id=o1_0.user_id where s1_0.user_id=?
Hibernate: select s1_0.id,s1_0.address_line1,s1_0.address_line2,s1_0.country,s1_0.first_name,s1_0.last_name,s1_0.phone_number,s1_0.postal_code,s1_0.province,s1_0.town,u1_0.id,c1_0.id,u1_0.code_expiration,u1_0.email,u1_0.fcm_token,n1_0.id,n1_0.new_arrivals,n1_0.offers,n1_0.order_status,n1_0.via_email,n1_0.via_push,u1_0.password,u1_0.role,t1_0.id,t1_0.amount,t1_0.currency,t1_0.payment_method,t1_0.status,t1_0.transaction_date,t1_0.transaction_id,u1_0.username,u1_0.verification_code,u1_0.verified,wl1_0.id,o1_0.user_id,o1_0.id,o1_0.created_at,o1_0.status,o1_0.total from shipment s1_0 left join users u1_0 on u1_0.id=s1_0.user_id left join shopping_cart c1_0 on u1_0.id=c1_0.user_id left join notifications n1_0 on u1_0.id=n1_0.user_id left join transaction t1_0 on u1_0.id=t1_0.user_id left join wish_list wl1_0 on u1_0.id=wl1_0.user_id left join orders o1_0 on u1_0.id=o1_0.user_id where s1_0.user_id=?
2025-02-20T11:03:25.744+02:00 DEBUG 8868 --- [shop] [           main] org.hibernate.SQL                        : select t1_0.id,t1_0.amount,t1_0.currency,t1_0.payment_method,t1_0.status,t1_0.transaction_date,t1_0.transaction_id,u1_0.id,c1_0.id,u1_0.code_expiration,u1_0.email,u1_0.fcm_token,n1_0.id,n1_0.new_arrivals,n1_0.offers,n1_0.order_status,n1_0.via_email,n1_0.via_push,u1_0.password,u1_0.role,s1_0.id,s1_0.address_line1,s1_0.address_line2,s1_0.country,s1_0.first_name,s1_0.last_name,s1_0.phone_number,s1_0.postal_code,s1_0.province,s1_0.town,u1_0.username,u1_0.verification_code,u1_0.verified,wl1_0.id,o1_0.user_id,o1_0.id,o1_0.created_at,o1_0.status,o1_0.total from transaction t1_0 left join users u1_0 on u1_0.id=t1_0.user_id left join shopping_cart c1_0 on u1_0.id=c1_0.user_id left join notifications n1_0 on u1_0.id=n1_0.user_id left join shipment s1_0 on u1_0.id=s1_0.user_id left join wish_list wl1_0 on u1_0.id=wl1_0.user_id left join orders o1_0 on u1_0.id=o1_0.user_id where t1_0.user_id=?
Hibernate: select t1_0.id,t1_0.amount,t1_0.currency,t1_0.payment_method,t1_0.status,t1_0.transaction_date,t1_0.transaction_id,u1_0.id,c1_0.id,u1_0.code_expiration,u1_0.email,u1_0.fcm_token,n1_0.id,n1_0.new_arrivals,n1_0.offers,n1_0.order_status,n1_0.via_email,n1_0.via_push,u1_0.password,u1_0.role,s1_0.id,s1_0.address_line1,s1_0.address_line2,s1_0.country,s1_0.first_name,s1_0.last_name,s1_0.phone_number,s1_0.postal_code,s1_0.province,s1_0.town,u1_0.username,u1_0.verification_code,u1_0.verified,wl1_0.id,o1_0.user_id,o1_0.id,o1_0.created_at,o1_0.status,o1_0.total from transaction t1_0 left join users u1_0 on u1_0.id=t1_0.user_id left join shopping_cart c1_0 on u1_0.id=c1_0.user_id left join notifications n1_0 on u1_0.id=n1_0.user_id left join shipment s1_0 on u1_0.id=s1_0.user_id left join wish_list wl1_0 on u1_0.id=wl1_0.user_id left join orders o1_0 on u1_0.id=o1_0.user_id where t1_0.user_id=?



false



2025-02-20T11:03:25.746+02:00 DEBUG 8868 --- [shop] [           main] o.s.w.s.m.m.a.HttpEntityMethodProcessor  : Using 'application/json', given [*/*] and supported [application/json, application/*+json]
2025-02-20T11:03:25.746+02:00 DEBUG 8868 --- [shop] [           main] o.s.w.s.m.m.a.HttpEntityMethodProcessor  : Writing [com.online.shop.entities.Notifications@5c0be4db]
2025-02-20T11:03:25.746+02:00 DEBUG 8868 --- [shop] [           main] o.j.s.OpenEntityManagerInViewInterceptor : Closing JPA EntityManager in OpenEntityManagerInViewInterceptor
2025-02-20T11:03:25.746+02:00 DEBUG 8868 --- [shop] [           main] o.s.t.web.servlet.TestDispatcherServlet  : Completed 200 OK
2025-02-20T11:03:25.748+02:00 DEBUG 8868 --- [shop] [           main] org.springframework.test.context.cache   : Spring test ApplicationContext cache statistics: [DefaultContextCache@64d19dad size = 3, maxSize = 32, parentContextCount = 0, hitCount = 264, missCount = 3, failureCount = 0]
2025-02-20T11:03:25.748+02:00 DEBUG 8868 --- [shop] [           main] org.springframework.test.context.cache   : Spring test ApplicationContext cache statistics: [DefaultContextCache@64d19dad size = 3, maxSize = 32, parentContextCount = 0, hitCount = 265, missCount = 3, failureCount = 0]
2025-02-20T11:03:25.748+02:00 DEBUG 8868 --- [shop] [           main] org.springframework.test.context.cache   : Spring test ApplicationContext cache statistics: [DefaultContextCache@64d19dad size = 3, maxSize = 32, parentContextCount = 0, hitCount = 266, missCount = 3, failureCount = 0]
2025-02-20T11:03:25.748+02:00 DEBUG 8868 --- [shop] [           main] org.springframework.test.context.cache   : Spring test ApplicationContext cache statistics: [DefaultContextCache@64d19dad size = 3, maxSize = 32, parentContextCount = 0, hitCount = 267, missCount = 3, failureCount = 0]
2025-02-20T11:03:25.748+02:00 DEBUG 8868 --- [shop] [           main] org.springframework.test.context.cache   : Spring test ApplicationContext cache statistics: [DefaultContextCache@64d19dad size = 3, maxSize = 32, parentContextCount = 0, hitCount = 268, missCount = 3, failureCount = 0]
2025-02-20T11:03:25.750+02:00 DEBUG 8868 --- [shop] [           main] org.springframework.test.context.cache   : Spring test ApplicationContext cache statistics: [DefaultContextCache@64d19dad size = 3, maxSize = 32, parentContextCount = 0, hitCount = 269, missCount = 3, failureCount = 0]
2025-02-20T11:03:25.750+02:00 DEBUG 8868 --- [shop] [           main] org.springframework.test.context.cache   : Spring test ApplicationContext cache statistics: [DefaultContextCache@64d19dad size = 3, maxSize = 32, parentContextCount = 0, hitCount = 270, missCount = 3, failureCount = 0]
2025-02-20T11:03:25.750+02:00 DEBUG 8868 --- [shop] [           main] org.springframework.test.context.cache   : Spring test ApplicationContext cache statistics: [DefaultContextCache@64d19dad size = 3, maxSize = 32, parentContextCount = 0, hitCount = 271, missCount = 3, failureCount = 0]
2025-02-20T11:03:25.750+02:00 DEBUG 8868 --- [shop] [           main] .c.s.DirtiesContextTestExecutionListener : After test method: class [SettingsControllerIntegrationTest], method [testSetAndGetNotificationsPreferences], class annotated with @DirtiesContext [false] with mode [null], method annotated with @DirtiesContext [false] with mode [null]
2025-02-20T11:03:25.750+02:00 DEBUG 8868 --- [shop] [           main] o.s.t.c.w.ServletTestExecutionListener   : Resetting RequestContextHolder for test class com.online.shop.SettingsControllerIntegrationTest
]]></system-out>
  </testcase>
</testsuite>