<?xml version="1.0" encoding="UTF-8"?>
<testsuite xmlns:xsi="http://www.w3.org/2001/XMLSchema-instance" xsi:noNamespaceSchemaLocation="https://maven.apache.org/surefire/maven-surefire-plugin/xsd/surefire-test-report.xsd" version="3.0.2" name="com.online.shop.CartControllerIntegrationTest" time="8.016" tests="4" errors="0" skipped="0" failures="0">
  <properties>
[...]
</properties>
  <testcase name="checkCartContent" classname="com.online.shop.CartControllerIntegrationTest" time="0.418">
    <system-out><![CDATA[2025-02-20T11:03:13.004+02:00 DEBUG 8868 --- [shop] [           main] .b.t.c.SpringBootTestContextBootstrapper : Neither @ContextConfiguration nor @ContextHierarchy found for test class [CartControllerIntegrationTest]: using SpringBootContextLoader
2025-02-20T11:03:13.005+02:00 DEBUG 8868 --- [shop] [           main] o.s.t.c.support.AbstractContextLoader    : Could not detect default resource locations for test class [com.online.shop.CartControllerIntegrationTest]: no resource found for suffixes {-context.xml, Context.groovy}.
2025-02-20T11:03:13.005+02:00  INFO 8868 --- [shop] [           main] t.c.s.AnnotationConfigContextLoaderUtils : Could not detect default configuration classes for test class [com.online.shop.CartControllerIntegrationTest]: CartControllerIntegrationTest does not declare any static, non-private, non-final, nested classes annotated with @Configuration.
2025-02-20T11:03:13.010+02:00 DEBUG 8868 --- [shop] [           main] .b.t.c.SpringBootTestContextBootstrapper : Using ContextCustomizerFactory implementations for test class [CartControllerIntegrationTest]: [ImportsContextCustomizerFactory, ExcludeFilterContextCustomizerFactory, HttpGraphQlTesterContextCustomizerFactory, DuplicateJsonObjectContextCustomizerFactory, MockitoContextCustomizerFactory, TestRestTemplateContextCustomizerFactory, WebTestClientContextCustomizerFactory, DisableReactorResourceFactoryGlobalResourcesContextCustomizerFactory, OnFailureConditionReportContextCustomizerFactory, OverrideAutoConfigurationContextCustomizerFactory, ObservabilityContextCustomizerFactory, TypeExcludeFiltersContextCustomizerFactory, PropertyMappingContextCustomizerFactory, WebDriverContextCustomizerFactory, BeanOverrideContextCustomizerFactory, MockServerContainerContextCustomizerFactory, DynamicPropertiesContextCustomizerFactory]
2025-02-20T11:03:13.015+02:00 DEBUG 8868 --- [shop] [           main] .b.t.c.SpringBootTestContextBootstrapper : Using ContextCustomizers for test class [CartControllerIntegrationTest]: [ImportsContextCustomizer, ExcludeFilterContextCustomizer, DuplicateJsonObjectContextCustomizer, MockitoContextCustomizer, TestRestTemplateContextCustomizer, DisableReactorResourceFactoryGlobalResourcesContextCustomizerCustomizer, OnFailureConditionReportContextCustomizer, DisableObservabilityContextCustomizer, PropertyMappingContextCustomizer, WebDriverContextCustomizer, DynamicPropertiesContextCustomizer]
2025-02-20T11:03:13.020+02:00  INFO 8868 --- [shop] [           main] .b.t.c.SpringBootTestContextBootstrapper : Found @SpringBootConfiguration com.online.shop.ShopApplication for test class com.online.shop.CartControllerIntegrationTest
2025-02-20T11:03:13.025+02:00 DEBUG 8868 --- [shop] [           main] .s.t.c.u.TestContextSpringFactoriesUtils : Skipping candidate TestExecutionListener [org.springframework.test.context.observation.MicrometerObservationRegistryTestExecutionListener] due to a missing dependency. Specify custom TestExecutionListener classes or make the default TestExecutionListener classes and their required dependencies available. Offending class: io.micrometer.context.ThreadLocalAccessor. MicrometerObservationRegistryTestExecutionListener requires io.micrometer:micrometer-observation:1.10.8 or higher and io.micrometer:context-propagation:1.0.3 or higher.
2025-02-20T11:03:13.025+02:00 DEBUG 8868 --- [shop] [           main] .b.t.c.SpringBootTestContextBootstrapper : Using TestExecutionListeners for test class [CartControllerIntegrationTest]: [ServletTestExecutionListener, DirtiesContextBeforeModesTestExecutionListener, ApplicationEventsTestExecutionListener, MockitoTestExecutionListener, BeanOverrideTestExecutionListener, DependencyInjectionTestExecutionListener, DirtiesContextTestExecutionListener, CommonCachesTestExecutionListener, TransactionalTestExecutionListener, SqlScriptsTestExecutionListener, EventPublishingTestExecutionListener, WithSecurityContextTestExecutionListener, ReactorContextTestExecutionListener, ResetMocksTestExecutionListener, RestDocsTestExecutionListener, MockRestServiceServerResetTestExecutionListener, MockMvcPrintOnlyOnFailureTestExecutionListener, WebDriverTestExecutionListener, MockWebServiceServerTestExecutionListener, MockitoResetTestExecutionListener]
2025-02-20T11:03:13.025+02:00 DEBUG 8868 --- [shop] [           main] sContextBeforeModesTestExecutionListener : Before test class: class [CartControllerIntegrationTest], class annotated with @DirtiesContext [false] with mode [null]
2025-02-20T11:03:13.120+02:00 DEBUG 8868 --- [shop] [           main] .s.b.w.s.c.ApplicationServletEnvironment : Activating profiles [test]
2025-02-20T11:03:13.126+02:00 DEBUG 8868 --- [shop] [           main] o.s.c.e.PropertySourcesPropertyResolver  : Found key 'spring.application.name' in PropertySource 'configurationProperties' with value of type String

  .   ____          _            __ _ _
 /\\ / ___'_ __ _ _(_)_ __  __ _ \ \ \ \
( ( )\___ | '_ | '_| | '_ \/ _` | \ \ \ \
 \\/  ___)| |_)| | | | | || (_| |  ) ) ) )
  '  |____| .__|_| |_|_| |_\__, | / / / /
 =========|_|==============|___/=/_/_/_/

 :: Spring Boot ::                (v3.4.1)

2025-02-20T11:03:13.173+02:00  INFO 8868 --- [shop] [           main] c.o.shop.CartControllerIntegrationTest   : Starting CartControllerIntegrationTest using Java 21.0.2 with PID 8868 (started by catal in C:\Users\catal\Downloads\shop\shop)
2025-02-20T11:03:13.173+02:00 DEBUG 8868 --- [shop] [           main] c.o.shop.CartControllerIntegrationTest   : Running with Spring Boot v3.4.1, Spring v6.2.1
2025-02-20T11:03:13.173+02:00  INFO 8868 --- [shop] [           main] c.o.shop.CartControllerIntegrationTest   : The following 1 profile is active: "test"
2025-02-20T11:03:13.173+02:00 DEBUG 8868 --- [shop] [           main] o.s.boot.SpringApplication               : Loading source class com.online.shop.ShopApplication
2025-02-20T11:03:13.180+02:00 DEBUG 8868 --- [shop] [           main] o.s.w.c.s.GenericWebApplicationContext   : Refreshing org.springframework.web.context.support.GenericWebApplicationContext@3f77cd24
2025-02-20T11:03:13.185+02:00 DEBUG 8868 --- [shop] [           main] o.s.b.f.s.DefaultListableBeanFactory     : Creating shared instance of singleton bean 'org.springframework.context.annotation.internalConfigurationAnnotationProcessor'
2025-02-20T11:03:13.185+02:00 DEBUG 8868 --- [shop] [           main] o.s.b.f.s.DefaultListableBeanFactory     : Creating shared instance of singleton bean 'org.springframework.boot.autoconfigure.internalCachingMetadataReaderFactory'
2025-02-20T11:03:13.325+02:00 DEBUG 8868 --- [shop] [           main] o.s.c.a.ClassPathBeanDefinitionScanner   : Identified candidate component class: file [C:\Users\catal\Downloads\shop\shop\target\classes\com\online\shop\components\AdminUserInitializer.class]
2025-02-20T11:03:13.325+02:00 DEBUG 8868 --- [shop] [           main] o.s.c.a.ClassPathBeanDefinitionScanner   : Identified candidate component class: file [C:\Users\catal\Downloads\shop\shop\target\classes\com\online\shop\components\CustomAuthenticationFailureHandler.class]
2025-02-20T11:03:13.336+02:00 DEBUG 8868 --- [shop] [           main] o.s.c.a.ClassPathBeanDefinitionScanner   : Identified candidate component class: file [C:\Users\catal\Downloads\shop\shop\target\classes\com\online\shop\components\PayPalHttpClient.class]
2025-02-20T11:03:13.340+02:00 DEBUG 8868 --- [shop] [           main] o.s.c.a.ClassPathBeanDefinitionScanner   : Identified candidate component class: file [C:\Users\catal\Downloads\shop\shop\target\classes\com\online\shop\configurations\CloudinaryConfiguration.class]
2025-02-20T11:03:13.346+02:00 DEBUG 8868 --- [shop] [           main] o.s.c.a.ClassPathBeanDefinitionScanner   : Identified candidate component class: file [C:\Users\catal\Downloads\shop\shop\target\classes\com\online\shop\configurations\CustomUserDetailsService.class]
2025-02-20T11:03:13.346+02:00 DEBUG 8868 --- [shop] [           main] o.s.c.a.ClassPathBeanDefinitionScanner   : Identified candidate component class: file [C:\Users\catal\Downloads\shop\shop\target\classes\com\online\shop\configurations\GlobalExceptionHandler.class]
2025-02-20T11:03:13.346+02:00 DEBUG 8868 --- [shop] [           main] o.s.c.a.ClassPathBeanDefinitionScanner   : Identified candidate component class: file [C:\Users\catal\Downloads\shop\shop\target\classes\com\online\shop\configurations\MailConfig.class]
2025-02-20T11:03:13.352+02:00 DEBUG 8868 --- [shop] [           main] o.s.c.a.ClassPathBeanDefinitionScanner   : Identified candidate component class: file [C:\Users\catal\Downloads\shop\shop\target\classes\com\online\shop\configurations\SecurityConfig.class]
2025-02-20T11:03:13.352+02:00 DEBUG 8868 --- [shop] [           main] o.s.c.a.ClassPathBeanDefinitionScanner   : Identified candidate component class: file [C:\Users\catal\Downloads\shop\shop\target\classes\com\online\shop\configurations\WebSocketConfig.class]
2025-02-20T11:03:13.352+02:00 DEBUG 8868 --- [shop] [           main] o.s.c.a.ClassPathBeanDefinitionScanner   : Identified candidate component class: file [C:\Users\catal\Downloads\shop\shop\target\classes\com\online\shop\controllers\AdminController.class]
2025-02-20T11:03:13.352+02:00 DEBUG 8868 --- [shop] [           main] o.s.c.a.ClassPathBeanDefinitionScanner   : Identified candidate component class: file [C:\Users\catal\Downloads\shop\shop\target\classes\com\online\shop\controllers\AuthController.class]
2025-02-20T11:03:13.352+02:00 DEBUG 8868 --- [shop] [           main] o.s.c.a.ClassPathBeanDefinitionScanner   : Identified candidate component class: file [C:\Users\catal\Downloads\shop\shop\target\classes\com\online\shop\controllers\CartController.class]
2025-02-20T11:03:13.360+02:00 DEBUG 8868 --- [shop] [           main] o.s.c.a.ClassPathBeanDefinitionScanner   : Identified candidate component class: file [C:\Users\catal\Downloads\shop\shop\target\classes\com\online\shop\controllers\ProductController.class]
2025-02-20T11:03:13.362+02:00 DEBUG 8868 --- [shop] [           main] o.s.c.a.ClassPathBeanDefinitionScanner   : Identified candidate component class: file [C:\Users\catal\Downloads\shop\shop\target\classes\com\online\shop\controllers\SettingsController.class]
2025-02-20T11:03:13.362+02:00 DEBUG 8868 --- [shop] [           main] o.s.c.a.ClassPathBeanDefinitionScanner   : Identified candidate component class: file [C:\Users\catal\Downloads\shop\shop\target\classes\com\online\shop\controllers\ViewController.class]
2025-02-20T11:03:13.362+02:00 DEBUG 8868 --- [shop] [           main] o.s.c.a.ClassPathBeanDefinitionScanner   : Identified candidate component class: file [C:\Users\catal\Downloads\shop\shop\target\classes\com\online\shop\controllers\WishListController.class]
2025-02-20T11:03:13.380+02:00 DEBUG 8868 --- [shop] [           main] o.s.c.a.ClassPathBeanDefinitionScanner   : Ignored because not a concrete top-level class: file [C:\Users\catal\Downloads\shop\shop\target\classes\com\online\shop\repositories\CartItemRepo.class]
2025-02-20T11:03:13.380+02:00 DEBUG 8868 --- [shop] [           main] o.s.c.a.ClassPathBeanDefinitionScanner   : Ignored because not a concrete top-level class: file [C:\Users\catal\Downloads\shop\shop\target\classes\com\online\shop\repositories\CartRepository.class]
2025-02-20T11:03:13.380+02:00 DEBUG 8868 --- [shop] [           main] o.s.c.a.ClassPathBeanDefinitionScanner   : Ignored because not a concrete top-level class: file [C:\Users\catal\Downloads\shop\shop\target\classes\com\online\shop\repositories\CategoryRepository.class]
2025-02-20T11:03:13.380+02:00 DEBUG 8868 --- [shop] [           main] o.s.c.a.ClassPathBeanDefinitionScanner   : Ignored because not a concrete top-level class: file [C:\Users\catal\Downloads\shop\shop\target\classes\com\online\shop\repositories\ImageRepo.class]
2025-02-20T11:03:13.380+02:00 DEBUG 8868 --- [shop] [           main] o.s.c.a.ClassPathBeanDefinitionScanner   : Ignored because not a concrete top-level class: file [C:\Users\catal\Downloads\shop\shop\target\classes\com\online\shop\repositories\OrderProductRepository.class]
2025-02-20T11:03:13.380+02:00 DEBUG 8868 --- [shop] [           main] o.s.c.a.ClassPathBeanDefinitionScanner   : Ignored because not a concrete top-level class: file [C:\Users\catal\Downloads\shop\shop\target\classes\com\online\shop\repositories\ProductRepository.class]
2025-02-20T11:03:13.380+02:00 DEBUG 8868 --- [shop] [           main] o.s.c.a.ClassPathBeanDefinitionScanner   : Ignored because not a concrete top-level class: file [C:\Users\catal\Downloads\shop\shop\target\classes\com\online\shop\repositories\ReviewRepository.class]
2025-02-20T11:03:13.390+02:00 DEBUG 8868 --- [shop] [           main] o.s.c.a.ClassPathBeanDefinitionScanner   : Ignored because not a concrete top-level class: file [C:\Users\catal\Downloads\shop\shop\target\classes\com\online\shop\repositories\ShipmentRepo.class]
2025-02-20T11:03:13.390+02:00 DEBUG 8868 --- [shop] [           main] o.s.c.a.ClassPathBeanDefinitionScanner   : Ignored because not a concrete top-level class: file [C:\Users\catal\Downloads\shop\shop\target\classes\com\online\shop\repositories\UserRepository.class]
2025-02-20T11:03:13.390+02:00 DEBUG 8868 --- [shop] [           main] o.s.c.a.ClassPathBeanDefinitionScanner   : Ignored because not a concrete top-level class: file [C:\Users\catal\Downloads\shop\shop\target\classes\com\online\shop\repositories\WishListRepository.class]
2025-02-20T11:03:13.393+02:00 DEBUG 8868 --- [shop] [           main] o.s.c.a.ClassPathBeanDefinitionScanner   : Identified candidate component class: file [C:\Users\catal\Downloads\shop\shop\target\classes\com\online\shop\services\AdminService.class]
2025-02-20T11:03:13.393+02:00 DEBUG 8868 --- [shop] [           main] o.s.c.a.ClassPathBeanDefinitionScanner   : Identified candidate component class: file [C:\Users\catal\Downloads\shop\shop\target\classes\com\online\shop\services\AuthService.class]
2025-02-20T11:03:13.393+02:00 DEBUG 8868 --- [shop] [           main] o.s.c.a.ClassPathBeanDefinitionScanner   : Identified candidate component class: file [C:\Users\catal\Downloads\shop\shop\target\classes\com\online\shop\services\CartService.class]
2025-02-20T11:03:13.393+02:00 DEBUG 8868 --- [shop] [           main] o.s.c.a.ClassPathBeanDefinitionScanner   : Identified candidate component class: file [C:\Users\catal\Downloads\shop\shop\target\classes\com\online\shop\services\CloudinaryService.class]
2025-02-20T11:03:13.400+02:00 DEBUG 8868 --- [shop] [           main] o.s.c.a.ClassPathBeanDefinitionScanner   : Identified candidate component class: file [C:\Users\catal\Downloads\shop\shop\target\classes\com\online\shop\services\MailService.class]
2025-02-20T11:03:13.400+02:00 DEBUG 8868 --- [shop] [           main] o.s.c.a.ClassPathBeanDefinitionScanner   : Identified candidate component class: file [C:\Users\catal\Downloads\shop\shop\target\classes\com\online\shop\services\NotificationsService.class]
2025-02-20T11:03:13.400+02:00 DEBUG 8868 --- [shop] [           main] o.s.c.a.ClassPathBeanDefinitionScanner   : Identified candidate component class: file [C:\Users\catal\Downloads\shop\shop\target\classes\com\online\shop\services\ProductService.class]
2025-02-20T11:03:13.400+02:00 DEBUG 8868 --- [shop] [           main] o.s.c.a.ClassPathBeanDefinitionScanner   : Identified candidate component class: file [C:\Users\catal\Downloads\shop\shop\target\classes\com\online\shop\services\SettingsService.class]
2025-02-20T11:03:13.400+02:00 DEBUG 8868 --- [shop] [           main] o.s.c.a.ClassPathBeanDefinitionScanner   : Identified candidate component class: file [C:\Users\catal\Downloads\shop\shop\target\classes\com\online\shop\services\WishListService.class]
2025-02-20T11:03:14.030+02:00  INFO 8868 --- [shop] [           main] .s.d.r.c.RepositoryConfigurationDelegate : Bootstrapping Spring Data JPA repositories in DEFAULT mode.
2025-02-20T11:03:14.037+02:00 DEBUG 8868 --- [shop] [           main] o.s.b.f.s.DefaultListableBeanFactory     : Creating shared instance of singleton bean 'org.springframework.boot.autoconfigure.AutoConfigurationPackages'
2025-02-20T11:03:14.037+02:00 DEBUG 8868 --- [shop] [           main] o.s.b.a.AutoConfigurationPackages        : @EnableAutoConfiguration was declared on a class in the package 'com.online.shop'. Automatic @Repository and @Entity scanning is enabled.
2025-02-20T11:03:14.040+02:00 DEBUG 8868 --- [shop] [           main] .s.d.r.c.RepositoryConfigurationDelegate : Scanning for JPA repositories in packages com.online.shop.
2025-02-20T11:03:14.052+02:00 DEBUG 8868 --- [shop] [           main] o.s.d.r.c.RepositoryComponentProvider    : Identified candidate component class: file [C:\Users\catal\Downloads\shop\shop\target\classes\com\online\shop\repositories\CartItemRepo.class]
2025-02-20T11:03:14.052+02:00 DEBUG 8868 --- [shop] [           main] o.s.d.r.c.RepositoryComponentProvider    : Identified candidate component class: file [C:\Users\catal\Downloads\shop\shop\target\classes\com\online\shop\repositories\CartRepository.class]
2025-02-20T11:03:14.052+02:00 DEBUG 8868 --- [shop] [           main] o.s.d.r.c.RepositoryComponentProvider    : Identified candidate component class: file [C:\Users\catal\Downloads\shop\shop\target\classes\com\online\shop\repositories\CategoryRepository.class]
2025-02-20T11:03:14.052+02:00 DEBUG 8868 --- [shop] [           main] o.s.d.r.c.RepositoryComponentProvider    : Identified candidate component class: file [C:\Users\catal\Downloads\shop\shop\target\classes\com\online\shop\repositories\ImageRepo.class]
2025-02-20T11:03:14.052+02:00 DEBUG 8868 --- [shop] [           main] o.s.d.r.c.RepositoryComponentProvider    : Identified candidate component class: file [C:\Users\catal\Downloads\shop\shop\target\classes\com\online\shop\repositories\OrderProductRepository.class]
2025-02-20T11:03:14.052+02:00 DEBUG 8868 --- [shop] [           main] o.s.d.r.c.RepositoryComponentProvider    : Identified candidate component class: file [C:\Users\catal\Downloads\shop\shop\target\classes\com\online\shop\repositories\OrderRepository.class]
2025-02-20T11:03:14.059+02:00 DEBUG 8868 --- [shop] [           main] o.s.d.r.c.RepositoryComponentProvider    : Identified candidate component class: file [C:\Users\catal\Downloads\shop\shop\target\classes\com\online\shop\repositories\ProductRepository.class]
2025-02-20T11:03:14.059+02:00 DEBUG 8868 --- [shop] [           main] o.s.d.r.c.RepositoryComponentProvider    : Identified candidate component class: file [C:\Users\catal\Downloads\shop\shop\target\classes\com\online\shop\repositories\ReviewRepository.class]
2025-02-20T11:03:14.059+02:00 DEBUG 8868 --- [shop] [           main] o.s.d.r.c.RepositoryComponentProvider    : Identified candidate component class: file [C:\Users\catal\Downloads\shop\shop\target\classes\com\online\shop\repositories\ShipmentRepo.class]
2025-02-20T11:03:14.059+02:00 DEBUG 8868 --- [shop] [           main] o.s.d.r.c.RepositoryComponentProvider    : Identified candidate component class: file [C:\Users\catal\Downloads\shop\shop\target\classes\com\online\shop\repositories\UserRepository.class]
2025-02-20T11:03:14.059+02:00 DEBUG 8868 --- [shop] [           main] o.s.d.r.c.RepositoryComponentProvider    : Identified candidate component class: file [C:\Users\catal\Downloads\shop\shop\target\classes\com\online\shop\repositories\WishListRepository.class]
2025-02-20T11:03:14.110+02:00  INFO 8868 --- [shop] [           main] .s.d.r.c.RepositoryConfigurationDelegate : Finished Spring Data repository scanning in 77 ms. Found 11 JPA repository interfaces.
2025-02-20T11:03:14.270+02:00 DEBUG 8868 --- [shop] [           main] o.s.b.f.s.DefaultListableBeanFactory     : Creating shared instance of singleton bean 'org.springframework.boot.test.context.ImportsContextCustomizer$ImportsCleanupPostProcessor'
2025-02-20T11:03:14.270+02:00 DEBUG 8868 --- [shop] [           main] o.s.b.f.s.DefaultListableBeanFactory     : Creating shared instance of singleton bean 'springSecurityHandlerMappingIntrospectorBeanDefinitionRegistryPostProcessor'
2025-02-20T11:03:14.281+02:00 DEBUG 8868 --- [shop] [           main] o.s.b.f.s.DefaultListableBeanFactory     : Creating shared instance of singleton bean 'propertySourcesPlaceholderConfigurer'
2025-02-20T11:03:14.290+02:00 DEBUG 8868 --- [shop] [           main] o.s.b.f.s.DefaultListableBeanFactory     : Creating shared instance of singleton bean 'org.springframework.boot.test.mock.mockito.MockitoPostProcessor'
2025-02-20T11:03:14.290+02:00 DEBUG 8868 --- [shop] [           main] o.s.b.f.s.DefaultListableBeanFactory     : Creating shared instance of singleton bean 'webSocketScopeConfigurer'
2025-02-20T11:03:14.290+02:00 DEBUG 8868 --- [shop] [           main] o.s.b.f.s.DefaultListableBeanFactory     : Creating shared instance of singleton bean 'emBeanDefinitionRegistrarPostProcessor'
2025-02-20T11:03:14.290+02:00 DEBUG 8868 --- [shop] [           main] o.s.b.f.s.DefaultListableBeanFactory     : Creating shared instance of singleton bean 'org.springframework.boot.sql.init.dependency.DatabaseInitializationDependencyConfigurer$DependsOnDatabaseInitializationPostProcessor'
2025-02-20T11:03:14.320+02:00 DEBUG 8868 --- [shop] [           main] o.s.b.f.s.DefaultListableBeanFactory     : Creating shared instance of singleton bean 'org.springframework.context.event.internalEventListenerProcessor'
2025-02-20T11:03:14.320+02:00 DEBUG 8868 --- [shop] [           main] o.s.b.f.s.DefaultListableBeanFactory     : Creating shared instance of singleton bean 'conversionServicePostProcessor'
2025-02-20T11:03:14.320+02:00 DEBUG 8868 --- [shop] [           main] o.s.b.f.s.DefaultListableBeanFactory     : Creating shared instance of singleton bean 'preserveErrorControllerTargetClassPostProcessor'
2025-02-20T11:03:14.320+02:00 DEBUG 8868 --- [shop] [           main] o.s.b.f.s.DefaultListableBeanFactory     : Creating shared instance of singleton bean 'org.springframework.context.event.internalEventListenerFactory'
2025-02-20T11:03:14.320+02:00 DEBUG 8868 --- [shop] [           main] o.s.b.f.s.DefaultListableBeanFactory     : Creating shared instance of singleton bean 'org.springframework.transaction.config.internalTransactionalEventListenerFactory'
2025-02-20T11:03:14.329+02:00 DEBUG 8868 --- [shop] [           main] o.s.b.f.s.DefaultListableBeanFactory     : Creating shared instance of singleton bean 'org.springframework.context.annotation.internalAutowiredAnnotationProcessor'
2025-02-20T11:03:14.330+02:00 DEBUG 8868 --- [shop] [           main] o.s.b.f.s.DefaultListableBeanFactory     : Creating shared instance of singleton bean 'org.springframework.context.annotation.internalCommonAnnotationProcessor'
2025-02-20T11:03:14.330+02:00 DEBUG 8868 --- [shop] [           main] o.s.b.f.s.DefaultListableBeanFactory     : Creating shared instance of singleton bean 'org.springframework.context.annotation.internalPersistenceAnnotationProcessor'
2025-02-20T11:03:14.330+02:00 DEBUG 8868 --- [shop] [           main] o.s.b.f.s.DefaultListableBeanFactory     : Creating shared instance of singleton bean 'org.springframework.boot.test.mock.mockito.MockitoPostProcessor$SpyPostProcessor'
2025-02-20T11:03:14.330+02:00 DEBUG 8868 --- [shop] [           main] o.s.b.f.s.DefaultListableBeanFactory     : Creating shared instance of singleton bean 'org.springframework.boot.context.properties.ConfigurationPropertiesBindingPostProcessor'
2025-02-20T11:03:14.330+02:00 DEBUG 8868 --- [shop] [           main] o.s.b.f.s.DefaultListableBeanFactory     : Creating shared instance of singleton bean 'org.springframework.boot.context.internalConfigurationPropertiesBinder'
2025-02-20T11:03:14.330+02:00 DEBUG 8868 --- [shop] [           main] o.s.b.f.s.DefaultListableBeanFactory     : Creating shared instance of singleton bean 'jdbcConnectionDetailsHikariBeanPostProcessor'
2025-02-20T11:03:14.335+02:00 DEBUG 8868 --- [shop] [           main] o.s.b.f.s.DefaultListableBeanFactory     : Creating shared instance of singleton bean 'org.springframework.context.annotation.internalScheduledAnnotationProcessor'
2025-02-20T11:03:14.335+02:00 DEBUG 8868 --- [shop] [           main] o.s.b.f.s.DefaultListableBeanFactory     : Creating shared instance of singleton bean 'org.springframework.scheduling.annotation.SchedulingConfiguration'
2025-02-20T11:03:14.337+02:00 DEBUG 8868 --- [shop] [           main] o.s.b.f.s.DefaultListableBeanFactory     : Creating shared instance of singleton bean 'org.springframework.aop.config.internalAutoProxyCreator'
2025-02-20T11:03:14.340+02:00 DEBUG 8868 --- [shop] [           main] o.s.b.f.s.DefaultListableBeanFactory     : Creating shared instance of singleton bean 'persistenceExceptionTranslationPostProcessor'
2025-02-20T11:03:14.340+02:00 DEBUG 8868 --- [shop] [           main] o.s.b.f.s.DefaultListableBeanFactory     : Autowiring by type from bean name 'persistenceExceptionTranslationPostProcessor' via factory method to bean named 'environment'
2025-02-20T11:03:14.340+02:00 DEBUG 8868 --- [shop] [           main] o.s.b.f.s.DefaultListableBeanFactory     : Creating shared instance of singleton bean 'webServerFactoryCustomizerBeanPostProcessor'
2025-02-20T11:03:14.340+02:00 DEBUG 8868 --- [shop] [           main] o.s.b.f.s.DefaultListableBeanFactory     : Creating shared instance of singleton bean 'errorPageRegistrarBeanPostProcessor'
2025-02-20T11:03:14.340+02:00 DEBUG 8868 --- [shop] [           main] o.s.b.f.s.DefaultListableBeanFactory     : Creating shared instance of singleton bean 'projectingArgumentResolverBeanPostProcessor'
2025-02-20T11:03:14.345+02:00 DEBUG 8868 --- [shop] [           main] o.s.b.f.s.DefaultListableBeanFactory     : Creating shared instance of singleton bean 'org.springframework.transaction.config.internalTransactionAdvisor'
2025-02-20T11:03:14.345+02:00 DEBUG 8868 --- [shop] [           main] o.s.b.f.s.DefaultListableBeanFactory     : Creating shared instance of singleton bean 'org.springframework.transaction.annotation.ProxyTransactionManagementConfiguration'
2025-02-20T11:03:14.365+02:00 DEBUG 8868 --- [shop] [           main] o.s.b.f.s.DefaultListableBeanFactory     : Creating shared instance of singleton bean 'transactionAttributeSource'
2025-02-20T11:03:14.370+02:00 DEBUG 8868 --- [shop] [           main] o.s.b.f.s.DefaultListableBeanFactory     : Creating shared instance of singleton bean 'transactionInterceptor'
2025-02-20T11:03:14.370+02:00 DEBUG 8868 --- [shop] [           main] o.s.b.f.s.DefaultListableBeanFactory     : Autowiring by type from bean name 'transactionInterceptor' via factory method to bean named 'transactionAttributeSource'
2025-02-20T11:03:14.370+02:00 DEBUG 8868 --- [shop] [           main] o.s.b.f.s.DefaultListableBeanFactory     : Autowiring by type from bean name 'org.springframework.transaction.config.internalTransactionAdvisor' via factory method to bean named 'transactionAttributeSource'
2025-02-20T11:03:14.370+02:00 DEBUG 8868 --- [shop] [           main] o.s.b.f.s.DefaultListableBeanFactory     : Autowiring by type from bean name 'org.springframework.transaction.config.internalTransactionAdvisor' via factory method to bean named 'transactionInterceptor'
2025-02-20T11:03:14.370+02:00 DEBUG 8868 --- [shop] [           main] o.s.u.c.s.UiApplicationContextUtils      : Unable to locate ThemeSource with name 'themeSource': using default [org.springframework.ui.context.support.ResourceBundleThemeSource@6ab35ce3]
2025-02-20T11:03:14.377+02:00 DEBUG 8868 --- [shop] [           main] o.s.b.f.s.DefaultListableBeanFactory     : Creating shared instance of singleton bean 'org.springframework.test.context.support.internalDynamicPropertyRegistrarBeanInitializer'
2025-02-20T11:03:14.380+02:00 DEBUG 8868 --- [shop] [           main] o.s.b.f.s.DefaultListableBeanFactory     : Creating shared instance of singleton bean 'dataSourceScriptDatabaseInitializer'
2025-02-20T11:03:14.380+02:00 DEBUG 8868 --- [shop] [           main] o.s.b.f.s.DefaultListableBeanFactory     : Creating shared instance of singleton bean 'org.springframework.boot.autoconfigure.sql.init.DataSourceInitializationConfiguration'
2025-02-20T11:03:14.380+02:00 DEBUG 8868 --- [shop] [           main] o.s.b.f.s.DefaultListableBeanFactory     : Creating shared instance of singleton bean 'dataSource'
2025-02-20T11:03:14.380+02:00 DEBUG 8868 --- [shop] [           main] o.s.b.f.s.DefaultListableBeanFactory     : Creating shared instance of singleton bean 'org.springframework.boot.autoconfigure.jdbc.DataSourceConfiguration$Hikari'
2025-02-20T11:03:14.385+02:00 DEBUG 8868 --- [shop] [           main] o.s.b.f.s.DefaultListableBeanFactory     : Creating shared instance of singleton bean 'spring.datasource-org.springframework.boot.autoconfigure.jdbc.DataSourceProperties'
2025-02-20T11:03:14.385+02:00 DEBUG 8868 --- [shop] [           main] o.s.b.f.s.DefaultListableBeanFactory     : Creating shared instance of singleton bean 'org.springframework.boot.context.properties.BoundConfigurationProperties'
2025-02-20T11:03:14.400+02:00 DEBUG 8868 --- [shop] [           main] o.s.b.f.s.DefaultListableBeanFactory     : Creating shared instance of singleton bean 'jdbcConnectionDetails'
2025-02-20T11:03:14.400+02:00 DEBUG 8868 --- [shop] [           main] o.s.b.f.s.DefaultListableBeanFactory     : Creating shared instance of singleton bean 'org.springframework.boot.autoconfigure.jdbc.DataSourceAutoConfiguration$PooledDataSourceConfiguration'
2025-02-20T11:03:14.400+02:00 DEBUG 8868 --- [shop] [           main] o.s.b.f.s.DefaultListableBeanFactory     : Autowiring by type from bean name 'jdbcConnectionDetails' via factory method to bean named 'spring.datasource-org.springframework.boot.autoconfigure.jdbc.DataSourceProperties'
2025-02-20T11:03:14.400+02:00 DEBUG 8868 --- [shop] [           main] o.s.b.f.s.DefaultListableBeanFactory     : Autowiring by type from bean name 'dataSource' via factory method to bean named 'spring.datasource-org.springframework.boot.autoconfigure.jdbc.DataSourceProperties'
2025-02-20T11:03:14.400+02:00 DEBUG 8868 --- [shop] [           main] o.s.b.f.s.DefaultListableBeanFactory     : Autowiring by type from bean name 'dataSource' via factory method to bean named 'jdbcConnectionDetails'
2025-02-20T11:03:14.425+02:00 DEBUG 8868 --- [shop] [           main] o.s.b.f.s.DefaultListableBeanFactory     : Creating shared instance of singleton bean 'spring.sql.init-org.springframework.boot.autoconfigure.sql.init.SqlInitializationProperties'
2025-02-20T11:03:14.430+02:00 DEBUG 8868 --- [shop] [           main] o.s.b.f.s.DefaultListableBeanFactory     : Autowiring by type from bean name 'dataSourceScriptDatabaseInitializer' via factory method to bean named 'dataSource'
2025-02-20T11:03:14.430+02:00 DEBUG 8868 --- [shop] [           main] o.s.b.f.s.DefaultListableBeanFactory     : Autowiring by type from bean name 'dataSourceScriptDatabaseInitializer' via factory method to bean named 'spring.sql.init-org.springframework.boot.autoconfigure.sql.init.SqlInitializationProperties'
2025-02-20T11:03:14.437+02:00 DEBUG 8868 --- [shop] [           main] o.s.b.f.s.DefaultListableBeanFactory     : Creating shared instance of singleton bean 'entityManagerFactory'
2025-02-20T11:03:14.437+02:00 DEBUG 8868 --- [shop] [           main] o.s.b.f.s.DefaultListableBeanFactory     : Creating shared instance of singleton bean 'org.springframework.boot.autoconfigure.orm.jpa.HibernateJpaConfiguration'
2025-02-20T11:03:14.440+02:00 DEBUG 8868 --- [shop] [           main] o.s.b.f.s.DefaultListableBeanFactory     : Creating shared instance of singleton bean 'spring.jpa-org.springframework.boot.autoconfigure.orm.jpa.JpaProperties'
2025-02-20T11:03:14.450+02:00 DEBUG 8868 --- [shop] [           main] o.s.b.f.s.DefaultListableBeanFactory     : Creating shared instance of singleton bean 'spring.jpa.hibernate-org.springframework.boot.autoconfigure.orm.jpa.HibernateProperties'
2025-02-20T11:03:14.577+02:00 DEBUG 8868 --- [shop] [           main] o.s.b.f.s.DefaultListableBeanFactory     : Autowiring by type from bean name 'org.springframework.boot.autoconfigure.orm.jpa.HibernateJpaConfiguration' via constructor to bean named 'dataSource'
2025-02-20T11:03:14.577+02:00 DEBUG 8868 --- [shop] [           main] o.s.b.f.s.DefaultListableBeanFactory     : Autowiring by type from bean name 'org.springframework.boot.autoconfigure.orm.jpa.HibernateJpaConfiguration' via constructor to bean named 'spring.jpa-org.springframework.boot.autoconfigure.orm.jpa.JpaProperties'
2025-02-20T11:03:14.577+02:00 DEBUG 8868 --- [shop] [           main] o.s.b.f.s.DefaultListableBeanFactory     : Autowiring by type from bean name 'org.springframework.boot.autoconfigure.orm.jpa.HibernateJpaConfiguration' via constructor to bean named 'org.springframework.beans.factory.support.DefaultListableBeanFactory@39dbea69'
2025-02-20T11:03:14.578+02:00 DEBUG 8868 --- [shop] [           main] o.s.b.f.s.DefaultListableBeanFactory     : Autowiring by type from bean name 'org.springframework.boot.autoconfigure.orm.jpa.HibernateJpaConfiguration' via constructor to bean named 'spring.jpa.hibernate-org.springframework.boot.autoconfigure.orm.jpa.HibernateProperties'
2025-02-20T11:03:14.580+02:00 DEBUG 8868 --- [shop] [           main] o.s.b.f.s.DefaultListableBeanFactory     : Creating shared instance of singleton bean 'hikariPoolDataSourceMetadataProvider'
2025-02-20T11:03:14.581+02:00 DEBUG 8868 --- [shop] [           main] o.s.b.f.s.DefaultListableBeanFactory     : Creating shared instance of singleton bean 'org.springframework.boot.autoconfigure.jdbc.metadata.DataSourcePoolMetadataProvidersConfiguration$HikariPoolDataSourceMetadataProviderConfiguration'
2025-02-20T11:03:14.581+02:00 DEBUG 8868 --- [shop] [           main] o.s.b.f.s.DefaultListableBeanFactory     : Creating shared instance of singleton bean 'entityManagerFactoryBuilder'
2025-02-20T11:03:14.581+02:00 DEBUG 8868 --- [shop] [           main] o.s.b.f.s.DefaultListableBeanFactory     : Creating shared instance of singleton bean 'jpaVendorAdapter'
2025-02-20T11:03:14.590+02:00 DEBUG 8868 --- [shop] [           main] o.s.b.f.s.DefaultListableBeanFactory     : Autowiring by type from bean name 'entityManagerFactoryBuilder' via factory method to bean named 'jpaVendorAdapter'
2025-02-20T11:03:14.595+02:00 DEBUG 8868 --- [shop] [           main] o.s.b.f.s.DefaultListableBeanFactory     : Creating shared instance of singleton bean 'persistenceManagedTypes'
2025-02-20T11:03:14.597+02:00 DEBUG 8868 --- [shop] [           main] o.s.b.f.s.DefaultListableBeanFactory     : Autowiring by type from bean name 'persistenceManagedTypes' via factory method to bean named 'org.springframework.beans.factory.support.DefaultListableBeanFactory@39dbea69'
2025-02-20T11:03:14.597+02:00 DEBUG 8868 --- [shop] [           main] o.s.b.f.s.DefaultListableBeanFactory     : Autowiring by type from bean name 'persistenceManagedTypes' via factory method to bean named 'org.springframework.web.context.support.GenericWebApplicationContext@3f77cd24'
2025-02-20T11:03:14.613+02:00 DEBUG 8868 --- [shop] [           main] o.s.b.f.s.DefaultListableBeanFactory     : Autowiring by type from bean name 'entityManagerFactory' via factory method to bean named 'entityManagerFactoryBuilder'
2025-02-20T11:03:14.613+02:00 DEBUG 8868 --- [shop] [           main] o.s.b.f.s.DefaultListableBeanFactory     : Autowiring by type from bean name 'entityManagerFactory' via factory method to bean named 'persistenceManagedTypes'
2025-02-20T11:03:14.613+02:00 DEBUG 8868 --- [shop] [           main] j.LocalContainerEntityManagerFactoryBean : Building JPA container EntityManagerFactory for persistence unit 'default'
2025-02-20T11:03:14.613+02:00  INFO 8868 --- [shop] [           main] o.hibernate.jpa.internal.util.LogHelper  : HHH000204: Processing PersistenceUnitInfo [name: default]
2025-02-20T11:03:14.629+02:00  INFO 8868 --- [shop] [           main] o.h.c.internal.RegionFactoryInitiator    : HHH000026: Second-level cache disabled
2025-02-20T11:03:14.656+02:00  INFO 8868 --- [shop] [           main] o.s.o.j.p.SpringPersistenceUnitInfo      : No LoadTimeWeaver setup: ignoring JPA class transformer
2025-02-20T11:03:14.656+02:00  INFO 8868 --- [shop] [           main] com.zaxxer.hikari.HikariDataSource       : HikariPool-2 - Starting...
2025-02-20T11:03:14.660+02:00  INFO 8868 --- [shop] [           main] com.zaxxer.hikari.pool.HikariPool        : HikariPool-2 - Added connection conn10: url=jdbc:h2:mem:testdb user=SA
2025-02-20T11:03:14.660+02:00  INFO 8868 --- [shop] [           main] com.zaxxer.hikari.HikariDataSource       : HikariPool-2 - Start completed.
2025-02-20T11:03:14.660+02:00  WARN 8868 --- [shop] [           main] org.hibernate.orm.deprecation            : HHH90000025: H2Dialect does not need to be specified explicitly using 'hibernate.dialect' (remove the property setting and it will be selected by default)
2025-02-20T11:03:14.660+02:00  INFO 8868 --- [shop] [           main] org.hibernate.orm.connections.pooling    : HHH10001005: Database info:
	Database JDBC URL [Connecting through datasource 'HikariDataSource (HikariPool-2)']
	Database driver: undefined/unknown
	Database version: 2.3.232
	Autocommit mode: undefined/unknown
	Isolation level: undefined/unknown
	Minimum pool size: undefined/unknown
	Maximum pool size: undefined/unknown
2025-02-20T11:03:15.190+02:00 DEBUG 8868 --- [shop] [           main] org.hibernate.SQL                        : create global temporary table HTE_review(rating integer, rn_ integer not null, created_at timestamp(6), id bigint, product_id bigint, user_id bigint, posted_by varchar(255), text varchar(255), primary key (rn_)) TRANSACTIONAL
Hibernate: create global temporary table HTE_review(rating integer, rn_ integer not null, created_at timestamp(6), id bigint, product_id bigint, user_id bigint, posted_by varchar(255), text varchar(255), primary key (rn_)) TRANSACTIONAL
2025-02-20T11:03:15.210+02:00 DEBUG 8868 --- [shop] [           main] org.hibernate.SQL                        : create global temporary table HTE_shipment(rn_ integer not null, id bigint, user_id bigint, address_line1 varchar(255), address_line2 varchar(255), country varchar(255), first_name varchar(255), last_name varchar(255), phone_number varchar(255), postal_code varchar(255), province varchar(255), town varchar(255), primary key (rn_)) TRANSACTIONAL
Hibernate: create global temporary table HTE_shipment(rn_ integer not null, id bigint, user_id bigint, address_line1 varchar(255), address_line2 varchar(255), country varchar(255), first_name varchar(255), last_name varchar(255), phone_number varchar(255), postal_code varchar(255), province varchar(255), town varchar(255), primary key (rn_)) TRANSACTIONAL
2025-02-20T11:03:15.210+02:00 DEBUG 8868 --- [shop] [           main] org.hibernate.SQL                        : create global temporary table HTE_category(rn_ integer not null, id bigint, name varchar(255), primary key (rn_)) TRANSACTIONAL
Hibernate: create global temporary table HTE_category(rn_ integer not null, id bigint, name varchar(255), primary key (rn_)) TRANSACTIONAL
2025-02-20T11:03:15.210+02:00 DEBUG 8868 --- [shop] [           main] org.hibernate.SQL                        : create global temporary table HTE_product_image(rn_ integer not null, saving_option integer, id bigint, product_id bigint, name varchar(255), public_id varchar(255), url varchar(255), data blob, primary key (rn_)) TRANSACTIONAL
Hibernate: create global temporary table HTE_product_image(rn_ integer not null, saving_option integer, id bigint, product_id bigint, name varchar(255), public_id varchar(255), url varchar(255), data blob, primary key (rn_)) TRANSACTIONAL
2025-02-20T11:03:15.215+02:00 DEBUG 8868 --- [shop] [           main] org.hibernate.SQL                        : create global temporary table HTE_transaction(rn_ integer not null, amount float(53), id bigint, transaction_date timestamp(6), user_id bigint, currency varchar(255), payment_method varchar(255), status varchar(255), transaction_id varchar(255), primary key (rn_)) TRANSACTIONAL
Hibernate: create global temporary table HTE_transaction(rn_ integer not null, amount float(53), id bigint, transaction_date timestamp(6), user_id bigint, currency varchar(255), payment_method varchar(255), status varchar(255), transaction_id varchar(255), primary key (rn_)) TRANSACTIONAL
2025-02-20T11:03:15.215+02:00 DEBUG 8868 --- [shop] [           main] org.hibernate.SQL                        : create global temporary table HTE_wish_list(rn_ integer not null, id bigint, user_id bigint, primary key (rn_)) TRANSACTIONAL
Hibernate: create global temporary table HTE_wish_list(rn_ integer not null, id bigint, user_id bigint, primary key (rn_)) TRANSACTIONAL
2025-02-20T11:03:15.220+02:00 DEBUG 8868 --- [shop] [           main] org.hibernate.SQL                        : create global temporary table HTE_cart_item(quantity integer, rn_ integer not null, cart_id bigint, id bigint, product_id bigint, primary key (rn_)) TRANSACTIONAL
Hibernate: create global temporary table HTE_cart_item(quantity integer, rn_ integer not null, cart_id bigint, id bigint, product_id bigint, primary key (rn_)) TRANSACTIONAL
2025-02-20T11:03:15.220+02:00 DEBUG 8868 --- [shop] [           main] org.hibernate.SQL                        : create global temporary table HTE_shopping_cart(rn_ integer not null, id bigint, user_id bigint, primary key (rn_)) TRANSACTIONAL
Hibernate: create global temporary table HTE_shopping_cart(rn_ integer not null, id bigint, user_id bigint, primary key (rn_)) TRANSACTIONAL
2025-02-20T11:03:15.220+02:00 DEBUG 8868 --- [shop] [           main] org.hibernate.SQL                        : create global temporary table HTE_users(rn_ integer not null, verified boolean, code_expiration timestamp(6), id bigint, email varchar(255), fcm_token varchar(255), password varchar(255), role varchar(255), username varchar(255), verification_code varchar(255), primary key (rn_)) TRANSACTIONAL
Hibernate: create global temporary table HTE_users(rn_ integer not null, verified boolean, code_expiration timestamp(6), id bigint, email varchar(255), fcm_token varchar(255), password varchar(255), role varchar(255), username varchar(255), verification_code varchar(255), primary key (rn_)) TRANSACTIONAL
2025-02-20T11:03:15.220+02:00 DEBUG 8868 --- [shop] [           main] org.hibernate.SQL                        : create global temporary table HTE_order_product(quantity integer, rn_ integer not null, saving_option integer, id bigint, order_id bigint, price float(53), product_id bigint, name varchar(255), product_name varchar(255), public_id varchar(255), url varchar(255), data blob, primary key (rn_)) TRANSACTIONAL
Hibernate: create global temporary table HTE_order_product(quantity integer, rn_ integer not null, saving_option integer, id bigint, order_id bigint, price float(53), product_id bigint, name varchar(255), product_name varchar(255), public_id varchar(255), url varchar(255), data blob, primary key (rn_)) TRANSACTIONAL
2025-02-20T11:03:15.225+02:00 DEBUG 8868 --- [shop] [           main] org.hibernate.SQL                        : create global temporary table HTE_orders(rn_ integer not null, created_at timestamp(6), id bigint, total float(53), user_id bigint, status varchar(255), primary key (rn_)) TRANSACTIONAL
Hibernate: create global temporary table HTE_orders(rn_ integer not null, created_at timestamp(6), id bigint, total float(53), user_id bigint, status varchar(255), primary key (rn_)) TRANSACTIONAL
2025-02-20T11:03:15.225+02:00 DEBUG 8868 --- [shop] [           main] org.hibernate.SQL                        : create global temporary table HTE_product(discount integer, rn_ integer not null, stock integer, category_id bigint, created_at timestamp(6), id bigint, price float(53), rating float(53), sales bigint, description varchar(255), name varchar(255), primary key (rn_)) TRANSACTIONAL
Hibernate: create global temporary table HTE_product(discount integer, rn_ integer not null, stock integer, category_id bigint, created_at timestamp(6), id bigint, price float(53), rating float(53), sales bigint, description varchar(255), name varchar(255), primary key (rn_)) TRANSACTIONAL
2025-02-20T11:03:15.337+02:00  INFO 8868 --- [shop] [           main] o.h.e.t.j.p.i.JtaPlatformInitiator       : HHH000489: No JTA platform available (set 'hibernate.transaction.jta.platform' to enable JTA platform integration)
2025-02-20T11:03:15.337+02:00 DEBUG 8868 --- [shop] [           main] org.hibernate.SQL                        : drop table if exists cart_item cascade 
Hibernate: drop table if exists cart_item cascade 
2025-02-20T11:03:15.342+02:00 DEBUG 8868 --- [shop] [           main] org.hibernate.SQL                        : drop table if exists category cascade 
Hibernate: drop table if exists category cascade 
2025-02-20T11:03:15.342+02:00 DEBUG 8868 --- [shop] [           main] org.hibernate.SQL                        : drop table if exists notifications cascade 
Hibernate: drop table if exists notifications cascade 
2025-02-20T11:03:15.342+02:00 DEBUG 8868 --- [shop] [           main] org.hibernate.SQL                        : drop table if exists order_product cascade 
Hibernate: drop table if exists order_product cascade 
2025-02-20T11:03:15.350+02:00 DEBUG 8868 --- [shop] [           main] org.hibernate.SQL                        : drop table if exists orders cascade 
Hibernate: drop table if exists orders cascade 
2025-02-20T11:03:15.350+02:00 DEBUG 8868 --- [shop] [           main] org.hibernate.SQL                        : drop table if exists product cascade 
Hibernate: drop table if exists product cascade 
2025-02-20T11:03:15.350+02:00 DEBUG 8868 --- [shop] [           main] org.hibernate.SQL                        : drop table if exists product_image cascade 
Hibernate: drop table if exists product_image cascade 
2025-02-20T11:03:15.355+02:00 DEBUG 8868 --- [shop] [           main] org.hibernate.SQL                        : drop table if exists review cascade 
Hibernate: drop table if exists review cascade 
2025-02-20T11:03:15.355+02:00 DEBUG 8868 --- [shop] [           main] org.hibernate.SQL                        : drop table if exists shipment cascade 
Hibernate: drop table if exists shipment cascade 
2025-02-20T11:03:15.358+02:00 DEBUG 8868 --- [shop] [           main] org.hibernate.SQL                        : drop table if exists shopping_cart cascade 
Hibernate: drop table if exists shopping_cart cascade 
2025-02-20T11:03:15.358+02:00 DEBUG 8868 --- [shop] [           main] org.hibernate.SQL                        : drop table if exists transaction cascade 
Hibernate: drop table if exists transaction cascade 
2025-02-20T11:03:15.360+02:00 DEBUG 8868 --- [shop] [           main] org.hibernate.SQL                        : drop table if exists users cascade 
Hibernate: drop table if exists users cascade 
2025-02-20T11:03:15.360+02:00 DEBUG 8868 --- [shop] [           main] org.hibernate.SQL                        : drop table if exists users_order_history cascade 
Hibernate: drop table if exists users_order_history cascade 
2025-02-20T11:03:15.360+02:00 DEBUG 8868 --- [shop] [           main] org.hibernate.SQL                        : drop table if exists wish_list cascade 
Hibernate: drop table if exists wish_list cascade 
2025-02-20T11:03:15.360+02:00 DEBUG 8868 --- [shop] [           main] org.hibernate.SQL                        : drop table if exists wish_list_products cascade 
Hibernate: drop table if exists wish_list_products cascade 
2025-02-20T11:03:15.360+02:00 DEBUG 8868 --- [shop] [           main] org.hibernate.SQL                        : drop sequence if exists cart_item_seq
Hibernate: drop sequence if exists cart_item_seq
2025-02-20T11:03:15.360+02:00 DEBUG 8868 --- [shop] [           main] org.hibernate.SQL                        : drop sequence if exists category_seq
Hibernate: drop sequence if exists category_seq
2025-02-20T11:03:15.360+02:00 DEBUG 8868 --- [shop] [           main] org.hibernate.SQL                        : drop sequence if exists order_product_seq
Hibernate: drop sequence if exists order_product_seq
2025-02-20T11:03:15.360+02:00 DEBUG 8868 --- [shop] [           main] org.hibernate.SQL                        : drop sequence if exists orders_seq
Hibernate: drop sequence if exists orders_seq
2025-02-20T11:03:15.360+02:00 DEBUG 8868 --- [shop] [           main] org.hibernate.SQL                        : drop sequence if exists product_image_seq
Hibernate: drop sequence if exists product_image_seq
2025-02-20T11:03:15.360+02:00 DEBUG 8868 --- [shop] [           main] org.hibernate.SQL                        : drop sequence if exists product_seq
Hibernate: drop sequence if exists product_seq
2025-02-20T11:03:15.370+02:00 DEBUG 8868 --- [shop] [           main] org.hibernate.SQL                        : drop sequence if exists review_seq
Hibernate: drop sequence if exists review_seq
2025-02-20T11:03:15.370+02:00 DEBUG 8868 --- [shop] [           main] org.hibernate.SQL                        : drop sequence if exists shipment_seq
Hibernate: drop sequence if exists shipment_seq
2025-02-20T11:03:15.370+02:00 DEBUG 8868 --- [shop] [           main] org.hibernate.SQL                        : drop sequence if exists shopping_cart_seq
Hibernate: drop sequence if exists shopping_cart_seq
2025-02-20T11:03:15.370+02:00 DEBUG 8868 --- [shop] [           main] org.hibernate.SQL                        : drop sequence if exists transaction_seq
Hibernate: drop sequence if exists transaction_seq
2025-02-20T11:03:15.370+02:00 DEBUG 8868 --- [shop] [           main] org.hibernate.SQL                        : drop sequence if exists users_seq
Hibernate: drop sequence if exists users_seq
2025-02-20T11:03:15.374+02:00 DEBUG 8868 --- [shop] [           main] org.hibernate.SQL                        : drop sequence if exists wish_list_seq
Hibernate: drop sequence if exists wish_list_seq
2025-02-20T11:03:15.374+02:00 DEBUG 8868 --- [shop] [           main] org.hibernate.SQL                        : create sequence cart_item_seq start with 1 increment by 50
Hibernate: create sequence cart_item_seq start with 1 increment by 50
2025-02-20T11:03:15.374+02:00 DEBUG 8868 --- [shop] [           main] org.hibernate.SQL                        : create sequence category_seq start with 1 increment by 50
Hibernate: create sequence category_seq start with 1 increment by 50
2025-02-20T11:03:15.374+02:00 DEBUG 8868 --- [shop] [           main] org.hibernate.SQL                        : create sequence order_product_seq start with 1 increment by 50
Hibernate: create sequence order_product_seq start with 1 increment by 50
2025-02-20T11:03:15.374+02:00 DEBUG 8868 --- [shop] [           main] org.hibernate.SQL                        : create sequence orders_seq start with 1 increment by 50
Hibernate: create sequence orders_seq start with 1 increment by 50
2025-02-20T11:03:15.374+02:00 DEBUG 8868 --- [shop] [           main] org.hibernate.SQL                        : create sequence product_image_seq start with 1 increment by 50
Hibernate: create sequence product_image_seq start with 1 increment by 50
2025-02-20T11:03:15.374+02:00 DEBUG 8868 --- [shop] [           main] org.hibernate.SQL                        : create sequence product_seq start with 1 increment by 50
Hibernate: create sequence product_seq start with 1 increment by 50
2025-02-20T11:03:15.380+02:00 DEBUG 8868 --- [shop] [           main] org.hibernate.SQL                        : create sequence review_seq start with 1 increment by 50
Hibernate: create sequence review_seq start with 1 increment by 50
2025-02-20T11:03:15.380+02:00 DEBUG 8868 --- [shop] [           main] org.hibernate.SQL                        : create sequence shipment_seq start with 1 increment by 50
Hibernate: create sequence shipment_seq start with 1 increment by 50
2025-02-20T11:03:15.380+02:00 DEBUG 8868 --- [shop] [           main] org.hibernate.SQL                        : create sequence shopping_cart_seq start with 1 increment by 50
Hibernate: create sequence shopping_cart_seq start with 1 increment by 50
2025-02-20T11:03:15.380+02:00 DEBUG 8868 --- [shop] [           main] org.hibernate.SQL                        : create sequence transaction_seq start with 1 increment by 50
Hibernate: create sequence transaction_seq start with 1 increment by 50
2025-02-20T11:03:15.380+02:00 DEBUG 8868 --- [shop] [           main] org.hibernate.SQL                        : create sequence users_seq start with 1 increment by 50
Hibernate: create sequence users_seq start with 1 increment by 50
2025-02-20T11:03:15.380+02:00 DEBUG 8868 --- [shop] [           main] org.hibernate.SQL                        : create sequence wish_list_seq start with 1 increment by 50
Hibernate: create sequence wish_list_seq start with 1 increment by 50
2025-02-20T11:03:15.380+02:00 DEBUG 8868 --- [shop] [           main] org.hibernate.SQL                        : create table cart_item (quantity integer not null, cart_id bigint, id bigint not null, product_id bigint, primary key (id))
Hibernate: create table cart_item (quantity integer not null, cart_id bigint, id bigint not null, product_id bigint, primary key (id))
2025-02-20T11:03:15.380+02:00 DEBUG 8868 --- [shop] [           main] org.hibernate.SQL                        : create table category (id bigint not null, name varchar(255), primary key (id))
Hibernate: create table category (id bigint not null, name varchar(255), primary key (id))
2025-02-20T11:03:15.380+02:00 DEBUG 8868 --- [shop] [           main] org.hibernate.SQL                        : create table notifications (new_arrivals boolean not null, offers boolean not null, order_status boolean not null, via_email boolean not null, via_push boolean not null, id bigint generated by default as identity, user_id bigint unique, primary key (id))
Hibernate: create table notifications (new_arrivals boolean not null, offers boolean not null, order_status boolean not null, via_email boolean not null, via_push boolean not null, id bigint generated by default as identity, user_id bigint unique, primary key (id))
2025-02-20T11:03:15.390+02:00 DEBUG 8868 --- [shop] [           main] org.hibernate.SQL                        : create table order_product (price float(53), quantity integer, saving_option integer not null, id bigint not null, order_id bigint, product_id bigint, name varchar(255), product_name varchar(255), public_id varchar(255), url varchar(255), data blob, primary key (id))
Hibernate: create table order_product (price float(53), quantity integer, saving_option integer not null, id bigint not null, order_id bigint, product_id bigint, name varchar(255), product_name varchar(255), public_id varchar(255), url varchar(255), data blob, primary key (id))
2025-02-20T11:03:15.390+02:00 DEBUG 8868 --- [shop] [           main] org.hibernate.SQL                        : create table orders (total float(53), created_at timestamp(6), id bigint not null, user_id bigint, status varchar(255), primary key (id))
Hibernate: create table orders (total float(53), created_at timestamp(6), id bigint not null, user_id bigint, status varchar(255), primary key (id))
2025-02-20T11:03:15.395+02:00 DEBUG 8868 --- [shop] [           main] org.hibernate.SQL                        : create table product (discount integer not null, price float(53) not null, rating float(53) not null, stock integer not null, category_id bigint, created_at timestamp(6), id bigint not null, sales bigint, description varchar(255), name varchar(255), primary key (id))
Hibernate: create table product (discount integer not null, price float(53) not null, rating float(53) not null, stock integer not null, category_id bigint, created_at timestamp(6), id bigint not null, sales bigint, description varchar(255), name varchar(255), primary key (id))
2025-02-20T11:03:15.395+02:00 DEBUG 8868 --- [shop] [           main] org.hibernate.SQL                        : create table product_image (saving_option integer not null, id bigint not null, product_id bigint, name varchar(255), public_id varchar(255), url varchar(255), data blob, primary key (id))
Hibernate: create table product_image (saving_option integer not null, id bigint not null, product_id bigint, name varchar(255), public_id varchar(255), url varchar(255), data blob, primary key (id))
2025-02-20T11:03:15.400+02:00 DEBUG 8868 --- [shop] [           main] org.hibernate.SQL                        : create table review (rating integer not null, created_at timestamp(6), id bigint not null, product_id bigint, user_id bigint, posted_by varchar(255), text varchar(255), primary key (id))
Hibernate: create table review (rating integer not null, created_at timestamp(6), id bigint not null, product_id bigint, user_id bigint, posted_by varchar(255), text varchar(255), primary key (id))
2025-02-20T11:03:15.400+02:00 DEBUG 8868 --- [shop] [           main] org.hibernate.SQL                        : create table shipment (id bigint not null, user_id bigint unique, address_line1 varchar(255), address_line2 varchar(255), country varchar(255), first_name varchar(255), last_name varchar(255), phone_number varchar(255), postal_code varchar(255), province varchar(255), town varchar(255), primary key (id))
Hibernate: create table shipment (id bigint not null, user_id bigint unique, address_line1 varchar(255), address_line2 varchar(255), country varchar(255), first_name varchar(255), last_name varchar(255), phone_number varchar(255), postal_code varchar(255), province varchar(255), town varchar(255), primary key (id))
2025-02-20T11:03:15.402+02:00 DEBUG 8868 --- [shop] [           main] org.hibernate.SQL                        : create table shopping_cart (id bigint not null, user_id bigint unique, primary key (id))
Hibernate: create table shopping_cart (id bigint not null, user_id bigint unique, primary key (id))
2025-02-20T11:03:15.406+02:00 DEBUG 8868 --- [shop] [           main] org.hibernate.SQL                        : create table transaction (amount float(53), id bigint not null, transaction_date timestamp(6), user_id bigint unique, currency varchar(255), payment_method varchar(255), status varchar(255), transaction_id varchar(255), primary key (id))
Hibernate: create table transaction (amount float(53), id bigint not null, transaction_date timestamp(6), user_id bigint unique, currency varchar(255), payment_method varchar(255), status varchar(255), transaction_id varchar(255), primary key (id))
2025-02-20T11:03:15.410+02:00 DEBUG 8868 --- [shop] [           main] org.hibernate.SQL                        : create table users (verified boolean not null, code_expiration timestamp(6), id bigint not null, email varchar(255), fcm_token varchar(255), password varchar(255), role varchar(255), username varchar(255), verification_code varchar(255), primary key (id))
Hibernate: create table users (verified boolean not null, code_expiration timestamp(6), id bigint not null, email varchar(255), fcm_token varchar(255), password varchar(255), role varchar(255), username varchar(255), verification_code varchar(255), primary key (id))
2025-02-20T11:03:15.410+02:00 DEBUG 8868 --- [shop] [           main] org.hibernate.SQL                        : create table users_order_history (order_history_id bigint not null, user_id bigint not null)
Hibernate: create table users_order_history (order_history_id bigint not null, user_id bigint not null)
2025-02-20T11:03:15.410+02:00 DEBUG 8868 --- [shop] [           main] org.hibernate.SQL                        : create table wish_list (id bigint not null, user_id bigint unique, primary key (id))
Hibernate: create table wish_list (id bigint not null, user_id bigint unique, primary key (id))
2025-02-20T11:03:15.410+02:00 DEBUG 8868 --- [shop] [           main] org.hibernate.SQL                        : create table wish_list_products (products_id bigint not null, wish_list_id bigint not null, primary key (products_id, wish_list_id))
Hibernate: create table wish_list_products (products_id bigint not null, wish_list_id bigint not null, primary key (products_id, wish_list_id))
2025-02-20T11:03:15.410+02:00 DEBUG 8868 --- [shop] [           main] org.hibernate.SQL                        : alter table if exists cart_item add constraint FKf9e1brwb4ea9cxtvxbs0wugdt foreign key (cart_id) references shopping_cart
Hibernate: alter table if exists cart_item add constraint FKf9e1brwb4ea9cxtvxbs0wugdt foreign key (cart_id) references shopping_cart
2025-02-20T11:03:15.421+02:00 DEBUG 8868 --- [shop] [           main] org.hibernate.SQL                        : alter table if exists cart_item add constraint FKjcyd5wv4igqnw413rgxbfu4nv foreign key (product_id) references product
Hibernate: alter table if exists cart_item add constraint FKjcyd5wv4igqnw413rgxbfu4nv foreign key (product_id) references product
2025-02-20T11:03:15.421+02:00 DEBUG 8868 --- [shop] [           main] org.hibernate.SQL                        : alter table if exists notifications add constraint FK9y21adhxn0ayjhfocscqox7bh foreign key (user_id) references users
Hibernate: alter table if exists notifications add constraint FK9y21adhxn0ayjhfocscqox7bh foreign key (user_id) references users
2025-02-20T11:03:15.421+02:00 DEBUG 8868 --- [shop] [           main] org.hibernate.SQL                        : alter table if exists order_product add constraint FKl5mnj9n0di7k1v90yxnthkc73 foreign key (order_id) references orders
Hibernate: alter table if exists order_product add constraint FKl5mnj9n0di7k1v90yxnthkc73 foreign key (order_id) references orders
2025-02-20T11:03:15.430+02:00 DEBUG 8868 --- [shop] [           main] org.hibernate.SQL                        : alter table if exists orders add constraint FK32ql8ubntj5uh44ph9659tiih foreign key (user_id) references users
Hibernate: alter table if exists orders add constraint FK32ql8ubntj5uh44ph9659tiih foreign key (user_id) references users
2025-02-20T11:03:15.435+02:00 DEBUG 8868 --- [shop] [           main] org.hibernate.SQL                        : alter table if exists product add constraint FK1mtsbur82frn64de7balymq9s foreign key (category_id) references category
Hibernate: alter table if exists product add constraint FK1mtsbur82frn64de7balymq9s foreign key (category_id) references category
2025-02-20T11:03:15.440+02:00 DEBUG 8868 --- [shop] [           main] org.hibernate.SQL                        : alter table if exists product_image add constraint FK6oo0cvcdtb6qmwsga468uuukk foreign key (product_id) references product
Hibernate: alter table if exists product_image add constraint FK6oo0cvcdtb6qmwsga468uuukk foreign key (product_id) references product
2025-02-20T11:03:15.440+02:00 DEBUG 8868 --- [shop] [           main] org.hibernate.SQL                        : alter table if exists review add constraint FKiyof1sindb9qiqr9o8npj8klt foreign key (product_id) references product
Hibernate: alter table if exists review add constraint FKiyof1sindb9qiqr9o8npj8klt foreign key (product_id) references product
2025-02-20T11:03:15.440+02:00 DEBUG 8868 --- [shop] [           main] org.hibernate.SQL                        : alter table if exists review add constraint FK6cpw2nlklblpvc7hyt7ko6v3e foreign key (user_id) references users
Hibernate: alter table if exists review add constraint FK6cpw2nlklblpvc7hyt7ko6v3e foreign key (user_id) references users
2025-02-20T11:03:15.440+02:00 DEBUG 8868 --- [shop] [           main] org.hibernate.SQL                        : alter table if exists shipment add constraint FK8egn888yvlf89axjogl61u8nt foreign key (user_id) references users
Hibernate: alter table if exists shipment add constraint FK8egn888yvlf89axjogl61u8nt foreign key (user_id) references users
2025-02-20T11:03:15.450+02:00 DEBUG 8868 --- [shop] [           main] org.hibernate.SQL                        : alter table if exists shopping_cart add constraint FKr1irjigmqcpfrvggavnr7vjyv foreign key (user_id) references users
Hibernate: alter table if exists shopping_cart add constraint FKr1irjigmqcpfrvggavnr7vjyv foreign key (user_id) references users
2025-02-20T11:03:15.453+02:00 DEBUG 8868 --- [shop] [           main] org.hibernate.SQL                        : alter table if exists transaction add constraint FKanjpo5tiapru7an6cw4cu37y4 foreign key (user_id) references users
Hibernate: alter table if exists transaction add constraint FKanjpo5tiapru7an6cw4cu37y4 foreign key (user_id) references users
2025-02-20T11:03:15.453+02:00 DEBUG 8868 --- [shop] [           main] org.hibernate.SQL                        : alter table if exists users_order_history add constraint FKbtbnbq1by0ws834n8ngiaet2s foreign key (order_history_id) references orders
Hibernate: alter table if exists users_order_history add constraint FKbtbnbq1by0ws834n8ngiaet2s foreign key (order_history_id) references orders
2025-02-20T11:03:15.460+02:00 DEBUG 8868 --- [shop] [           main] org.hibernate.SQL                        : alter table if exists users_order_history add constraint FK32kyvke6jeu8rpg14brna9060 foreign key (user_id) references users
Hibernate: alter table if exists users_order_history add constraint FK32kyvke6jeu8rpg14brna9060 foreign key (user_id) references users
2025-02-20T11:03:15.460+02:00 DEBUG 8868 --- [shop] [           main] org.hibernate.SQL                        : alter table if exists wish_list add constraint FKit8ap20bpapw291y78egje6f3 foreign key (user_id) references users
Hibernate: alter table if exists wish_list add constraint FKit8ap20bpapw291y78egje6f3 foreign key (user_id) references users
2025-02-20T11:03:15.465+02:00 DEBUG 8868 --- [shop] [           main] org.hibernate.SQL                        : alter table if exists wish_list_products add constraint FKru03wa8q3620c8f8brxki4478 foreign key (products_id) references product
Hibernate: alter table if exists wish_list_products add constraint FKru03wa8q3620c8f8brxki4478 foreign key (products_id) references product
2025-02-20T11:03:15.470+02:00 DEBUG 8868 --- [shop] [           main] org.hibernate.SQL                        : alter table if exists wish_list_products add constraint FKemcyikw15sfq3dcg689e29it1 foreign key (wish_list_id) references wish_list
Hibernate: alter table if exists wish_list_products add constraint FKemcyikw15sfq3dcg689e29it1 foreign key (wish_list_id) references wish_list
2025-02-20T11:03:15.475+02:00  INFO 8868 --- [shop] [           main] j.LocalContainerEntityManagerFactoryBean : Initialized JPA EntityManagerFactory for persistence unit 'default'
2025-02-20T11:03:15.475+02:00 DEBUG 8868 --- [shop] [           main] o.s.b.f.s.DefaultListableBeanFactory     : Creating shared instance of singleton bean 'shopApplication'
2025-02-20T11:03:15.475+02:00 DEBUG 8868 --- [shop] [           main] o.s.b.f.s.DefaultListableBeanFactory     : Creating shared instance of singleton bean 'adminUserInitializer'
2025-02-20T11:03:15.480+02:00 DEBUG 8868 --- [shop] [           main] o.s.b.f.s.DefaultListableBeanFactory     : Creating shared instance of singleton bean 'userRepository'
2025-02-20T11:03:15.490+02:00 DEBUG 8868 --- [shop] [           main] o.s.b.f.s.DefaultListableBeanFactory     : Creating shared instance of singleton bean 'jpa.named-queries#3'
2025-02-20T11:03:15.490+02:00 DEBUG 8868 --- [shop] [           main] o.s.b.f.s.DefaultListableBeanFactory     : Creating shared instance of singleton bean 'jpa.UserRepository.fragments#0'
2025-02-20T11:03:15.490+02:00 DEBUG 8868 --- [shop] [           main] o.s.b.f.s.DefaultListableBeanFactory     : Creating shared instance of singleton bean 'jpaSharedEM_entityManagerFactory'
2025-02-20T11:03:15.517+02:00 DEBUG 8868 --- [shop] [           main] o.s.b.f.s.DefaultListableBeanFactory     : Creating shared instance of singleton bean 'jpaMappingContext'
2025-02-20T11:03:15.518+02:00 DEBUG 8868 --- [shop] [           main] .c.JpaMetamodelMappingContextFactoryBean : Initializing JpaMetamodelMappingContext…
2025-02-20T11:03:15.518+02:00 DEBUG 8868 --- [shop] [           main] .c.JpaMetamodelMappingContextFactoryBean : Finished initializing JpaMetamodelMappingContext
2025-02-20T11:03:15.520+02:00 DEBUG 8868 --- [shop] [           main] tor$SharedEntityManagerInvocationHandler : Creating new EntityManager for shared EntityManager invocation
2025-02-20T11:03:15.600+02:00 DEBUG 8868 --- [shop] [           main] o.s.d.r.c.s.RepositoryFactorySupport     : Initializing repository instance for com.online.shop.repositories.UserRepository…
2025-02-20T11:03:15.600+02:00 DEBUG 8868 --- [shop] [           main] tor$SharedEntityManagerInvocationHandler : Creating new EntityManager for shared EntityManager invocation
2025-02-20T11:03:15.613+02:00 DEBUG 8868 --- [shop] [           main] o.s.d.jpa.repository.query.NamedQuery    : Looking up named query 'User.existsByUsername'
2025-02-20T11:03:15.613+02:00 DEBUG 8868 --- [shop] [           main] o.s.d.jpa.repository.query.NamedQuery    : Did not find named query User.existsByUsername
2025-02-20T11:03:15.613+02:00 DEBUG 8868 --- [shop] [           main] tor$SharedEntityManagerInvocationHandler : Creating new EntityManager for shared EntityManager invocation
2025-02-20T11:03:15.618+02:00 DEBUG 8868 --- [shop] [           main] o.s.d.jpa.repository.query.NamedQuery    : Looking up named query 'User.findByUsername'
2025-02-20T11:03:15.618+02:00 DEBUG 8868 --- [shop] [           main] o.s.d.jpa.repository.query.NamedQuery    : Did not find named query User.findByUsername
2025-02-20T11:03:15.618+02:00 DEBUG 8868 --- [shop] [           main] tor$SharedEntityManagerInvocationHandler : Creating new EntityManager for shared EntityManager invocation
2025-02-20T11:03:15.620+02:00 DEBUG 8868 --- [shop] [           main] o.s.d.jpa.repository.query.NamedQuery    : Looking up named query 'User.existsByEmail'
2025-02-20T11:03:15.620+02:00 DEBUG 8868 --- [shop] [           main] o.s.d.jpa.repository.query.NamedQuery    : Did not find named query User.existsByEmail
2025-02-20T11:03:15.620+02:00 DEBUG 8868 --- [shop] [           main] tor$SharedEntityManagerInvocationHandler : Creating new EntityManager for shared EntityManager invocation
2025-02-20T11:03:15.620+02:00 DEBUG 8868 --- [shop] [           main] o.s.d.jpa.repository.query.NamedQuery    : Looking up named query 'User.findByEmail'
2025-02-20T11:03:15.620+02:00 DEBUG 8868 --- [shop] [           main] o.s.d.jpa.repository.query.NamedQuery    : Did not find named query User.findByEmail
2025-02-20T11:03:15.620+02:00 DEBUG 8868 --- [shop] [           main] tor$SharedEntityManagerInvocationHandler : Creating new EntityManager for shared EntityManager invocation
2025-02-20T11:03:15.620+02:00 DEBUG 8868 --- [shop] [           main] o.s.d.jpa.repository.query.NamedQuery    : Looking up named query 'User.findByVerificationCode'
2025-02-20T11:03:15.627+02:00 DEBUG 8868 --- [shop] [           main] o.s.d.jpa.repository.query.NamedQuery    : Did not find named query User.findByVerificationCode
2025-02-20T11:03:15.627+02:00 DEBUG 8868 --- [shop] [           main] tor$SharedEntityManagerInvocationHandler : Creating new EntityManager for shared EntityManager invocation
2025-02-20T11:03:15.627+02:00 DEBUG 8868 --- [shop] [           main] o.s.d.r.c.s.RepositoryFactorySupport     : Finished creation of repository instance for com.online.shop.repositories.UserRepository.
2025-02-20T11:03:15.641+02:00 DEBUG 8868 --- [shop] [           main] o.s.b.f.s.DefaultListableBeanFactory     : Creating shared instance of singleton bean 'passwordEncoder'
2025-02-20T11:03:15.641+02:00 DEBUG 8868 --- [shop] [           main] o.s.b.f.s.DefaultListableBeanFactory     : Creating shared instance of singleton bean 'securityConfig'
2025-02-20T11:03:15.645+02:00 DEBUG 8868 --- [shop] [           main] o.s.b.f.s.DefaultListableBeanFactory     : Creating shared instance of singleton bean 'customUserDetailsService'
2025-02-20T11:03:15.645+02:00 DEBUG 8868 --- [shop] [           main] o.s.b.f.s.DefaultListableBeanFactory     : Autowiring by type from bean name 'customUserDetailsService' via constructor to bean named 'userRepository'
2025-02-20T11:03:15.645+02:00 DEBUG 8868 --- [shop] [           main] o.s.b.f.s.DefaultListableBeanFactory     : Autowiring by type from bean name 'securityConfig' via constructor to bean named 'customUserDetailsService'
2025-02-20T11:03:15.656+02:00 DEBUG 8868 --- [shop] [           main] o.s.b.f.s.DefaultListableBeanFactory     : Autowiring by type from bean name 'adminUserInitializer' via constructor to bean named 'userRepository'
2025-02-20T11:03:15.656+02:00 DEBUG 8868 --- [shop] [           main] o.s.b.f.s.DefaultListableBeanFactory     : Autowiring by type from bean name 'adminUserInitializer' via constructor to bean named 'passwordEncoder'
2025-02-20T11:03:15.656+02:00 DEBUG 8868 --- [shop] [           main] o.s.b.f.s.DefaultListableBeanFactory     : Creating shared instance of singleton bean 'customAuthenticationFailureHandler'
2025-02-20T11:03:15.656+02:00 DEBUG 8868 --- [shop] [           main] o.s.b.f.s.DefaultListableBeanFactory     : Creating shared instance of singleton bean 'payPalHttpClient'
2025-02-20T11:03:15.656+02:00 DEBUG 8868 --- [shop] [           main] o.s.b.f.s.DefaultListableBeanFactory     : Creating shared instance of singleton bean 'jacksonObjectMapper'
2025-02-20T11:03:15.656+02:00 DEBUG 8868 --- [shop] [           main] o.s.b.f.s.DefaultListableBeanFactory     : Creating shared instance of singleton bean 'org.springframework.boot.autoconfigure.jackson.JacksonAutoConfiguration$JacksonObjectMapperConfiguration'
2025-02-20T11:03:15.660+02:00 DEBUG 8868 --- [shop] [           main] o.s.b.f.s.DefaultListableBeanFactory     : Creating shared instance of singleton bean 'org.springframework.boot.autoconfigure.jackson.JacksonAutoConfiguration$JacksonObjectMapperBuilderConfiguration'
2025-02-20T11:03:15.661+02:00 DEBUG 8868 --- [shop] [           main] o.s.b.f.s.DefaultListableBeanFactory     : Creating shared instance of singleton bean 'standardJacksonObjectMapperBuilderCustomizer'
2025-02-20T11:03:15.661+02:00 DEBUG 8868 --- [shop] [           main] o.s.b.f.s.DefaultListableBeanFactory     : Creating shared instance of singleton bean 'org.springframework.boot.autoconfigure.jackson.JacksonAutoConfiguration$Jackson2ObjectMapperBuilderCustomizerConfiguration'
2025-02-20T11:03:15.661+02:00 DEBUG 8868 --- [shop] [           main] o.s.b.f.s.DefaultListableBeanFactory     : Creating shared instance of singleton bean 'spring.jackson-org.springframework.boot.autoconfigure.jackson.JacksonProperties'
2025-02-20T11:03:15.673+02:00 DEBUG 8868 --- [shop] [           main] o.s.b.f.s.DefaultListableBeanFactory     : Autowiring by type from bean name 'standardJacksonObjectMapperBuilderCustomizer' via factory method to bean named 'spring.jackson-org.springframework.boot.autoconfigure.jackson.JacksonProperties'
2025-02-20T11:03:15.674+02:00 DEBUG 8868 --- [shop] [           main] o.s.b.f.s.DefaultListableBeanFactory     : Creating shared instance of singleton bean 'parameterNamesModule'
2025-02-20T11:03:15.674+02:00 DEBUG 8868 --- [shop] [           main] o.s.b.f.s.DefaultListableBeanFactory     : Creating shared instance of singleton bean 'org.springframework.boot.autoconfigure.jackson.JacksonAutoConfiguration$ParameterNamesModuleConfiguration'
2025-02-20T11:03:15.677+02:00 DEBUG 8868 --- [shop] [           main] o.s.b.f.s.DefaultListableBeanFactory     : Creating shared instance of singleton bean 'jsonMixinModule'
2025-02-20T11:03:15.677+02:00 DEBUG 8868 --- [shop] [           main] o.s.b.f.s.DefaultListableBeanFactory     : Creating shared instance of singleton bean 'org.springframework.boot.autoconfigure.jackson.JacksonAutoConfiguration$JacksonMixinConfiguration'
2025-02-20T11:03:15.680+02:00 DEBUG 8868 --- [shop] [           main] o.s.b.f.s.DefaultListableBeanFactory     : Creating shared instance of singleton bean 'jsonMixinModuleEntries'
2025-02-20T11:03:15.680+02:00 DEBUG 8868 --- [shop] [           main] o.s.b.f.s.DefaultListableBeanFactory     : Autowiring by type from bean name 'jsonMixinModuleEntries' via factory method to bean named 'org.springframework.web.context.support.GenericWebApplicationContext@3f77cd24'
2025-02-20T11:03:15.693+02:00 DEBUG 8868 --- [shop] [           main] o.s.b.f.s.DefaultListableBeanFactory     : Autowiring by type from bean name 'jsonMixinModule' via factory method to bean named 'org.springframework.web.context.support.GenericWebApplicationContext@3f77cd24'
2025-02-20T11:03:15.693+02:00 DEBUG 8868 --- [shop] [           main] o.s.b.f.s.DefaultListableBeanFactory     : Autowiring by type from bean name 'jsonMixinModule' via factory method to bean named 'jsonMixinModuleEntries'
2025-02-20T11:03:15.693+02:00 DEBUG 8868 --- [shop] [           main] o.s.b.f.s.DefaultListableBeanFactory     : Creating shared instance of singleton bean 'jsonComponentModule'
2025-02-20T11:03:15.693+02:00 DEBUG 8868 --- [shop] [           main] o.s.b.f.s.DefaultListableBeanFactory     : Creating shared instance of singleton bean 'org.springframework.boot.autoconfigure.jackson.JacksonAutoConfiguration'
2025-02-20T11:03:15.706+02:00 DEBUG 8868 --- [shop] [           main] o.s.b.f.s.DefaultListableBeanFactory     : Creating shared instance of singleton bean 'jacksonGeoModule'
2025-02-20T11:03:15.706+02:00 DEBUG 8868 --- [shop] [           main] o.s.b.f.s.DefaultListableBeanFactory     : Creating shared instance of singleton bean 'org.springframework.data.web.config.SpringDataJacksonConfiguration'
2025-02-20T11:03:15.710+02:00 DEBUG 8868 --- [shop] [           main] o.s.b.f.s.DefaultListableBeanFactory     : Creating shared instance of singleton bean 'springDataWebSettings'
2025-02-20T11:03:15.710+02:00 DEBUG 8868 --- [shop] [           main] o.s.b.f.s.DefaultListableBeanFactory     : Creating shared instance of singleton bean 'org.springframework.boot.autoconfigure.data.web.SpringDataWebAutoConfiguration'
2025-02-20T11:03:15.710+02:00 DEBUG 8868 --- [shop] [           main] o.s.b.f.s.DefaultListableBeanFactory     : Creating shared instance of singleton bean 'spring.data.web-org.springframework.boot.autoconfigure.data.web.SpringDataWebProperties'
2025-02-20T11:03:15.710+02:00 DEBUG 8868 --- [shop] [           main] o.s.b.f.s.DefaultListableBeanFactory     : Autowiring by type from bean name 'org.springframework.boot.autoconfigure.data.web.SpringDataWebAutoConfiguration' via constructor to bean named 'spring.data.web-org.springframework.boot.autoconfigure.data.web.SpringDataWebProperties'
2025-02-20T11:03:15.715+02:00 DEBUG 8868 --- [shop] [           main] o.s.b.f.s.DefaultListableBeanFactory     : Creating shared instance of singleton bean 'pageModule'
2025-02-20T11:03:15.725+02:00 DEBUG 8868 --- [shop] [           main] o.s.b.f.s.DefaultListableBeanFactory     : Autowiring by type from bean name 'jacksonObjectMapperBuilder' via factory method to bean named 'org.springframework.web.context.support.GenericWebApplicationContext@3f77cd24'
2025-02-20T11:03:15.725+02:00 DEBUG 8868 --- [shop] [           main] o.s.b.f.s.DefaultListableBeanFactory     : Autowiring by type from bean name 'jacksonObjectMapperBuilder' via factory method to bean named 'standardJacksonObjectMapperBuilderCustomizer'
2025-02-20T11:03:15.725+02:00 DEBUG 8868 --- [shop] [           main] o.s.b.f.s.DefaultListableBeanFactory     : Autowiring by type from bean name 'jacksonObjectMapper' via factory method to bean named 'jacksonObjectMapperBuilder'
[...]
2025-02-20T11:03:20.750+02:00 DEBUG 8868 --- [shop] [           main] o.s.t.web.servlet.TestDispatcherServlet  : POST "/user/cart/add/7", parameters={}
2025-02-20T11:03:20.755+02:00 DEBUG 8868 --- [shop] [           main] s.w.s.m.m.a.RequestMappingHandlerMapping : Mapped to com.online.shop.controllers.CartController#addProductToCart(Long, Principal)
2025-02-20T11:03:20.765+02:00 DEBUG 8868 --- [shop] [           main] org.hibernate.SQL                        : insert into wish_list (user_id,id) values (?,?)
Hibernate: insert into wish_list (user_id,id) values (?,?)
2025-02-20T11:03:20.765+02:00 DEBUG 8868 --- [shop] [           main] org.hibernate.SQL                        : delete from wish_list_products where wish_list_id=?
Hibernate: delete from wish_list_products where wish_list_id=?
2025-02-20T11:03:20.765+02:00 DEBUG 8868 --- [shop] [           main] org.hibernate.SQL                        : delete from users_order_history where user_id=?
Hibernate: delete from users_order_history where user_id=?
2025-02-20T11:03:20.770+02:00 DEBUG 8868 --- [shop] [           main] org.hibernate.SQL                        : delete from shopping_cart where id=?
Hibernate: delete from shopping_cart where id=?
2025-02-20T11:03:20.770+02:00 DEBUG 8868 --- [shop] [           main] org.hibernate.SQL                        : delete from wish_list where id=?
Hibernate: delete from wish_list where id=?
2025-02-20T11:03:20.770+02:00 DEBUG 8868 --- [shop] [           main] org.hibernate.SQL                        : delete from users where id=?
Hibernate: delete from users where id=?
2025-02-20T11:03:20.776+02:00 DEBUG 8868 --- [shop] [           main] org.hibernate.SQL                        : select u1_0.id,u1_0.code_expiration,u1_0.email,u1_0.fcm_token,u1_0.password,u1_0.role,u1_0.username,u1_0.verification_code,u1_0.verified from users u1_0 where u1_0.username=?
Hibernate: select u1_0.id,u1_0.code_expiration,u1_0.email,u1_0.fcm_token,u1_0.password,u1_0.role,u1_0.username,u1_0.verification_code,u1_0.verified from users u1_0 where u1_0.username=?
2025-02-20T11:03:20.776+02:00 DEBUG 8868 --- [shop] [           main] o.s.orm.jpa.JpaTransactionManager        : Found thread-bound EntityManager [SessionImpl(2104685993<open>)] for JPA transaction
2025-02-20T11:03:20.776+02:00 DEBUG 8868 --- [shop] [           main] o.s.orm.jpa.JpaTransactionManager        : Participating in existing transaction
2025-02-20T11:03:20.780+02:00 DEBUG 8868 --- [shop] [           main] o.s.orm.jpa.JpaTransactionManager        : Found thread-bound EntityManager [SessionImpl(2104685993<open>)] for JPA transaction
2025-02-20T11:03:20.780+02:00 DEBUG 8868 --- [shop] [           main] o.s.orm.jpa.JpaTransactionManager        : Participating in existing transaction
2025-02-20T11:03:20.780+02:00 DEBUG 8868 --- [shop] [           main] o.s.w.s.m.m.a.HttpEntityMethodProcessor  : Using 'text/plain', given [*/*] and supported [text/plain, */*, application/json, application/*+json]
2025-02-20T11:03:20.780+02:00 DEBUG 8868 --- [shop] [           main] o.s.w.s.m.m.a.HttpEntityMethodProcessor  : Writing ["The product was added to cart!"]
2025-02-20T11:03:20.780+02:00 DEBUG 8868 --- [shop] [           main] o.s.t.web.servlet.TestDispatcherServlet  : Completed 200 OK
2025-02-20T11:03:20.785+02:00 DEBUG 8868 --- [shop] [           main] o.s.test.util.ReflectionTestUtils        : Invoking method 'getFilters' on target object [FilterChainProxy[Filter Chains: null]] or target class [null] with arguments {org.springframework.mock.web.MockHttpServletRequest@78e1625f}
2025-02-20T11:03:20.785+02:00 DEBUG 8868 --- [shop] [           main] o.s.test.util.ReflectionTestUtils        : Invoking method 'getFilters' on target object [FilterChainProxy[Filter Chains: null]] or target class [null] with arguments {org.springframework.mock.web.MockHttpServletRequest@78e1625f}
2025-02-20T11:03:20.785+02:00 DEBUG 8868 --- [shop] [           main] o.s.test.util.ReflectionTestUtils        : Getting field 'securityContextRepository' from target object [org.springframework.security.web.context.SecurityContextHolderFilter@5dd7f921] or target class [class org.springframework.security.web.context.SecurityContextHolderFilter]
2025-02-20T11:03:20.785+02:00 DEBUG 8868 --- [shop] [           main] w.c.HttpSessionSecurityContextRepository : Created HttpSession as SecurityContext is non-default
2025-02-20T11:03:20.785+02:00 DEBUG 8868 --- [shop] [           main] w.c.HttpSessionSecurityContextRepository : Stored SecurityContextImpl [Authentication=UsernamePasswordAuthenticationToken [Principal=org.springframework.security.core.userdetails.User [Username=user, Password=[PROTECTED], Enabled=true, AccountNonExpired=true, CredentialsNonExpired=true, AccountNonLocked=true, Granted Authorities=[ROLE_USER]], Credentials=[PROTECTED], Authenticated=true, Details=null, Granted Authorities=[ROLE_USER]]] to HttpSession [org.springframework.mock.web.MockHttpSession@446e20c0]
2025-02-20T11:03:20.790+02:00 DEBUG 8868 --- [shop] [           main] o.s.security.web.FilterChainProxy        : Securing GET /user/cart/getCartItems
2025-02-20T11:03:20.790+02:00 DEBUG 8868 --- [shop] [           main] w.c.HttpSessionSecurityContextRepository : Retrieved SecurityContextImpl [Authentication=UsernamePasswordAuthenticationToken [Principal=org.springframework.security.core.userdetails.User [Username=user, Password=[PROTECTED], Enabled=true, AccountNonExpired=true, CredentialsNonExpired=true, AccountNonLocked=true, Granted Authorities=[ROLE_USER]], Credentials=[PROTECTED], Authenticated=true, Details=null, Granted Authorities=[ROLE_USER]]]
2025-02-20T11:03:20.790+02:00 DEBUG 8868 --- [shop] [           main] o.s.security.web.FilterChainProxy        : Secured GET /user/cart/getCartItems
2025-02-20T11:03:20.790+02:00 DEBUG 8868 --- [shop] [           main] o.s.t.web.servlet.TestDispatcherServlet  : GET "/user/cart/getCartItems", parameters={}
2025-02-20T11:03:20.790+02:00 DEBUG 8868 --- [shop] [           main] s.w.s.m.m.a.RequestMappingHandlerMapping : Mapped to com.online.shop.controllers.CartController#getCartItems(Principal)
2025-02-20T11:03:20.795+02:00 DEBUG 8868 --- [shop] [           main] org.hibernate.SQL                        : select u1_0.id,u1_0.code_expiration,u1_0.email,u1_0.fcm_token,u1_0.password,u1_0.role,u1_0.username,u1_0.verification_code,u1_0.verified from users u1_0 where u1_0.username=?
Hibernate: select u1_0.id,u1_0.code_expiration,u1_0.email,u1_0.fcm_token,u1_0.password,u1_0.role,u1_0.username,u1_0.verification_code,u1_0.verified from users u1_0 where u1_0.username=?
2025-02-20T11:03:20.880+02:00 DEBUG 8868 --- [shop] [           main] o.s.w.s.m.m.a.HttpEntityMethodProcessor  : Using 'application/json', given [*/*] and supported [application/json, application/*+json]
2025-02-20T11:03:20.880+02:00 DEBUG 8868 --- [shop] [           main] o.s.w.s.m.m.a.HttpEntityMethodProcessor  : Writing [[com.online.shop.entities.CartItem@46646e38, com.online.shop.entities.CartItem@601ebfa1]]
2025-02-20T11:03:20.905+02:00 DEBUG 8868 --- [shop] [           main] o.s.t.web.servlet.TestDispatcherServlet  : Completed 200 OK
2025-02-20T11:03:20.950+02:00 DEBUG 8868 --- [shop] [           main] o.s.test.util.ReflectionTestUtils        : Invoking method 'getFilters' on target object [FilterChainProxy[Filter Chains: null]] or target class [null] with arguments {org.springframework.mock.web.MockHttpServletRequest@5b4f77e1}
2025-02-20T11:03:20.950+02:00 DEBUG 8868 --- [shop] [           main] o.s.test.util.ReflectionTestUtils        : Invoking method 'getFilters' on target object [FilterChainProxy[Filter Chains: null]] or target class [null] with arguments {org.springframework.mock.web.MockHttpServletRequest@5b4f77e1}
2025-02-20T11:03:20.950+02:00 DEBUG 8868 --- [shop] [           main] o.s.test.util.ReflectionTestUtils        : Getting field 'securityContextRepository' from target object [org.springframework.security.web.context.SecurityContextHolderFilter@5dd7f921] or target class [class org.springframework.security.web.context.SecurityContextHolderFilter]
2025-02-20T11:03:20.950+02:00 DEBUG 8868 --- [shop] [           main] w.c.HttpSessionSecurityContextRepository : Created HttpSession as SecurityContext is non-default
2025-02-20T11:03:20.950+02:00 DEBUG 8868 --- [shop] [           main] w.c.HttpSessionSecurityContextRepository : Stored SecurityContextImpl [Authentication=UsernamePasswordAuthenticationToken [Principal=org.springframework.security.core.userdetails.User [Username=user, Password=[PROTECTED], Enabled=true, AccountNonExpired=true, CredentialsNonExpired=true, AccountNonLocked=true, Granted Authorities=[ROLE_USER]], Credentials=[PROTECTED], Authenticated=true, Details=null, Granted Authorities=[ROLE_USER]]] to HttpSession [org.springframework.mock.web.MockHttpSession@40aff4f1]
2025-02-20T11:03:20.950+02:00 DEBUG 8868 --- [shop] [           main] o.s.security.web.FilterChainProxy        : Securing DELETE /user/cart/delete/7
2025-02-20T11:03:20.950+02:00 DEBUG 8868 --- [shop] [           main] w.c.HttpSessionSecurityContextRepository : Retrieved SecurityContextImpl [Authentication=UsernamePasswordAuthenticationToken [Principal=org.springframework.security.core.userdetails.User [Username=user, Password=[PROTECTED], Enabled=true, AccountNonExpired=true, CredentialsNonExpired=true, AccountNonLocked=true, Granted Authorities=[ROLE_USER]], Credentials=[PROTECTED], Authenticated=true, Details=null, Granted Authorities=[ROLE_USER]]]
2025-02-20T11:03:20.950+02:00 DEBUG 8868 --- [shop] [           main] o.s.security.web.FilterChainProxy        : Secured DELETE /user/cart/delete/7
2025-02-20T11:03:20.950+02:00 DEBUG 8868 --- [shop] [           main] o.s.t.web.servlet.TestDispatcherServlet  : DELETE "/user/cart/delete/7", parameters={}
2025-02-20T11:03:20.950+02:00 DEBUG 8868 --- [shop] [           main] s.w.s.m.m.a.RequestMappingHandlerMapping : Mapped to com.online.shop.controllers.CartController#deleteProductFromCart(Principal, Long)
2025-02-20T11:03:20.955+02:00 DEBUG 8868 --- [shop] [           main] o.s.orm.jpa.JpaTransactionManager        : Found thread-bound EntityManager [SessionImpl(2104685993<open>)] for JPA transaction
2025-02-20T11:03:20.955+02:00 DEBUG 8868 --- [shop] [           main] o.s.orm.jpa.JpaTransactionManager        : Participating in existing transaction
2025-02-20T11:03:20.965+02:00 DEBUG 8868 --- [shop] [           main] org.hibernate.SQL                        : select u1_0.id,u1_0.code_expiration,u1_0.email,u1_0.fcm_token,u1_0.password,u1_0.role,u1_0.username,u1_0.verification_code,u1_0.verified from users u1_0 where u1_0.username=?
Hibernate: select u1_0.id,u1_0.code_expiration,u1_0.email,u1_0.fcm_token,u1_0.password,u1_0.role,u1_0.username,u1_0.verification_code,u1_0.verified from users u1_0 where u1_0.username=?
2025-02-20T11:03:20.970+02:00 DEBUG 8868 --- [shop] [           main] org.hibernate.SQL                        : select sc1_0.id,sc1_0.user_id from shopping_cart sc1_0 where sc1_0.user_id=?
Hibernate: select sc1_0.id,sc1_0.user_id from shopping_cart sc1_0 where sc1_0.user_id=?
2025-02-20T11:03:20.970+02:00 DEBUG 8868 --- [shop] [           main] org.hibernate.SQL                        : select u1_0.id,u1_0.code_expiration,u1_0.email,u1_0.fcm_token,u1_0.password,u1_0.role,u1_0.username,u1_0.verification_code,u1_0.verified from users u1_0 where u1_0.username=?
Hibernate: select u1_0.id,u1_0.code_expiration,u1_0.email,u1_0.fcm_token,u1_0.password,u1_0.role,u1_0.username,u1_0.verification_code,u1_0.verified from users u1_0 where u1_0.username=?
2025-02-20T11:03:20.980+02:00 DEBUG 8868 --- [shop] [           main] o.s.orm.jpa.JpaTransactionManager        : Found thread-bound EntityManager [SessionImpl(2104685993<open>)] for JPA transaction
2025-02-20T11:03:20.980+02:00 DEBUG 8868 --- [shop] [           main] o.s.orm.jpa.JpaTransactionManager        : Participating in existing transaction
2025-02-20T11:03:20.980+02:00 DEBUG 8868 --- [shop] [           main] o.s.w.s.m.m.a.HttpEntityMethodProcessor  : Using 'text/plain', given [*/*] and supported [text/plain, */*, application/json, application/*+json]
2025-02-20T11:03:20.980+02:00 DEBUG 8868 --- [shop] [           main] o.s.w.s.m.m.a.HttpEntityMethodProcessor  : Writing ["The product was deleted from the cart!"]
2025-02-20T11:03:20.980+02:00 DEBUG 8868 --- [shop] [           main] o.s.t.web.servlet.TestDispatcherServlet  : Completed 200 OK
2025-02-20T11:03:20.980+02:00 DEBUG 8868 --- [shop] [           main] o.s.test.util.ReflectionTestUtils        : Invoking method 'getFilters' on target object [FilterChainProxy[Filter Chains: null]] or target class [null] with arguments {org.springframework.mock.web.MockHttpServletRequest@63cb1a9a}
2025-02-20T11:03:20.980+02:00 DEBUG 8868 --- [shop] [           main] o.s.test.util.ReflectionTestUtils        : Invoking method 'getFilters' on target object [FilterChainProxy[Filter Chains: null]] or target class [null] with arguments {org.springframework.mock.web.MockHttpServletRequest@63cb1a9a}
2025-02-20T11:03:20.980+02:00 DEBUG 8868 --- [shop] [           main] o.s.test.util.ReflectionTestUtils        : Getting field 'securityContextRepository' from target object [org.springframework.security.web.context.SecurityContextHolderFilter@5dd7f921] or target class [class org.springframework.security.web.context.SecurityContextHolderFilter]
2025-02-20T11:03:20.980+02:00 DEBUG 8868 --- [shop] [           main] w.c.HttpSessionSecurityContextRepository : Created HttpSession as SecurityContext is non-default
2025-02-20T11:03:20.980+02:00 DEBUG 8868 --- [shop] [           main] w.c.HttpSessionSecurityContextRepository : Stored SecurityContextImpl [Authentication=UsernamePasswordAuthenticationToken [Principal=org.springframework.security.core.userdetails.User [Username=user, Password=[PROTECTED], Enabled=true, AccountNonExpired=true, CredentialsNonExpired=true, AccountNonLocked=true, Granted Authorities=[ROLE_USER]], Credentials=[PROTECTED], Authenticated=true, Details=null, Granted Authorities=[ROLE_USER]]] to HttpSession [org.springframework.mock.web.MockHttpSession@37cb41fa]
2025-02-20T11:03:20.980+02:00 DEBUG 8868 --- [shop] [           main] o.s.security.web.FilterChainProxy        : Securing GET /user/cart/getCartItems
2025-02-20T11:03:20.980+02:00 DEBUG 8868 --- [shop] [           main] w.c.HttpSessionSecurityContextRepository : Retrieved SecurityContextImpl [Authentication=UsernamePasswordAuthenticationToken [Principal=org.springframework.security.core.userdetails.User [Username=user, Password=[PROTECTED], Enabled=true, AccountNonExpired=true, CredentialsNonExpired=true, AccountNonLocked=true, Granted Authorities=[ROLE_USER]], Credentials=[PROTECTED], Authenticated=true, Details=null, Granted Authorities=[ROLE_USER]]]
2025-02-20T11:03:20.980+02:00 DEBUG 8868 --- [shop] [           main] o.s.security.web.FilterChainProxy        : Secured GET /user/cart/getCartItems
2025-02-20T11:03:20.980+02:00 DEBUG 8868 --- [shop] [           main] o.s.t.web.servlet.TestDispatcherServlet  : GET "/user/cart/getCartItems", parameters={}
2025-02-20T11:03:20.990+02:00 DEBUG 8868 --- [shop] [           main] s.w.s.m.m.a.RequestMappingHandlerMapping : Mapped to com.online.shop.controllers.CartController#getCartItems(Principal)
2025-02-20T11:03:20.990+02:00 DEBUG 8868 --- [shop] [           main] org.hibernate.SQL                        : select u1_0.id,u1_0.code_expiration,u1_0.email,u1_0.fcm_token,u1_0.password,u1_0.role,u1_0.username,u1_0.verification_code,u1_0.verified from users u1_0 where u1_0.username=?
Hibernate: select u1_0.id,u1_0.code_expiration,u1_0.email,u1_0.fcm_token,u1_0.password,u1_0.role,u1_0.username,u1_0.verification_code,u1_0.verified from users u1_0 where u1_0.username=?
2025-02-20T11:03:20.996+02:00 DEBUG 8868 --- [shop] [           main] o.s.w.s.m.m.a.HttpEntityMethodProcessor  : Using 'application/json', given [*/*] and supported [application/json, application/*+json]
2025-02-20T11:03:20.996+02:00 DEBUG 8868 --- [shop] [           main] o.s.w.s.m.m.a.HttpEntityMethodProcessor  : Writing [[com.online.shop.entities.CartItem@46646e38]]
2025-02-20T11:03:20.996+02:00 DEBUG 8868 --- [shop] [           main] o.s.t.web.servlet.TestDispatcherServlet  : Completed 200 OK
2025-02-20T11:03:21.000+02:00 DEBUG 8868 --- [shop] [           main] org.springframework.test.context.cache   : Spring test ApplicationContext cache statistics: [DefaultContextCache@64d19dad size = 2, maxSize = 32, parentContextCount = 0, hitCount = 101, missCount = 2, failureCount = 0]
2025-02-20T11:03:21.000+02:00 DEBUG 8868 --- [shop] [           main] org.springframework.test.context.cache   : Spring test ApplicationContext cache statistics: [DefaultContextCache@64d19dad size = 2, maxSize = 32, parentContextCount = 0, hitCount = 102, missCount = 2, failureCount = 0]
2025-02-20T11:03:21.000+02:00 DEBUG 8868 --- [shop] [           main] org.springframework.test.context.cache   : Spring test ApplicationContext cache statistics: [DefaultContextCache@64d19dad size = 2, maxSize = 32, parentContextCount = 0, hitCount = 103, missCount = 2, failureCount = 0]
2025-02-20T11:03:21.000+02:00 DEBUG 8868 --- [shop] [           main] org.springframework.test.context.cache   : Spring test ApplicationContext cache statistics: [DefaultContextCache@64d19dad size = 2, maxSize = 32, parentContextCount = 0, hitCount = 104, missCount = 2, failureCount = 0]
2025-02-20T11:03:21.000+02:00 DEBUG 8868 --- [shop] [           main] org.springframework.test.context.cache   : Spring test ApplicationContext cache statistics: [DefaultContextCache@64d19dad size = 2, maxSize = 32, parentContextCount = 0, hitCount = 105, missCount = 2, failureCount = 0]
2025-02-20T11:03:21.000+02:00 DEBUG 8868 --- [shop] [           main] org.springframework.test.context.cache   : Spring test ApplicationContext cache statistics: [DefaultContextCache@64d19dad size = 2, maxSize = 32, parentContextCount = 0, hitCount = 106, missCount = 2, failureCount = 0]
2025-02-20T11:03:21.012+02:00 DEBUG 8868 --- [shop] [           main] org.springframework.test.context.cache   : Spring test ApplicationContext cache statistics: [DefaultContextCache@64d19dad size = 2, maxSize = 32, parentContextCount = 0, hitCount = 107, missCount = 2, failureCount = 0]
2025-02-20T11:03:21.012+02:00 DEBUG 8868 --- [shop] [           main] org.springframework.test.context.cache   : Spring test ApplicationContext cache statistics: [DefaultContextCache@64d19dad size = 2, maxSize = 32, parentContextCount = 0, hitCount = 108, missCount = 2, failureCount = 0]
2025-02-20T11:03:21.012+02:00 DEBUG 8868 --- [shop] [           main] o.s.orm.jpa.JpaTransactionManager        : Initiating transaction rollback
2025-02-20T11:03:21.012+02:00 DEBUG 8868 --- [shop] [           main] o.s.orm.jpa.JpaTransactionManager        : Rolling back JPA transaction on EntityManager [SessionImpl(2104685993<open>)]
2025-02-20T11:03:21.012+02:00 DEBUG 8868 --- [shop] [           main] o.s.orm.jpa.JpaTransactionManager        : Closing JPA EntityManager [SessionImpl(2104685993<open>)] after transaction
2025-02-20T11:03:21.012+02:00 DEBUG 8868 --- [shop] [           main] o.s.t.c.transaction.TransactionContext   : Rolled back transaction (1) for test class [com.online.shop.CartControllerIntegrationTest]; test method [testAddingGettingAndDeletingCartItems]
2025-02-20T11:03:21.012+02:00 DEBUG 8868 --- [shop] [           main] .c.s.DirtiesContextTestExecutionListener : After test method: class [CartControllerIntegrationTest], method [testAddingGettingAndDeletingCartItems], class annotated with @DirtiesContext [false] with mode [null], method annotated with @DirtiesContext [false] with mode [null]
2025-02-20T11:03:21.012+02:00 DEBUG 8868 --- [shop] [           main] o.s.t.c.w.ServletTestExecutionListener   : Resetting RequestContextHolder for test class com.online.shop.CartControllerIntegrationTest
]]></system-out>
  </testcase>
</testsuite>