<?xml version="1.0" encoding="UTF-8"?>
<testsuite xmlns:xsi="http://www.w3.org/2001/XMLSchema-instance" xsi:noNamespaceSchemaLocation="https://maven.apache.org/surefire/maven-surefire-plugin/xsd/surefire-test-report.xsd" version="3.0.2" name="com.online.shop.ProductControllerIntegrationTest" time="0.34" tests="4" errors="0" skipped="0" failures="0">
  <properties>
[...]
</properties>
  <testcase name="testAddAndGetReviews" classname="com.online.shop.ProductControllerIntegrationTest" time="0.11">
    <system-out><![CDATA[2025-02-20T11:03:24.560+02:00 DEBUG 8868 --- [shop] [           main] .b.t.c.SpringBootTestContextBootstrapper : Neither @ContextConfiguration nor @ContextHierarchy found for test class [ProductControllerIntegrationTest]: using SpringBootContextLoader
2025-02-20T11:03:24.560+02:00 DEBUG 8868 --- [shop] [           main] o.s.t.c.support.AbstractContextLoader    : Could not detect default resource locations for test class [com.online.shop.ProductControllerIntegrationTest]: no resource found for suffixes {-context.xml, Context.groovy}.
2025-02-20T11:03:24.560+02:00  INFO 8868 --- [shop] [           main] t.c.s.AnnotationConfigContextLoaderUtils : Could not detect default configuration classes for test class [com.online.shop.ProductControllerIntegrationTest]: ProductControllerIntegrationTest does not declare any static, non-private, non-final, nested classes annotated with @Configuration.
2025-02-20T11:03:24.566+02:00 DEBUG 8868 --- [shop] [           main] .b.t.c.SpringBootTestContextBootstrapper : Using ContextCustomizerFactory implementations for test class [ProductControllerIntegrationTest]: [ImportsContextCustomizerFactory, ExcludeFilterContextCustomizerFactory, HttpGraphQlTesterContextCustomizerFactory, DuplicateJsonObjectContextCustomizerFactory, MockitoContextCustomizerFactory, TestRestTemplateContextCustomizerFactory, WebTestClientContextCustomizerFactory, DisableReactorResourceFactoryGlobalResourcesContextCustomizerFactory, OnFailureConditionReportContextCustomizerFactory, OverrideAutoConfigurationContextCustomizerFactory, ObservabilityContextCustomizerFactory, TypeExcludeFiltersContextCustomizerFactory, PropertyMappingContextCustomizerFactory, WebDriverContextCustomizerFactory, BeanOverrideContextCustomizerFactory, MockServerContainerContextCustomizerFactory, DynamicPropertiesContextCustomizerFactory]
2025-02-20T11:03:24.574+02:00 DEBUG 8868 --- [shop] [           main] .b.t.c.SpringBootTestContextBootstrapper : Using ContextCustomizers for test class [ProductControllerIntegrationTest]: [ImportsContextCustomizer, ExcludeFilterContextCustomizer, DuplicateJsonObjectContextCustomizer, MockitoContextCustomizer, TestRestTemplateContextCustomizer, DisableReactorResourceFactoryGlobalResourcesContextCustomizerCustomizer, OnFailureConditionReportContextCustomizer, DisableObservabilityContextCustomizer, PropertyMappingContextCustomizer, WebDriverContextCustomizer, DynamicPropertiesContextCustomizer]
2025-02-20T11:03:24.576+02:00  INFO 8868 --- [shop] [           main] .b.t.c.SpringBootTestContextBootstrapper : Found @SpringBootConfiguration com.online.shop.ShopApplication for test class com.online.shop.ProductControllerIntegrationTest
2025-02-20T11:03:24.580+02:00 DEBUG 8868 --- [shop] [           main] .s.t.c.u.TestContextSpringFactoriesUtils : Skipping candidate TestExecutionListener [org.springframework.test.context.observation.MicrometerObservationRegistryTestExecutionListener] due to a missing dependency. Specify custom TestExecutionListener classes or make the default TestExecutionListener classes and their required dependencies available. Offending class: io.micrometer.context.ThreadLocalAccessor. MicrometerObservationRegistryTestExecutionListener requires io.micrometer:micrometer-observation:1.10.8 or higher and io.micrometer:context-propagation:1.0.3 or higher.
2025-02-20T11:03:24.580+02:00 DEBUG 8868 --- [shop] [           main] .b.t.c.SpringBootTestContextBootstrapper : Using TestExecutionListeners for test class [ProductControllerIntegrationTest]: [ServletTestExecutionListener, DirtiesContextBeforeModesTestExecutionListener, ApplicationEventsTestExecutionListener, MockitoTestExecutionListener, BeanOverrideTestExecutionListener, DependencyInjectionTestExecutionListener, DirtiesContextTestExecutionListener, CommonCachesTestExecutionListener, TransactionalTestExecutionListener, SqlScriptsTestExecutionListener, EventPublishingTestExecutionListener, WithSecurityContextTestExecutionListener, ReactorContextTestExecutionListener, ResetMocksTestExecutionListener, RestDocsTestExecutionListener, MockRestServiceServerResetTestExecutionListener, MockMvcPrintOnlyOnFailureTestExecutionListener, WebDriverTestExecutionListener, MockWebServiceServerTestExecutionListener, MockitoResetTestExecutionListener]
2025-02-20T11:03:24.580+02:00 DEBUG 8868 --- [shop] [           main] sContextBeforeModesTestExecutionListener : Before test class: class [ProductControllerIntegrationTest], class annotated with @DirtiesContext [false] with mode [null]
2025-02-20T11:03:24.580+02:00 DEBUG 8868 --- [shop] [           main] org.springframework.test.context.cache   : Spring test ApplicationContext cache statistics: [DefaultContextCache@64d19dad size = 3, maxSize = 32, parentContextCount = 0, hitCount = 145, missCount = 3, failureCount = 0]
2025-02-20T11:03:24.585+02:00 DEBUG 8868 --- [shop] [           main] org.springframework.test.context.cache   : Spring test ApplicationContext cache statistics: [DefaultContextCache@64d19dad size = 3, maxSize = 32, parentContextCount = 0, hitCount = 146, missCount = 3, failureCount = 0]
2025-02-20T11:03:24.585+02:00 DEBUG 8868 --- [shop] [           main] o.s.t.c.w.ServletTestExecutionListener   : Setting up MockHttpServletRequest, MockHttpServletResponse, ServletWebRequest, and RequestContextHolder for test class com.online.shop.ProductControllerIntegrationTest
2025-02-20T11:03:24.585+02:00 DEBUG 8868 --- [shop] [           main] DependencyInjectionTestExecutionListener : Performing dependency injection for test class com.online.shop.ProductControllerIntegrationTest
2025-02-20T11:03:24.585+02:00 DEBUG 8868 --- [shop] [           main] org.springframework.test.context.cache   : Spring test ApplicationContext cache statistics: [DefaultContextCache@64d19dad size = 3, maxSize = 32, parentContextCount = 0, hitCount = 147, missCount = 3, failureCount = 0]
2025-02-20T11:03:24.585+02:00 DEBUG 8868 --- [shop] [           main] org.springframework.test.context.cache   : Spring test ApplicationContext cache statistics: [DefaultContextCache@64d19dad size = 3, maxSize = 32, parentContextCount = 0, hitCount = 148, missCount = 3, failureCount = 0]
2025-02-20T11:03:24.585+02:00 DEBUG 8868 --- [shop] [           main] sContextBeforeModesTestExecutionListener : Before test method: class [ProductControllerIntegrationTest], method [testAddAndGetReviews], class annotated with @DirtiesContext [false] with mode [null], method annotated with @DirtiesContext [false] with mode [null]
2025-02-20T11:03:24.590+02:00 DEBUG 8868 --- [shop] [           main] t.c.t.TransactionalTestExecutionListener : Explicit transaction definition [PROPAGATION_REQUIRED,ISOLATION_DEFAULT] found for test class [com.online.shop.ProductControllerIntegrationTest] and test method [testAddAndGetReviews]
2025-02-20T11:03:24.590+02:00 DEBUG 8868 --- [shop] [           main] org.springframework.test.context.cache   : Spring test ApplicationContext cache statistics: [DefaultContextCache@64d19dad size = 3, maxSize = 32, parentContextCount = 0, hitCount = 149, missCount = 3, failureCount = 0]
2025-02-20T11:03:24.590+02:00 DEBUG 8868 --- [shop] [           main] t.c.t.TransactionalTestExecutionListener : No method-level @Rollback override: using default rollback [true] for test method [public void com.online.shop.ProductControllerIntegrationTest.testAddAndGetReviews() throws java.lang.Exception]
2025-02-20T11:03:24.590+02:00 DEBUG 8868 --- [shop] [           main] o.s.orm.jpa.JpaTransactionManager        : Creating new transaction with name [com.online.shop.ProductControllerIntegrationTest.testAddAndGetReviews]: PROPAGATION_REQUIRED,ISOLATION_DEFAULT
2025-02-20T11:03:24.590+02:00 DEBUG 8868 --- [shop] [           main] o.s.orm.jpa.JpaTransactionManager        : Opened new EntityManager [SessionImpl(310468783<open>)] for JPA transaction
2025-02-20T11:03:24.591+02:00 DEBUG 8868 --- [shop] [           main] o.s.orm.jpa.JpaTransactionManager        : Exposing JPA transaction as JDBC [org.springframework.orm.jpa.vendor.HibernateJpaDialect$HibernateConnectionHandle@1bd7762f]
2025-02-20T11:03:24.591+02:00 DEBUG 8868 --- [shop] [           main] o.s.t.c.transaction.TransactionContext   : Began transaction (1) for test class [com.online.shop.ProductControllerIntegrationTest]; test method [testAddAndGetReviews]; transaction manager [org.springframework.orm.jpa.JpaTransactionManager@2bd89b8e]; rollback [true]
2025-02-20T11:03:24.591+02:00 DEBUG 8868 --- [shop] [           main] org.springframework.test.context.cache   : Spring test ApplicationContext cache statistics: [DefaultContextCache@64d19dad size = 3, maxSize = 32, parentContextCount = 0, hitCount = 150, missCount = 3, failureCount = 0]
2025-02-20T11:03:24.591+02:00 DEBUG 8868 --- [shop] [           main] org.springframework.test.context.cache   : Spring test ApplicationContext cache statistics: [DefaultContextCache@64d19dad size = 3, maxSize = 32, parentContextCount = 0, hitCount = 151, missCount = 3, failureCount = 0]
2025-02-20T11:03:24.591+02:00 DEBUG 8868 --- [shop] [           main] org.springframework.test.context.cache   : Spring test ApplicationContext cache statistics: [DefaultContextCache@64d19dad size = 3, maxSize = 32, parentContextCount = 0, hitCount = 152, missCount = 3, failureCount = 0]
2025-02-20T11:03:24.591+02:00 DEBUG 8868 --- [shop] [           main] org.springframework.test.context.cache   : Spring test ApplicationContext cache statistics: [DefaultContextCache@64d19dad size = 3, maxSize = 32, parentContextCount = 0, hitCount = 153, missCount = 3, failureCount = 0]
2025-02-20T11:03:24.591+02:00 DEBUG 8868 --- [shop] [           main] org.springframework.test.context.cache   : Spring test ApplicationContext cache statistics: [DefaultContextCache@64d19dad size = 3, maxSize = 32, parentContextCount = 0, hitCount = 154, missCount = 3, failureCount = 0]
2025-02-20T11:03:24.600+02:00 DEBUG 8868 --- [shop] [           main] o.s.orm.jpa.JpaTransactionManager        : Found thread-bound EntityManager [SessionImpl(310468783<open>)] for JPA transaction
2025-02-20T11:03:24.600+02:00 DEBUG 8868 --- [shop] [           main] o.s.orm.jpa.JpaTransactionManager        : Participating in existing transaction
2025-02-20T11:03:24.600+02:00 DEBUG 8868 --- [shop] [           main] org.hibernate.SQL                        : select p1_0.id,p1_0.category_id,p1_0.created_at,p1_0.description,p1_0.discount,p1_0.name,p1_0.price,p1_0.rating,p1_0.sales,p1_0.stock from product p1_0
Hibernate: select p1_0.id,p1_0.category_id,p1_0.created_at,p1_0.description,p1_0.discount,p1_0.name,p1_0.price,p1_0.rating,p1_0.sales,p1_0.stock from product p1_0
2025-02-20T11:03:24.605+02:00 DEBUG 8868 --- [shop] [           main] o.s.orm.jpa.JpaTransactionManager        : Found thread-bound EntityManager [SessionImpl(310468783<open>)] for JPA transaction
2025-02-20T11:03:24.605+02:00 DEBUG 8868 --- [shop] [           main] o.s.orm.jpa.JpaTransactionManager        : Participating in existing transaction
2025-02-20T11:03:24.605+02:00 DEBUG 8868 --- [shop] [           main] o.s.orm.jpa.JpaTransactionManager        : Found thread-bound EntityManager [SessionImpl(310468783<open>)] for JPA transaction
2025-02-20T11:03:24.605+02:00 DEBUG 8868 --- [shop] [           main] o.s.orm.jpa.JpaTransactionManager        : Participating in existing transaction
2025-02-20T11:03:24.607+02:00 DEBUG 8868 --- [shop] [           main] o.s.orm.jpa.JpaTransactionManager        : Found thread-bound EntityManager [SessionImpl(310468783<open>)] for JPA transaction
2025-02-20T11:03:24.607+02:00 DEBUG 8868 --- [shop] [           main] o.s.orm.jpa.JpaTransactionManager        : Participating in existing transaction
2025-02-20T11:03:24.610+02:00 DEBUG 8868 --- [shop] [           main] org.hibernate.SQL                        : insert into product (category_id,created_at,description,discount,name,price,rating,sales,stock,id) values (?,?,?,?,?,?,?,?,?,?)
Hibernate: insert into product (category_id,created_at,description,discount,name,price,rating,sales,stock,id) values (?,?,?,?,?,?,?,?,?,?)
2025-02-20T11:03:24.610+02:00 DEBUG 8868 --- [shop] [           main] org.hibernate.SQL                        : insert into product (category_id,created_at,description,discount,name,price,rating,sales,stock,id) values (?,?,?,?,?,?,?,?,?,?)
Hibernate: insert into product (category_id,created_at,description,discount,name,price,rating,sales,stock,id) values (?,?,?,?,?,?,?,?,?,?)
2025-02-20T11:03:24.610+02:00 DEBUG 8868 --- [shop] [           main] org.hibernate.SQL                        : insert into users (code_expiration,email,fcm_token,password,role,username,verification_code,verified,id) values (?,?,?,?,?,?,?,?,?)
Hibernate: insert into users (code_expiration,email,fcm_token,password,role,username,verification_code,verified,id) values (?,?,?,?,?,?,?,?,?)
2025-02-20T11:03:24.610+02:00 DEBUG 8868 --- [shop] [           main] org.hibernate.SQL                        : insert into shopping_cart (user_id,id) values (?,?)
Hibernate: insert into shopping_cart (user_id,id) values (?,?)
2025-02-20T11:03:24.610+02:00 DEBUG 8868 --- [shop] [           main] org.hibernate.SQL                        : insert into notifications (new_arrivals,offers,order_status,user_id,via_email,via_push,id) values (?,?,?,?,?,?,default)
Hibernate: insert into notifications (new_arrivals,offers,order_status,user_id,via_email,via_push,id) values (?,?,?,?,?,?,default)
2025-02-20T11:03:24.620+02:00 DEBUG 8868 --- [shop] [           main] org.springframework.test.context.cache   : Spring test ApplicationContext cache statistics: [DefaultContextCache@64d19dad size = 3, maxSize = 32, parentContextCount = 0, hitCount = 155, missCount = 3, failureCount = 0]
2025-02-20T11:03:24.630+02:00 DEBUG 8868 --- [shop] [           main] o.s.test.util.ReflectionTestUtils        : Invoking method 'getFilters' on target object [FilterChainProxy[Filter Chains: null]] or target class [null] with arguments {org.springframework.mock.web.MockHttpServletRequest@907a731}
2025-02-20T11:03:24.630+02:00 DEBUG 8868 --- [shop] [           main] o.s.test.util.ReflectionTestUtils        : Invoking method 'getFilters' on target object [FilterChainProxy[Filter Chains: null]] or target class [null] with arguments {org.springframework.mock.web.MockHttpServletRequest@907a731}
2025-02-20T11:03:24.630+02:00 DEBUG 8868 --- [shop] [           main] o.s.test.util.ReflectionTestUtils        : Getting field 'securityContextRepository' from target object [org.springframework.security.web.context.SecurityContextHolderFilter@5dd7f921] or target class [class org.springframework.security.web.context.SecurityContextHolderFilter]
2025-02-20T11:03:24.630+02:00 DEBUG 8868 --- [shop] [           main] w.c.HttpSessionSecurityContextRepository : Created HttpSession as SecurityContext is non-default
2025-02-20T11:03:24.630+02:00 DEBUG 8868 --- [shop] [           main] w.c.HttpSessionSecurityContextRepository : Stored SecurityContextImpl [Authentication=UsernamePasswordAuthenticationToken [Principal=org.springframework.security.core.userdetails.User [Username=user, Password=[PROTECTED], Enabled=true, AccountNonExpired=true, CredentialsNonExpired=true, AccountNonLocked=true, Granted Authorities=[ROLE_USER]], Credentials=[PROTECTED], Authenticated=true, Details=null, Granted Authorities=[ROLE_USER]]] to HttpSession [org.springframework.mock.web.MockHttpSession@58e7de77]
2025-02-20T11:03:24.639+02:00 DEBUG 8868 --- [shop] [           main] o.s.security.web.FilterChainProxy        : Securing POST /user/products/addReview
2025-02-20T11:03:24.640+02:00 DEBUG 8868 --- [shop] [           main] w.c.HttpSessionSecurityContextRepository : Retrieved SecurityContextImpl [Authentication=UsernamePasswordAuthenticationToken [Principal=org.springframework.security.core.userdetails.User [Username=user, Password=[PROTECTED], Enabled=true, AccountNonExpired=true, CredentialsNonExpired=true, AccountNonLocked=true, Granted Authorities=[ROLE_USER]], Credentials=[PROTECTED], Authenticated=true, Details=null, Granted Authorities=[ROLE_USER]]]
2025-02-20T11:03:24.640+02:00 DEBUG 8868 --- [shop] [           main] o.s.security.web.FilterChainProxy        : Secured POST /user/products/addReview
2025-02-20T11:03:24.640+02:00 DEBUG 8868 --- [shop] [           main] o.s.t.web.servlet.TestDispatcherServlet  : POST "/user/products/addReview", parameters={}
2025-02-20T11:03:24.640+02:00 DEBUG 8868 --- [shop] [           main] s.w.s.m.m.a.RequestMappingHandlerMapping : Mapped to com.online.shop.controllers.ProductController#addReview(HashMap, Principal)
2025-02-20T11:03:24.650+02:00 DEBUG 8868 --- [shop] [           main] m.m.a.RequestResponseBodyMethodProcessor : Read "application/json;charset=UTF-8" to [{productId=9, review=Good!, ratingValue=4}]
2025-02-20T11:03:24.655+02:00 DEBUG 8868 --- [shop] [           main] org.hibernate.SQL                        : select u1_0.id,u1_0.code_expiration,u1_0.email,u1_0.fcm_token,u1_0.password,u1_0.role,u1_0.username,u1_0.verification_code,u1_0.verified from users u1_0 where u1_0.username=?
Hibernate: select u1_0.id,u1_0.code_expiration,u1_0.email,u1_0.fcm_token,u1_0.password,u1_0.role,u1_0.username,u1_0.verification_code,u1_0.verified from users u1_0 where u1_0.username=?
2025-02-20T11:03:24.660+02:00 DEBUG 8868 --- [shop] [           main] o.s.orm.jpa.JpaTransactionManager        : Found thread-bound EntityManager [SessionImpl(310468783<open>)] for JPA transaction
2025-02-20T11:03:24.660+02:00 DEBUG 8868 --- [shop] [           main] o.s.orm.jpa.JpaTransactionManager        : Participating in existing transaction
2025-02-20T11:03:24.660+02:00 DEBUG 8868 --- [shop] [           main] o.s.orm.jpa.JpaTransactionManager        : Found thread-bound EntityManager [SessionImpl(310468783<open>)] for JPA transaction
2025-02-20T11:03:24.660+02:00 DEBUG 8868 --- [shop] [           main] o.s.orm.jpa.JpaTransactionManager        : Participating in existing transaction
2025-02-20T11:03:24.660+02:00 DEBUG 8868 --- [shop] [           main] o.s.orm.jpa.JpaTransactionManager        : Found thread-bound EntityManager [SessionImpl(310468783<open>)] for JPA transaction
2025-02-20T11:03:24.660+02:00 DEBUG 8868 --- [shop] [           main] o.s.orm.jpa.JpaTransactionManager        : Participating in existing transaction
2025-02-20T11:03:24.665+02:00 DEBUG 8868 --- [shop] [           main] org.hibernate.SQL                        : select next value for review_seq
Hibernate: select next value for review_seq
2025-02-20T11:03:24.665+02:00 DEBUG 8868 --- [shop] [           main] o.s.w.s.m.m.a.HttpEntityMethodProcessor  : Using 'text/plain', given [*/*] and supported [text/plain, */*, application/json, application/*+json]
2025-02-20T11:03:24.665+02:00 DEBUG 8868 --- [shop] [           main] o.s.w.s.m.m.a.HttpEntityMethodProcessor  : Writing ["Review successfully added!"]
2025-02-20T11:03:24.665+02:00 DEBUG 8868 --- [shop] [           main] o.s.t.web.servlet.TestDispatcherServlet  : Completed 200 OK
2025-02-20T11:03:24.670+02:00 DEBUG 8868 --- [shop] [           main] o.s.test.util.ReflectionTestUtils        : Invoking method 'getFilters' on target object [FilterChainProxy[Filter Chains: null]] or target class [null] with arguments {org.springframework.mock.web.MockHttpServletRequest@1864eba6}
2025-02-20T11:03:24.670+02:00 DEBUG 8868 --- [shop] [           main] o.s.test.util.ReflectionTestUtils        : Invoking method 'getFilters' on target object [FilterChainProxy[Filter Chains: null]] or target class [null] with arguments {org.springframework.mock.web.MockHttpServletRequest@1864eba6}
2025-02-20T11:03:24.670+02:00 DEBUG 8868 --- [shop] [           main] o.s.test.util.ReflectionTestUtils        : Getting field 'securityContextRepository' from target object [org.springframework.security.web.context.SecurityContextHolderFilter@5dd7f921] or target class [class org.springframework.security.web.context.SecurityContextHolderFilter]
2025-02-20T11:03:24.670+02:00 DEBUG 8868 --- [shop] [           main] w.c.HttpSessionSecurityContextRepository : Created HttpSession as SecurityContext is non-default
2025-02-20T11:03:24.670+02:00 DEBUG 8868 --- [shop] [           main] w.c.HttpSessionSecurityContextRepository : Stored SecurityContextImpl [Authentication=UsernamePasswordAuthenticationToken [Principal=org.springframework.security.core.userdetails.User [Username=user, Password=[PROTECTED], Enabled=true, AccountNonExpired=true, CredentialsNonExpired=true, AccountNonLocked=true, Granted Authorities=[ROLE_USER]], Credentials=[PROTECTED], Authenticated=true, Details=null, Granted Authorities=[ROLE_USER]]] to HttpSession [org.springframework.mock.web.MockHttpSession@2ffa9d20]
2025-02-20T11:03:24.670+02:00 DEBUG 8868 --- [shop] [           main] o.s.security.web.FilterChainProxy        : Securing GET /user/products/getReviews/9
2025-02-20T11:03:24.670+02:00 DEBUG 8868 --- [shop] [           main] w.c.HttpSessionSecurityContextRepository : Retrieved SecurityContextImpl [Authentication=UsernamePasswordAuthenticationToken [Principal=org.springframework.security.core.userdetails.User [Username=user, Password=[PROTECTED], Enabled=true, AccountNonExpired=true, CredentialsNonExpired=true, AccountNonLocked=true, Granted Authorities=[ROLE_USER]], Credentials=[PROTECTED], Authenticated=true, Details=null, Granted Authorities=[ROLE_USER]]]
2025-02-20T11:03:24.670+02:00 DEBUG 8868 --- [shop] [           main] o.s.security.web.FilterChainProxy        : Secured GET /user/products/getReviews/9
2025-02-20T11:03:24.670+02:00 DEBUG 8868 --- [shop] [           main] o.s.t.web.servlet.TestDispatcherServlet  : GET "/user/products/getReviews/9", parameters={}
2025-02-20T11:03:24.670+02:00 DEBUG 8868 --- [shop] [           main] s.w.s.m.m.a.RequestMappingHandlerMapping : Mapped to com.online.shop.controllers.ProductController#getReviews(Long)
2025-02-20T11:03:24.675+02:00 DEBUG 8868 --- [shop] [           main] o.s.orm.jpa.JpaTransactionManager        : Found thread-bound EntityManager [SessionImpl(310468783<open>)] for JPA transaction
2025-02-20T11:03:24.675+02:00 DEBUG 8868 --- [shop] [           main] o.s.orm.jpa.JpaTransactionManager        : Participating in existing transaction
2025-02-20T11:03:24.675+02:00 DEBUG 8868 --- [shop] [           main] o.s.w.s.m.m.a.HttpEntityMethodProcessor  : Using 'application/json', given [*/*] and supported [application/json, application/*+json]
2025-02-20T11:03:24.675+02:00 DEBUG 8868 --- [shop] [           main] o.s.w.s.m.m.a.HttpEntityMethodProcessor  : Writing [[com.online.shop.entities.Review@10fd358f]]
2025-02-20T11:03:24.680+02:00 DEBUG 8868 --- [shop] [           main] o.s.t.web.servlet.TestDispatcherServlet  : Completed 200 OK
2025-02-20T11:03:24.680+02:00 DEBUG 8868 --- [shop] [           main] org.springframework.test.context.cache   : Spring test ApplicationContext cache statistics: [DefaultContextCache@64d19dad size = 3, maxSize = 32, parentContextCount = 0, hitCount = 156, missCount = 3, failureCount = 0]
2025-02-20T11:03:24.680+02:00 DEBUG 8868 --- [shop] [           main] org.springframework.test.context.cache   : Spring test ApplicationContext cache statistics: [DefaultContextCache@64d19dad size = 3, maxSize = 32, parentContextCount = 0, hitCount = 157, missCount = 3, failureCount = 0]
2025-02-20T11:03:24.686+02:00 DEBUG 8868 --- [shop] [           main] org.springframework.test.context.cache   : Spring test ApplicationContext cache statistics: [DefaultContextCache@64d19dad size = 3, maxSize = 32, parentContextCount = 0, hitCount = 158, missCount = 3, failureCount = 0]
2025-02-20T11:03:24.686+02:00 DEBUG 8868 --- [shop] [           main] org.springframework.test.context.cache   : Spring test ApplicationContext cache statistics: [DefaultContextCache@64d19dad size = 3, maxSize = 32, parentContextCount = 0, hitCount = 159, missCount = 3, failureCount = 0]
2025-02-20T11:03:24.686+02:00 DEBUG 8868 --- [shop] [           main] org.springframework.test.context.cache   : Spring test ApplicationContext cache statistics: [DefaultContextCache@64d19dad size = 3, maxSize = 32, parentContextCount = 0, hitCount = 160, missCount = 3, failureCount = 0]
2025-02-20T11:03:24.690+02:00 DEBUG 8868 --- [shop] [           main] org.springframework.test.context.cache   : Spring test ApplicationContext cache statistics: [DefaultContextCache@64d19dad size = 3, maxSize = 32, parentContextCount = 0, hitCount = 161, missCount = 3, failureCount = 0]
2025-02-20T11:03:24.690+02:00 DEBUG 8868 --- [shop] [           main] org.springframework.test.context.cache   : Spring test ApplicationContext cache statistics: [DefaultContextCache@64d19dad size = 3, maxSize = 32, parentContextCount = 0, hitCount = 162, missCount = 3, failureCount = 0]
2025-02-20T11:03:24.690+02:00 DEBUG 8868 --- [shop] [           main] org.springframework.test.context.cache   : Spring test ApplicationContext cache statistics: [DefaultContextCache@64d19dad size = 3, maxSize = 32, parentContextCount = 0, hitCount = 163, missCount = 3, failureCount = 0]
2025-02-20T11:03:24.690+02:00 DEBUG 8868 --- [shop] [           main] o.s.orm.jpa.JpaTransactionManager        : Initiating transaction rollback
2025-02-20T11:03:24.690+02:00 DEBUG 8868 --- [shop] [           main] o.s.orm.jpa.JpaTransactionManager        : Rolling back JPA transaction on EntityManager [SessionImpl(310468783<open>)]
2025-02-20T11:03:24.695+02:00 DEBUG 8868 --- [shop] [           main] o.s.orm.jpa.JpaTransactionManager        : Closing JPA EntityManager [SessionImpl(310468783<open>)] after transaction
2025-02-20T11:03:24.695+02:00 DEBUG 8868 --- [shop] [           main] o.s.t.c.transaction.TransactionContext   : Rolled back transaction (1) for test class [com.online.shop.ProductControllerIntegrationTest]; test method [testAddAndGetReviews]
2025-02-20T11:03:24.695+02:00 DEBUG 8868 --- [shop] [           main] .c.s.DirtiesContextTestExecutionListener : After test method: class [ProductControllerIntegrationTest], method [testAddAndGetReviews], class annotated with @DirtiesContext [false] with mode [null], method annotated with @DirtiesContext [false] with mode [null]
2025-02-20T11:03:24.695+02:00 DEBUG 8868 --- [shop] [           main] o.s.t.c.w.ServletTestExecutionListener   : Resetting RequestContextHolder for test class com.online.shop.ProductControllerIntegrationTest
]]></system-out>
  </testcase>
  <testcase name="testGetProductById" classname="com.online.shop.ProductControllerIntegrationTest" time="0.055">
    <system-out><![CDATA[2025-02-20T11:03:24.695+02:00 DEBUG 8868 --- [shop] [           main] org.springframework.test.context.cache   : Spring test ApplicationContext cache statistics: [DefaultContextCache@64d19dad size = 3, maxSize = 32, parentContextCount = 0, hitCount = 164, missCount = 3, failureCount = 0]
2025-02-20T11:03:24.695+02:00 DEBUG 8868 --- [shop] [           main] o.s.t.c.w.ServletTestExecutionListener   : Setting up MockHttpServletRequest, MockHttpServletResponse, ServletWebRequest, and RequestContextHolder for test class com.online.shop.ProductControllerIntegrationTest
2025-02-20T11:03:24.695+02:00 DEBUG 8868 --- [shop] [           main] DependencyInjectionTestExecutionListener : Performing dependency injection for test class com.online.shop.ProductControllerIntegrationTest
2025-02-20T11:03:24.695+02:00 DEBUG 8868 --- [shop] [           main] org.springframework.test.context.cache   : Spring test ApplicationContext cache statistics: [DefaultContextCache@64d19dad size = 3, maxSize = 32, parentContextCount = 0, hitCount = 165, missCount = 3, failureCount = 0]
2025-02-20T11:03:24.700+02:00 DEBUG 8868 --- [shop] [           main] org.springframework.test.context.cache   : Spring test ApplicationContext cache statistics: [DefaultContextCache@64d19dad size = 3, maxSize = 32, parentContextCount = 0, hitCount = 166, missCount = 3, failureCount = 0]
2025-02-20T11:03:24.701+02:00 DEBUG 8868 --- [shop] [           main] sContextBeforeModesTestExecutionListener : Before test method: class [ProductControllerIntegrationTest], method [testGetProductById], class annotated with @DirtiesContext [false] with mode [null], method annotated with @DirtiesContext [false] with mode [null]
2025-02-20T11:03:24.701+02:00 DEBUG 8868 --- [shop] [           main] t.c.t.TransactionalTestExecutionListener : Explicit transaction definition [PROPAGATION_REQUIRED,ISOLATION_DEFAULT] found for test class [com.online.shop.ProductControllerIntegrationTest] and test method [testGetProductById]
2025-02-20T11:03:24.701+02:00 DEBUG 8868 --- [shop] [           main] org.springframework.test.context.cache   : Spring test ApplicationContext cache statistics: [DefaultContextCache@64d19dad size = 3, maxSize = 32, parentContextCount = 0, hitCount = 167, missCount = 3, failureCount = 0]
2025-02-20T11:03:24.701+02:00 DEBUG 8868 --- [shop] [           main] t.c.t.TransactionalTestExecutionListener : No method-level @Rollback override: using default rollback [true] for test method [public void com.online.shop.ProductControllerIntegrationTest.testGetProductById() throws java.lang.Exception]
2025-02-20T11:03:24.701+02:00 DEBUG 8868 --- [shop] [           main] o.s.orm.jpa.JpaTransactionManager        : Creating new transaction with name [com.online.shop.ProductControllerIntegrationTest.testGetProductById]: PROPAGATION_REQUIRED,ISOLATION_DEFAULT
2025-02-20T11:03:24.701+02:00 DEBUG 8868 --- [shop] [           main] o.s.orm.jpa.JpaTransactionManager        : Opened new EntityManager [SessionImpl(2061175887<open>)] for JPA transaction
2025-02-20T11:03:24.701+02:00 DEBUG 8868 --- [shop] [           main] o.s.orm.jpa.JpaTransactionManager        : Exposing JPA transaction as JDBC [org.springframework.orm.jpa.vendor.HibernateJpaDialect$HibernateConnectionHandle@383fddb3]
2025-02-20T11:03:24.701+02:00 DEBUG 8868 --- [shop] [           main] o.s.t.c.transaction.TransactionContext   : Began transaction (1) for test class [com.online.shop.ProductControllerIntegrationTest]; test method [testGetProductById]; transaction manager [org.springframework.orm.jpa.JpaTransactionManager@2bd89b8e]; rollback [true]
2025-02-20T11:03:24.701+02:00 DEBUG 8868 --- [shop] [           main] org.springframework.test.context.cache   : Spring test ApplicationContext cache statistics: [DefaultContextCache@64d19dad size = 3, maxSize = 32, parentContextCount = 0, hitCount = 168, missCount = 3, failureCount = 0]
2025-02-20T11:03:24.701+02:00 DEBUG 8868 --- [shop] [           main] org.springframework.test.context.cache   : Spring test ApplicationContext cache statistics: [DefaultContextCache@64d19dad size = 3, maxSize = 32, parentContextCount = 0, hitCount = 169, missCount = 3, failureCount = 0]
2025-02-20T11:03:24.701+02:00 DEBUG 8868 --- [shop] [           main] org.springframework.test.context.cache   : Spring test ApplicationContext cache statistics: [DefaultContextCache@64d19dad size = 3, maxSize = 32, parentContextCount = 0, hitCount = 170, missCount = 3, failureCount = 0]
2025-02-20T11:03:24.701+02:00 DEBUG 8868 --- [shop] [           main] org.springframework.test.context.cache   : Spring test ApplicationContext cache statistics: [DefaultContextCache@64d19dad size = 3, maxSize = 32, parentContextCount = 0, hitCount = 171, missCount = 3, failureCount = 0]
2025-02-20T11:03:24.701+02:00 DEBUG 8868 --- [shop] [           main] org.springframework.test.context.cache   : Spring test ApplicationContext cache statistics: [DefaultContextCache@64d19dad size = 3, maxSize = 32, parentContextCount = 0, hitCount = 172, missCount = 3, failureCount = 0]
2025-02-20T11:03:24.710+02:00 DEBUG 8868 --- [shop] [           main] o.s.orm.jpa.JpaTransactionManager        : Found thread-bound EntityManager [SessionImpl(2061175887<open>)] for JPA transaction
2025-02-20T11:03:24.710+02:00 DEBUG 8868 --- [shop] [           main] o.s.orm.jpa.JpaTransactionManager        : Participating in existing transaction
2025-02-20T11:03:24.710+02:00 DEBUG 8868 --- [shop] [           main] org.hibernate.SQL                        : select p1_0.id,p1_0.category_id,p1_0.created_at,p1_0.description,p1_0.discount,p1_0.name,p1_0.price,p1_0.rating,p1_0.sales,p1_0.stock from product p1_0
Hibernate: select p1_0.id,p1_0.category_id,p1_0.created_at,p1_0.description,p1_0.discount,p1_0.name,p1_0.price,p1_0.rating,p1_0.sales,p1_0.stock from product p1_0
2025-02-20T11:03:24.710+02:00 DEBUG 8868 --- [shop] [           main] o.s.orm.jpa.JpaTransactionManager        : Found thread-bound EntityManager [SessionImpl(2061175887<open>)] for JPA transaction
2025-02-20T11:03:24.710+02:00 DEBUG 8868 --- [shop] [           main] o.s.orm.jpa.JpaTransactionManager        : Participating in existing transaction
2025-02-20T11:03:24.710+02:00 DEBUG 8868 --- [shop] [           main] o.s.orm.jpa.JpaTransactionManager        : Found thread-bound EntityManager [SessionImpl(2061175887<open>)] for JPA transaction
2025-02-20T11:03:24.710+02:00 DEBUG 8868 --- [shop] [           main] o.s.orm.jpa.JpaTransactionManager        : Participating in existing transaction
2025-02-20T11:03:24.717+02:00 DEBUG 8868 --- [shop] [           main] o.s.orm.jpa.JpaTransactionManager        : Found thread-bound EntityManager [SessionImpl(2061175887<open>)] for JPA transaction
2025-02-20T11:03:24.717+02:00 DEBUG 8868 --- [shop] [           main] o.s.orm.jpa.JpaTransactionManager        : Participating in existing transaction
2025-02-20T11:03:24.720+02:00 DEBUG 8868 --- [shop] [           main] org.hibernate.SQL                        : insert into product (category_id,created_at,description,discount,name,price,rating,sales,stock,id) values (?,?,?,?,?,?,?,?,?,?)
Hibernate: insert into product (category_id,created_at,description,discount,name,price,rating,sales,stock,id) values (?,?,?,?,?,?,?,?,?,?)
2025-02-20T11:03:24.720+02:00 DEBUG 8868 --- [shop] [           main] org.hibernate.SQL                        : insert into product (category_id,created_at,description,discount,name,price,rating,sales,stock,id) values (?,?,?,?,?,?,?,?,?,?)
Hibernate: insert into product (category_id,created_at,description,discount,name,price,rating,sales,stock,id) values (?,?,?,?,?,?,?,?,?,?)
2025-02-20T11:03:24.720+02:00 DEBUG 8868 --- [shop] [           main] org.hibernate.SQL                        : insert into users (code_expiration,email,fcm_token,password,role,username,verification_code,verified,id) values (?,?,?,?,?,?,?,?,?)
Hibernate: insert into users (code_expiration,email,fcm_token,password,role,username,verification_code,verified,id) values (?,?,?,?,?,?,?,?,?)
2025-02-20T11:03:24.720+02:00 DEBUG 8868 --- [shop] [           main] org.hibernate.SQL                        : insert into shopping_cart (user_id,id) values (?,?)
Hibernate: insert into shopping_cart (user_id,id) values (?,?)
2025-02-20T11:03:24.725+02:00 DEBUG 8868 --- [shop] [           main] org.hibernate.SQL                        : insert into notifications (new_arrivals,offers,order_status,user_id,via_email,via_push,id) values (?,?,?,?,?,?,default)
Hibernate: insert into notifications (new_arrivals,offers,order_status,user_id,via_email,via_push,id) values (?,?,?,?,?,?,default)
2025-02-20T11:03:24.728+02:00 DEBUG 8868 --- [shop] [           main] org.springframework.test.context.cache   : Spring test ApplicationContext cache statistics: [DefaultContextCache@64d19dad size = 3, maxSize = 32, parentContextCount = 0, hitCount = 173, missCount = 3, failureCount = 0]
2025-02-20T11:03:24.730+02:00 DEBUG 8868 --- [shop] [           main] o.s.test.util.ReflectionTestUtils        : Invoking method 'getFilters' on target object [FilterChainProxy[Filter Chains: null]] or target class [null] with arguments {org.springframework.mock.web.MockHttpServletRequest@7e88ba07}
2025-02-20T11:03:24.730+02:00 DEBUG 8868 --- [shop] [           main] o.s.test.util.ReflectionTestUtils        : Invoking method 'getFilters' on target object [FilterChainProxy[Filter Chains: null]] or target class [null] with arguments {org.springframework.mock.web.MockHttpServletRequest@7e88ba07}
2025-02-20T11:03:24.730+02:00 DEBUG 8868 --- [shop] [           main] o.s.test.util.ReflectionTestUtils        : Getting field 'securityContextRepository' from target object [org.springframework.security.web.context.SecurityContextHolderFilter@5dd7f921] or target class [class org.springframework.security.web.context.SecurityContextHolderFilter]
2025-02-20T11:03:24.730+02:00 DEBUG 8868 --- [shop] [           main] w.c.HttpSessionSecurityContextRepository : Created HttpSession as SecurityContext is non-default
2025-02-20T11:03:24.730+02:00 DEBUG 8868 --- [shop] [           main] w.c.HttpSessionSecurityContextRepository : Stored SecurityContextImpl [Authentication=UsernamePasswordAuthenticationToken [Principal=org.springframework.security.core.userdetails.User [Username=user, Password=[PROTECTED], Enabled=true, AccountNonExpired=true, CredentialsNonExpired=true, AccountNonLocked=true, Granted Authorities=[ROLE_USER]], Credentials=[PROTECTED], Authenticated=true, Details=null, Granted Authorities=[ROLE_USER]]] to HttpSession [org.springframework.mock.web.MockHttpSession@2d907fcc]
2025-02-20T11:03:24.731+02:00 DEBUG 8868 --- [shop] [           main] o.s.security.web.FilterChainProxy        : Securing GET /user/products/getProduct/11
2025-02-20T11:03:24.731+02:00 DEBUG 8868 --- [shop] [           main] w.c.HttpSessionSecurityContextRepository : Retrieved SecurityContextImpl [Authentication=UsernamePasswordAuthenticationToken [Principal=org.springframework.security.core.userdetails.User [Username=user, Password=[PROTECTED], Enabled=true, AccountNonExpired=true, CredentialsNonExpired=true, AccountNonLocked=true, Granted Authorities=[ROLE_USER]], Credentials=[PROTECTED], Authenticated=true, Details=null, Granted Authorities=[ROLE_USER]]]
2025-02-20T11:03:24.731+02:00 DEBUG 8868 --- [shop] [           main] o.s.security.web.FilterChainProxy        : Secured GET /user/products/getProduct/11
2025-02-20T11:03:24.731+02:00 DEBUG 8868 --- [shop] [           main] o.s.t.web.servlet.TestDispatcherServlet  : GET "/user/products/getProduct/11", parameters={}
2025-02-20T11:03:24.734+02:00 DEBUG 8868 --- [shop] [           main] s.w.s.m.m.a.RequestMappingHandlerMapping : Mapped to com.online.shop.controllers.ProductController#getProduct(Long)
2025-02-20T11:03:24.734+02:00 DEBUG 8868 --- [shop] [           main] o.s.orm.jpa.JpaTransactionManager        : Found thread-bound EntityManager [SessionImpl(2061175887<open>)] for JPA transaction
2025-02-20T11:03:24.734+02:00 DEBUG 8868 --- [shop] [           main] o.s.orm.jpa.JpaTransactionManager        : Participating in existing transaction
2025-02-20T11:03:24.740+02:00 DEBUG 8868 --- [shop] [           main] o.s.w.s.m.m.a.HttpEntityMethodProcessor  : Using 'application/json', given [*/*] and supported [application/json, application/*+json]
2025-02-20T11:03:24.740+02:00 DEBUG 8868 --- [shop] [           main] o.s.w.s.m.m.a.HttpEntityMethodProcessor  : Writing [com.online.shop.entities.Product@7f7872c5]
2025-02-20T11:03:24.740+02:00 DEBUG 8868 --- [shop] [           main] o.s.t.web.servlet.TestDispatcherServlet  : Completed 200 OK
2025-02-20T11:03:24.750+02:00 DEBUG 8868 --- [shop] [           main] org.springframework.test.context.cache   : Spring test ApplicationContext cache statistics: [DefaultContextCache@64d19dad size = 3, maxSize = 32, parentContextCount = 0, hitCount = 174, missCount = 3, failureCount = 0]
2025-02-20T11:03:24.750+02:00 DEBUG 8868 --- [shop] [           main] org.springframework.test.context.cache   : Spring test ApplicationContext cache statistics: [DefaultContextCache@64d19dad size = 3, maxSize = 32, parentContextCount = 0, hitCount = 175, missCount = 3, failureCount = 0]
2025-02-20T11:03:24.750+02:00 DEBUG 8868 --- [shop] [           main] org.springframework.test.context.cache   : Spring test ApplicationContext cache statistics: [DefaultContextCache@64d19dad size = 3, maxSize = 32, parentContextCount = 0, hitCount = 176, missCount = 3, failureCount = 0]
2025-02-20T11:03:24.750+02:00 DEBUG 8868 --- [shop] [           main] org.springframework.test.context.cache   : Spring test ApplicationContext cache statistics: [DefaultContextCache@64d19dad size = 3, maxSize = 32, parentContextCount = 0, hitCount = 177, missCount = 3, failureCount = 0]
2025-02-20T11:03:24.750+02:00 DEBUG 8868 --- [shop] [           main] org.springframework.test.context.cache   : Spring test ApplicationContext cache statistics: [DefaultContextCache@64d19dad size = 3, maxSize = 32, parentContextCount = 0, hitCount = 178, missCount = 3, failureCount = 0]
2025-02-20T11:03:24.750+02:00 DEBUG 8868 --- [shop] [           main] org.springframework.test.context.cache   : Spring test ApplicationContext cache statistics: [DefaultContextCache@64d19dad size = 3, maxSize = 32, parentContextCount = 0, hitCount = 179, missCount = 3, failureCount = 0]
2025-02-20T11:03:24.755+02:00 DEBUG 8868 --- [shop] [           main] org.springframework.test.context.cache   : Spring test ApplicationContext cache statistics: [DefaultContextCache@64d19dad size = 3, maxSize = 32, parentContextCount = 0, hitCount = 180, missCount = 3, failureCount = 0]
2025-02-20T11:03:24.755+02:00 DEBUG 8868 --- [shop] [           main] org.springframework.test.context.cache   : Spring test ApplicationContext cache statistics: [DefaultContextCache@64d19dad size = 3, maxSize = 32, parentContextCount = 0, hitCount = 181, missCount = 3, failureCount = 0]
2025-02-20T11:03:24.755+02:00 DEBUG 8868 --- [shop] [           main] o.s.orm.jpa.JpaTransactionManager        : Initiating transaction rollback
2025-02-20T11:03:24.755+02:00 DEBUG 8868 --- [shop] [           main] o.s.orm.jpa.JpaTransactionManager        : Rolling back JPA transaction on EntityManager [SessionImpl(2061175887<open>)]
2025-02-20T11:03:24.755+02:00 DEBUG 8868 --- [shop] [           main] o.s.orm.jpa.JpaTransactionManager        : Closing JPA EntityManager [SessionImpl(2061175887<open>)] after transaction
2025-02-20T11:03:24.755+02:00 DEBUG 8868 --- [shop] [           main] o.s.t.c.transaction.TransactionContext   : Rolled back transaction (1) for test class [com.online.shop.ProductControllerIntegrationTest]; test method [testGetProductById]
2025-02-20T11:03:24.755+02:00 DEBUG 8868 --- [shop] [           main] .c.s.DirtiesContextTestExecutionListener : After test method: class [ProductControllerIntegrationTest], method [testGetProductById], class annotated with @DirtiesContext [false] with mode [null], method annotated with @DirtiesContext [false] with mode [null]
2025-02-20T11:03:24.755+02:00 DEBUG 8868 --- [shop] [           main] o.s.t.c.w.ServletTestExecutionListener   : Resetting RequestContextHolder for test class com.online.shop.ProductControllerIntegrationTest
]]></system-out>
  </testcase>
  <testcase name="testGetSortedProducts" classname="com.online.shop.ProductControllerIntegrationTest" time="0.095">
    <system-out><![CDATA[2025-02-20T11:03:24.760+02:00 DEBUG 8868 --- [shop] [           main] org.springframework.test.context.cache   : Spring test ApplicationContext cache statistics: [DefaultContextCache@64d19dad size = 3, maxSize = 32, parentContextCount = 0, hitCount = 182, missCount = 3, failureCount = 0]
2025-02-20T11:03:24.760+02:00 DEBUG 8868 --- [shop] [           main] o.s.t.c.w.ServletTestExecutionListener   : Setting up MockHttpServletRequest, MockHttpServletResponse, ServletWebRequest, and RequestContextHolder for test class com.online.shop.ProductControllerIntegrationTest
2025-02-20T11:03:24.760+02:00 DEBUG 8868 --- [shop] [           main] DependencyInjectionTestExecutionListener : Performing dependency injection for test class com.online.shop.ProductControllerIntegrationTest
2025-02-20T11:03:24.760+02:00 DEBUG 8868 --- [shop] [           main] org.springframework.test.context.cache   : Spring test ApplicationContext cache statistics: [DefaultContextCache@64d19dad size = 3, maxSize = 32, parentContextCount = 0, hitCount = 183, missCount = 3, failureCount = 0]
2025-02-20T11:03:24.760+02:00 DEBUG 8868 --- [shop] [           main] org.springframework.test.context.cache   : Spring test ApplicationContext cache statistics: [DefaultContextCache@64d19dad size = 3, maxSize = 32, parentContextCount = 0, hitCount = 184, missCount = 3, failureCount = 0]
2025-02-20T11:03:24.760+02:00 DEBUG 8868 --- [shop] [           main] sContextBeforeModesTestExecutionListener : Before test method: class [ProductControllerIntegrationTest], method [testGetSortedProducts], class annotated with @DirtiesContext [false] with mode [null], method annotated with @DirtiesContext [false] with mode [null]
2025-02-20T11:03:24.760+02:00 DEBUG 8868 --- [shop] [           main] t.c.t.TransactionalTestExecutionListener : Explicit transaction definition [PROPAGATION_REQUIRED,ISOLATION_DEFAULT] found for test class [com.online.shop.ProductControllerIntegrationTest] and test method [testGetSortedProducts]
2025-02-20T11:03:24.760+02:00 DEBUG 8868 --- [shop] [           main] org.springframework.test.context.cache   : Spring test ApplicationContext cache statistics: [DefaultContextCache@64d19dad size = 3, maxSize = 32, parentContextCount = 0, hitCount = 185, missCount = 3, failureCount = 0]
2025-02-20T11:03:24.760+02:00 DEBUG 8868 --- [shop] [           main] t.c.t.TransactionalTestExecutionListener : No method-level @Rollback override: using default rollback [true] for test method [public void com.online.shop.ProductControllerIntegrationTest.testGetSortedProducts() throws java.lang.Exception]
2025-02-20T11:03:24.760+02:00 DEBUG 8868 --- [shop] [           main] o.s.orm.jpa.JpaTransactionManager        : Creating new transaction with name [com.online.shop.ProductControllerIntegrationTest.testGetSortedProducts]: PROPAGATION_REQUIRED,ISOLATION_DEFAULT
2025-02-20T11:03:24.760+02:00 DEBUG 8868 --- [shop] [           main] o.s.orm.jpa.JpaTransactionManager        : Opened new EntityManager [SessionImpl(1447550987<open>)] for JPA transaction
2025-02-20T11:03:24.760+02:00 DEBUG 8868 --- [shop] [           main] o.s.orm.jpa.JpaTransactionManager        : Exposing JPA transaction as JDBC [org.springframework.orm.jpa.vendor.HibernateJpaDialect$HibernateConnectionHandle@6da42046]
2025-02-20T11:03:24.760+02:00 DEBUG 8868 --- [shop] [           main] o.s.t.c.transaction.TransactionContext   : Began transaction (1) for test class [com.online.shop.ProductControllerIntegrationTest]; test method [testGetSortedProducts]; transaction manager [org.springframework.orm.jpa.JpaTransactionManager@2bd89b8e]; rollback [true]
2025-02-20T11:03:24.760+02:00 DEBUG 8868 --- [shop] [           main] org.springframework.test.context.cache   : Spring test ApplicationContext cache statistics: [DefaultContextCache@64d19dad size = 3, maxSize = 32, parentContextCount = 0, hitCount = 186, missCount = 3, failureCount = 0]
2025-02-20T11:03:24.760+02:00 DEBUG 8868 --- [shop] [           main] org.springframework.test.context.cache   : Spring test ApplicationContext cache statistics: [DefaultContextCache@64d19dad size = 3, maxSize = 32, parentContextCount = 0, hitCount = 187, missCount = 3, failureCount = 0]
2025-02-20T11:03:24.760+02:00 DEBUG 8868 --- [shop] [           main] org.springframework.test.context.cache   : Spring test ApplicationContext cache statistics: [DefaultContextCache@64d19dad size = 3, maxSize = 32, parentContextCount = 0, hitCount = 188, missCount = 3, failureCount = 0]
2025-02-20T11:03:24.766+02:00 DEBUG 8868 --- [shop] [           main] org.springframework.test.context.cache   : Spring test ApplicationContext cache statistics: [DefaultContextCache@64d19dad size = 3, maxSize = 32, parentContextCount = 0, hitCount = 189, missCount = 3, failureCount = 0]
2025-02-20T11:03:24.766+02:00 DEBUG 8868 --- [shop] [           main] org.springframework.test.context.cache   : Spring test ApplicationContext cache statistics: [DefaultContextCache@64d19dad size = 3, maxSize = 32, parentContextCount = 0, hitCount = 190, missCount = 3, failureCount = 0]
2025-02-20T11:03:24.770+02:00 DEBUG 8868 --- [shop] [           main] o.s.orm.jpa.JpaTransactionManager        : Found thread-bound EntityManager [SessionImpl(1447550987<open>)] for JPA transaction
2025-02-20T11:03:24.770+02:00 DEBUG 8868 --- [shop] [           main] o.s.orm.jpa.JpaTransactionManager        : Participating in existing transaction
2025-02-20T11:03:24.770+02:00 DEBUG 8868 --- [shop] [           main] org.hibernate.SQL                        : select p1_0.id,p1_0.category_id,p1_0.created_at,p1_0.description,p1_0.discount,p1_0.name,p1_0.price,p1_0.rating,p1_0.sales,p1_0.stock from product p1_0
Hibernate: select p1_0.id,p1_0.category_id,p1_0.created_at,p1_0.description,p1_0.discount,p1_0.name,p1_0.price,p1_0.rating,p1_0.sales,p1_0.stock from product p1_0
2025-02-20T11:03:24.770+02:00 DEBUG 8868 --- [shop] [           main] o.s.orm.jpa.JpaTransactionManager        : Found thread-bound EntityManager [SessionImpl(1447550987<open>)] for JPA transaction
2025-02-20T11:03:24.770+02:00 DEBUG 8868 --- [shop] [           main] o.s.orm.jpa.JpaTransactionManager        : Participating in existing transaction
2025-02-20T11:03:24.770+02:00 DEBUG 8868 --- [shop] [           main] o.s.orm.jpa.JpaTransactionManager        : Found thread-bound EntityManager [SessionImpl(1447550987<open>)] for JPA transaction
2025-02-20T11:03:24.770+02:00 DEBUG 8868 --- [shop] [           main] o.s.orm.jpa.JpaTransactionManager        : Participating in existing transaction
2025-02-20T11:03:24.770+02:00 DEBUG 8868 --- [shop] [           main] o.s.orm.jpa.JpaTransactionManager        : Found thread-bound EntityManager [SessionImpl(1447550987<open>)] for JPA transaction
2025-02-20T11:03:24.770+02:00 DEBUG 8868 --- [shop] [           main] o.s.orm.jpa.JpaTransactionManager        : Participating in existing transaction
2025-02-20T11:03:24.770+02:00 DEBUG 8868 --- [shop] [           main] org.hibernate.SQL                        : insert into product (category_id,created_at,description,discount,name,price,rating,sales,stock,id) values (?,?,?,?,?,?,?,?,?,?)
Hibernate: insert into product (category_id,created_at,description,discount,name,price,rating,sales,stock,id) values (?,?,?,?,?,?,?,?,?,?)
2025-02-20T11:03:24.780+02:00 DEBUG 8868 --- [shop] [           main] org.hibernate.SQL                        : insert into product (category_id,created_at,description,discount,name,price,rating,sales,stock,id) values (?,?,?,?,?,?,?,?,?,?)
Hibernate: insert into product (category_id,created_at,description,discount,name,price,rating,sales,stock,id) values (?,?,?,?,?,?,?,?,?,?)
2025-02-20T11:03:24.782+02:00 DEBUG 8868 --- [shop] [           main] org.hibernate.SQL                        : insert into users (code_expiration,email,fcm_token,password,role,username,verification_code,verified,id) values (?,?,?,?,?,?,?,?,?)
Hibernate: insert into users (code_expiration,email,fcm_token,password,role,username,verification_code,verified,id) values (?,?,?,?,?,?,?,?,?)
2025-02-20T11:03:24.782+02:00 DEBUG 8868 --- [shop] [           main] org.hibernate.SQL                        : insert into shopping_cart (user_id,id) values (?,?)
Hibernate: insert into shopping_cart (user_id,id) values (?,?)
2025-02-20T11:03:24.782+02:00 DEBUG 8868 --- [shop] [           main] org.hibernate.SQL                        : insert into notifications (new_arrivals,offers,order_status,user_id,via_email,via_push,id) values (?,?,?,?,?,?,default)
Hibernate: insert into notifications (new_arrivals,offers,order_status,user_id,via_email,via_push,id) values (?,?,?,?,?,?,default)
2025-02-20T11:03:24.782+02:00 DEBUG 8868 --- [shop] [           main] org.springframework.test.context.cache   : Spring test ApplicationContext cache statistics: [DefaultContextCache@64d19dad size = 3, maxSize = 32, parentContextCount = 0, hitCount = 191, missCount = 3, failureCount = 0]
2025-02-20T11:03:24.782+02:00 DEBUG 8868 --- [shop] [           main] o.s.test.util.ReflectionTestUtils        : Invoking method 'getFilters' on target object [FilterChainProxy[Filter Chains: null]] or target class [null] with arguments {org.springframework.mock.web.MockHttpServletRequest@805eb16}
2025-02-20T11:03:24.782+02:00 DEBUG 8868 --- [shop] [           main] o.s.test.util.ReflectionTestUtils        : Invoking method 'getFilters' on target object [FilterChainProxy[Filter Chains: null]] or target class [null] with arguments {org.springframework.mock.web.MockHttpServletRequest@805eb16}
2025-02-20T11:03:24.782+02:00 DEBUG 8868 --- [shop] [           main] o.s.test.util.ReflectionTestUtils        : Getting field 'securityContextRepository' from target object [org.springframework.security.web.context.SecurityContextHolderFilter@5dd7f921] or target class [class org.springframework.security.web.context.SecurityContextHolderFilter]
2025-02-20T11:03:24.782+02:00 DEBUG 8868 --- [shop] [           main] w.c.HttpSessionSecurityContextRepository : Created HttpSession as SecurityContext is non-default
2025-02-20T11:03:24.782+02:00 DEBUG 8868 --- [shop] [           main] w.c.HttpSessionSecurityContextRepository : Stored SecurityContextImpl [Authentication=UsernamePasswordAuthenticationToken [Principal=org.springframework.security.core.userdetails.User [Username=user, Password=[PROTECTED], Enabled=true, AccountNonExpired=true, CredentialsNonExpired=true, AccountNonLocked=true, Granted Authorities=[ROLE_USER]], Credentials=[PROTECTED], Authenticated=true, Details=null, Granted Authorities=[ROLE_USER]]] to HttpSession [org.springframework.mock.web.MockHttpSession@74967bf2]
2025-02-20T11:03:24.790+02:00 DEBUG 8868 --- [shop] [           main] o.s.security.web.FilterChainProxy        : Securing GET /user/products/getSortedProducts/desc
2025-02-20T11:03:24.790+02:00 DEBUG 8868 --- [shop] [           main] w.c.HttpSessionSecurityContextRepository : Retrieved SecurityContextImpl [Authentication=UsernamePasswordAuthenticationToken [Principal=org.springframework.security.core.userdetails.User [Username=user, Password=[PROTECTED], Enabled=true, AccountNonExpired=true, CredentialsNonExpired=true, AccountNonLocked=true, Granted Authorities=[ROLE_USER]], Credentials=[PROTECTED], Authenticated=true, Details=null, Granted Authorities=[ROLE_USER]]]
2025-02-20T11:03:24.790+02:00 DEBUG 8868 --- [shop] [           main] o.s.security.web.FilterChainProxy        : Secured GET /user/products/getSortedProducts/desc
2025-02-20T11:03:24.790+02:00 DEBUG 8868 --- [shop] [           main] o.s.t.web.servlet.TestDispatcherServlet  : GET "/user/products/getSortedProducts/desc", parameters={}
2025-02-20T11:03:24.790+02:00 DEBUG 8868 --- [shop] [           main] s.w.s.m.m.a.RequestMappingHandlerMapping : Mapped to com.online.shop.controllers.ProductController#getProductsSorted(String)
2025-02-20T11:03:24.798+02:00 DEBUG 8868 --- [shop] [           main] o.s.orm.jpa.JpaTransactionManager        : Found thread-bound EntityManager [SessionImpl(1447550987<open>)] for JPA transaction
2025-02-20T11:03:24.798+02:00 DEBUG 8868 --- [shop] [           main] o.s.orm.jpa.JpaTransactionManager        : Participating in existing transaction
2025-02-20T11:03:24.813+02:00 DEBUG 8868 --- [shop] [           main] org.hibernate.SQL                        : select p1_0.id,p1_0.category_id,p1_0.created_at,p1_0.description,p1_0.discount,p1_0.name,p1_0.price,p1_0.rating,p1_0.sales,p1_0.stock from product p1_0 order by p1_0.price desc
Hibernate: select p1_0.id,p1_0.category_id,p1_0.created_at,p1_0.description,p1_0.discount,p1_0.name,p1_0.price,p1_0.rating,p1_0.sales,p1_0.stock from product p1_0 order by p1_0.price desc
2025-02-20T11:03:24.820+02:00 DEBUG 8868 --- [shop] [           main] o.s.w.s.m.m.a.HttpEntityMethodProcessor  : Using 'application/json', given [*/*] and supported [application/json, application/*+json]
2025-02-20T11:03:24.820+02:00 DEBUG 8868 --- [shop] [           main] o.s.w.s.m.m.a.HttpEntityMethodProcessor  : Writing [[com.online.shop.entities.Product@63a7a23a, com.online.shop.entities.Product@16471411]]
2025-02-20T11:03:24.825+02:00 DEBUG 8868 --- [shop] [           main] o.s.t.web.servlet.TestDispatcherServlet  : Completed 200 OK
2025-02-20T11:03:24.830+02:00 DEBUG 8868 --- [shop] [           main] o.s.test.util.ReflectionTestUtils        : Invoking method 'getFilters' on target object [FilterChainProxy[Filter Chains: null]] or target class [null] with arguments {org.springframework.mock.web.MockHttpServletRequest@75ba60cc}
2025-02-20T11:03:24.830+02:00 DEBUG 8868 --- [shop] [           main] o.s.test.util.ReflectionTestUtils        : Invoking method 'getFilters' on target object [FilterChainProxy[Filter Chains: null]] or target class [null] with arguments {org.springframework.mock.web.MockHttpServletRequest@75ba60cc}
2025-02-20T11:03:24.830+02:00 DEBUG 8868 --- [shop] [           main] o.s.test.util.ReflectionTestUtils        : Getting field 'securityContextRepository' from target object [org.springframework.security.web.context.SecurityContextHolderFilter@5dd7f921] or target class [class org.springframework.security.web.context.SecurityContextHolderFilter]
2025-02-20T11:03:24.830+02:00 DEBUG 8868 --- [shop] [           main] w.c.HttpSessionSecurityContextRepository : Created HttpSession as SecurityContext is non-default
2025-02-20T11:03:24.830+02:00 DEBUG 8868 --- [shop] [           main] w.c.HttpSessionSecurityContextRepository : Stored SecurityContextImpl [Authentication=UsernamePasswordAuthenticationToken [Principal=org.springframework.security.core.userdetails.User [Username=user, Password=[PROTECTED], Enabled=true, AccountNonExpired=true, CredentialsNonExpired=true, AccountNonLocked=true, Granted Authorities=[ROLE_USER]], Credentials=[PROTECTED], Authenticated=true, Details=null, Granted Authorities=[ROLE_USER]]] to HttpSession [org.springframework.mock.web.MockHttpSession@25036ea]
2025-02-20T11:03:24.830+02:00 DEBUG 8868 --- [shop] [           main] o.s.security.web.FilterChainProxy        : Securing GET /user/products/getSortedProducts/cresc
2025-02-20T11:03:24.830+02:00 DEBUG 8868 --- [shop] [           main] w.c.HttpSessionSecurityContextRepository : Retrieved SecurityContextImpl [Authentication=UsernamePasswordAuthenticationToken [Principal=org.springframework.security.core.userdetails.User [Username=user, Password=[PROTECTED], Enabled=true, AccountNonExpired=true, CredentialsNonExpired=true, AccountNonLocked=true, Granted Authorities=[ROLE_USER]], Credentials=[PROTECTED], Authenticated=true, Details=null, Granted Authorities=[ROLE_USER]]]
2025-02-20T11:03:24.830+02:00 DEBUG 8868 --- [shop] [           main] o.s.security.web.FilterChainProxy        : Secured GET /user/products/getSortedProducts/cresc
2025-02-20T11:03:24.830+02:00 DEBUG 8868 --- [shop] [           main] o.s.t.web.servlet.TestDispatcherServlet  : GET "/user/products/getSortedProducts/cresc", parameters={}
2025-02-20T11:03:24.835+02:00 DEBUG 8868 --- [shop] [           main] s.w.s.m.m.a.RequestMappingHandlerMapping : Mapped to com.online.shop.controllers.ProductController#getProductsSorted(String)
2025-02-20T11:03:24.835+02:00 DEBUG 8868 --- [shop] [           main] o.s.orm.jpa.JpaTransactionManager        : Found thread-bound EntityManager [SessionImpl(1447550987<open>)] for JPA transaction
2025-02-20T11:03:24.835+02:00 DEBUG 8868 --- [shop] [           main] o.s.orm.jpa.JpaTransactionManager        : Participating in existing transaction
2025-02-20T11:03:24.840+02:00 DEBUG 8868 --- [shop] [           main] org.hibernate.SQL                        : select p1_0.id,p1_0.category_id,p1_0.created_at,p1_0.description,p1_0.discount,p1_0.name,p1_0.price,p1_0.rating,p1_0.sales,p1_0.stock from product p1_0 order by p1_0.price
Hibernate: select p1_0.id,p1_0.category_id,p1_0.created_at,p1_0.description,p1_0.discount,p1_0.name,p1_0.price,p1_0.rating,p1_0.sales,p1_0.stock from product p1_0 order by p1_0.price
2025-02-20T11:03:24.840+02:00 DEBUG 8868 --- [shop] [           main] o.s.w.s.m.m.a.HttpEntityMethodProcessor  : Using 'application/json', given [*/*] and supported [application/json, application/*+json]
2025-02-20T11:03:24.840+02:00 DEBUG 8868 --- [shop] [           main] o.s.w.s.m.m.a.HttpEntityMethodProcessor  : Writing [[com.online.shop.entities.Product@16471411, com.online.shop.entities.Product@63a7a23a]]
2025-02-20T11:03:24.846+02:00 DEBUG 8868 --- [shop] [           main] o.s.t.web.servlet.TestDispatcherServlet  : Completed 200 OK
2025-02-20T11:03:24.849+02:00 DEBUG 8868 --- [shop] [           main] org.springframework.test.context.cache   : Spring test ApplicationContext cache statistics: [DefaultContextCache@64d19dad size = 3, maxSize = 32, parentContextCount = 0, hitCount = 192, missCount = 3, failureCount = 0]
2025-02-20T11:03:24.850+02:00 DEBUG 8868 --- [shop] [           main] org.springframework.test.context.cache   : Spring test ApplicationContext cache statistics: [DefaultContextCache@64d19dad size = 3, maxSize = 32, parentContextCount = 0, hitCount = 193, missCount = 3, failureCount = 0]
2025-02-20T11:03:24.850+02:00 DEBUG 8868 --- [shop] [           main] org.springframework.test.context.cache   : Spring test ApplicationContext cache statistics: [DefaultContextCache@64d19dad size = 3, maxSize = 32, parentContextCount = 0, hitCount = 194, missCount = 3, failureCount = 0]
2025-02-20T11:03:24.850+02:00 DEBUG 8868 --- [shop] [           main] org.springframework.test.context.cache   : Spring test ApplicationContext cache statistics: [DefaultContextCache@64d19dad size = 3, maxSize = 32, parentContextCount = 0, hitCount = 195, missCount = 3, failureCount = 0]
2025-02-20T11:03:24.850+02:00 DEBUG 8868 --- [shop] [           main] org.springframework.test.context.cache   : Spring test ApplicationContext cache statistics: [DefaultContextCache@64d19dad size = 3, maxSize = 32, parentContextCount = 0, hitCount = 196, missCount = 3, failureCount = 0]
2025-02-20T11:03:24.850+02:00 DEBUG 8868 --- [shop] [           main] org.springframework.test.context.cache   : Spring test ApplicationContext cache statistics: [DefaultContextCache@64d19dad size = 3, maxSize = 32, parentContextCount = 0, hitCount = 197, missCount = 3, failureCount = 0]
2025-02-20T11:03:24.850+02:00 DEBUG 8868 --- [shop] [           main] org.springframework.test.context.cache   : Spring test ApplicationContext cache statistics: [DefaultContextCache@64d19dad size = 3, maxSize = 32, parentContextCount = 0, hitCount = 198, missCount = 3, failureCount = 0]
2025-02-20T11:03:24.850+02:00 DEBUG 8868 --- [shop] [           main] org.springframework.test.context.cache   : Spring test ApplicationContext cache statistics: [DefaultContextCache@64d19dad size = 3, maxSize = 32, parentContextCount = 0, hitCount = 199, missCount = 3, failureCount = 0]
2025-02-20T11:03:24.850+02:00 DEBUG 8868 --- [shop] [           main] o.s.orm.jpa.JpaTransactionManager        : Initiating transaction rollback
2025-02-20T11:03:24.850+02:00 DEBUG 8868 --- [shop] [           main] o.s.orm.jpa.JpaTransactionManager        : Rolling back JPA transaction on EntityManager [SessionImpl(1447550987<open>)]
2025-02-20T11:03:24.855+02:00 DEBUG 8868 --- [shop] [           main] o.s.orm.jpa.JpaTransactionManager        : Closing JPA EntityManager [SessionImpl(1447550987<open>)] after transaction
2025-02-20T11:03:24.855+02:00 DEBUG 8868 --- [shop] [           main] o.s.t.c.transaction.TransactionContext   : Rolled back transaction (1) for test class [com.online.shop.ProductControllerIntegrationTest]; test method [testGetSortedProducts]
2025-02-20T11:03:24.855+02:00 DEBUG 8868 --- [shop] [           main] .c.s.DirtiesContextTestExecutionListener : After test method: class [ProductControllerIntegrationTest], method [testGetSortedProducts], class annotated with @DirtiesContext [false] with mode [null], method annotated with @DirtiesContext [false] with mode [null]
2025-02-20T11:03:24.855+02:00 DEBUG 8868 --- [shop] [           main] o.s.t.c.w.ServletTestExecutionListener   : Resetting RequestContextHolder for test class com.online.shop.ProductControllerIntegrationTest
]]></system-out>
  </testcase>
  <testcase name="testGetAllProducts" classname="com.online.shop.ProductControllerIntegrationTest" time="0.04">
    <system-out><![CDATA[2025-02-20T11:03:24.855+02:00 DEBUG 8868 --- [shop] [           main] org.springframework.test.context.cache   : Spring test ApplicationContext cache statistics: [DefaultContextCache@64d19dad size = 3, maxSize = 32, parentContextCount = 0, hitCount = 200, missCount = 3, failureCount = 0]
2025-02-20T11:03:24.855+02:00 DEBUG 8868 --- [shop] [           main] o.s.t.c.w.ServletTestExecutionListener   : Setting up MockHttpServletRequest, MockHttpServletResponse, ServletWebRequest, and RequestContextHolder for test class com.online.shop.ProductControllerIntegrationTest
2025-02-20T11:03:24.855+02:00 DEBUG 8868 --- [shop] [           main] DependencyInjectionTestExecutionListener : Performing dependency injection for test class com.online.shop.ProductControllerIntegrationTest
2025-02-20T11:03:24.855+02:00 DEBUG 8868 --- [shop] [           main] org.springframework.test.context.cache   : Spring test ApplicationContext cache statistics: [DefaultContextCache@64d19dad size = 3, maxSize = 32, parentContextCount = 0, hitCount = 201, missCount = 3, failureCount = 0]
2025-02-20T11:03:24.860+02:00 DEBUG 8868 --- [shop] [           main] org.springframework.test.context.cache   : Spring test ApplicationContext cache statistics: [DefaultContextCache@64d19dad size = 3, maxSize = 32, parentContextCount = 0, hitCount = 202, missCount = 3, failureCount = 0]
2025-02-20T11:03:24.861+02:00 DEBUG 8868 --- [shop] [           main] sContextBeforeModesTestExecutionListener : Before test method: class [ProductControllerIntegrationTest], method [testGetAllProducts], class annotated with @DirtiesContext [false] with mode [null], method annotated with @DirtiesContext [false] with mode [null]
2025-02-20T11:03:24.861+02:00 DEBUG 8868 --- [shop] [           main] t.c.t.TransactionalTestExecutionListener : Explicit transaction definition [PROPAGATION_REQUIRED,ISOLATION_DEFAULT] found for test class [com.online.shop.ProductControllerIntegrationTest] and test method [testGetAllProducts]
2025-02-20T11:03:24.861+02:00 DEBUG 8868 --- [shop] [           main] org.springframework.test.context.cache   : Spring test ApplicationContext cache statistics: [DefaultContextCache@64d19dad size = 3, maxSize = 32, parentContextCount = 0, hitCount = 203, missCount = 3, failureCount = 0]
2025-02-20T11:03:24.861+02:00 DEBUG 8868 --- [shop] [           main] t.c.t.TransactionalTestExecutionListener : No method-level @Rollback override: using default rollback [true] for test method [public void com.online.shop.ProductControllerIntegrationTest.testGetAllProducts() throws java.lang.Exception]
2025-02-20T11:03:24.861+02:00 DEBUG 8868 --- [shop] [           main] o.s.orm.jpa.JpaTransactionManager        : Creating new transaction with name [com.online.shop.ProductControllerIntegrationTest.testGetAllProducts]: PROPAGATION_REQUIRED,ISOLATION_DEFAULT
2025-02-20T11:03:24.861+02:00 DEBUG 8868 --- [shop] [           main] o.s.orm.jpa.JpaTransactionManager        : Opened new EntityManager [SessionImpl(1181353050<open>)] for JPA transaction
2025-02-20T11:03:24.861+02:00 DEBUG 8868 --- [shop] [           main] o.s.orm.jpa.JpaTransactionManager        : Exposing JPA transaction as JDBC [org.springframework.orm.jpa.vendor.HibernateJpaDialect$HibernateConnectionHandle@327fc965]
2025-02-20T11:03:24.861+02:00 DEBUG 8868 --- [shop] [           main] o.s.t.c.transaction.TransactionContext   : Began transaction (1) for test class [com.online.shop.ProductControllerIntegrationTest]; test method [testGetAllProducts]; transaction manager [org.springframework.orm.jpa.JpaTransactionManager@2bd89b8e]; rollback [true]
2025-02-20T11:03:24.861+02:00 DEBUG 8868 --- [shop] [           main] org.springframework.test.context.cache   : Spring test ApplicationContext cache statistics: [DefaultContextCache@64d19dad size = 3, maxSize = 32, parentContextCount = 0, hitCount = 204, missCount = 3, failureCount = 0]
2025-02-20T11:03:24.861+02:00 DEBUG 8868 --- [shop] [           main] org.springframework.test.context.cache   : Spring test ApplicationContext cache statistics: [DefaultContextCache@64d19dad size = 3, maxSize = 32, parentContextCount = 0, hitCount = 205, missCount = 3, failureCount = 0]
2025-02-20T11:03:24.861+02:00 DEBUG 8868 --- [shop] [           main] org.springframework.test.context.cache   : Spring test ApplicationContext cache statistics: [DefaultContextCache@64d19dad size = 3, maxSize = 32, parentContextCount = 0, hitCount = 206, missCount = 3, failureCount = 0]
2025-02-20T11:03:24.861+02:00 DEBUG 8868 --- [shop] [           main] org.springframework.test.context.cache   : Spring test ApplicationContext cache statistics: [DefaultContextCache@64d19dad size = 3, maxSize = 32, parentContextCount = 0, hitCount = 207, missCount = 3, failureCount = 0]
2025-02-20T11:03:24.861+02:00 DEBUG 8868 --- [shop] [           main] org.springframework.test.context.cache   : Spring test ApplicationContext cache statistics: [DefaultContextCache@64d19dad size = 3, maxSize = 32, parentContextCount = 0, hitCount = 208, missCount = 3, failureCount = 0]
2025-02-20T11:03:24.861+02:00 DEBUG 8868 --- [shop] [           main] o.s.orm.jpa.JpaTransactionManager        : Found thread-bound EntityManager [SessionImpl(1181353050<open>)] for JPA transaction
2025-02-20T11:03:24.861+02:00 DEBUG 8868 --- [shop] [           main] o.s.orm.jpa.JpaTransactionManager        : Participating in existing transaction
2025-02-20T11:03:24.870+02:00 DEBUG 8868 --- [shop] [           main] org.hibernate.SQL                        : select p1_0.id,p1_0.category_id,p1_0.created_at,p1_0.description,p1_0.discount,p1_0.name,p1_0.price,p1_0.rating,p1_0.sales,p1_0.stock from product p1_0
Hibernate: select p1_0.id,p1_0.category_id,p1_0.created_at,p1_0.description,p1_0.discount,p1_0.name,p1_0.price,p1_0.rating,p1_0.sales,p1_0.stock from product p1_0
2025-02-20T11:03:24.870+02:00 DEBUG 8868 --- [shop] [           main] o.s.orm.jpa.JpaTransactionManager        : Found thread-bound EntityManager [SessionImpl(1181353050<open>)] for JPA transaction
2025-02-20T11:03:24.870+02:00 DEBUG 8868 --- [shop] [           main] o.s.orm.jpa.JpaTransactionManager        : Participating in existing transaction
2025-02-20T11:03:24.870+02:00 DEBUG 8868 --- [shop] [           main] o.s.orm.jpa.JpaTransactionManager        : Found thread-bound EntityManager [SessionImpl(1181353050<open>)] for JPA transaction
2025-02-20T11:03:24.870+02:00 DEBUG 8868 --- [shop] [           main] o.s.orm.jpa.JpaTransactionManager        : Participating in existing transaction
2025-02-20T11:03:24.870+02:00 DEBUG 8868 --- [shop] [           main] o.s.orm.jpa.JpaTransactionManager        : Found thread-bound EntityManager [SessionImpl(1181353050<open>)] for JPA transaction
2025-02-20T11:03:24.870+02:00 DEBUG 8868 --- [shop] [           main] o.s.orm.jpa.JpaTransactionManager        : Participating in existing transaction
2025-02-20T11:03:24.870+02:00 DEBUG 8868 --- [shop] [           main] org.hibernate.SQL                        : insert into product (category_id,created_at,description,discount,name,price,rating,sales,stock,id) values (?,?,?,?,?,?,?,?,?,?)
Hibernate: insert into product (category_id,created_at,description,discount,name,price,rating,sales,stock,id) values (?,?,?,?,?,?,?,?,?,?)
2025-02-20T11:03:24.870+02:00 DEBUG 8868 --- [shop] [           main] org.hibernate.SQL                        : insert into product (category_id,created_at,description,discount,name,price,rating,sales,stock,id) values (?,?,?,?,?,?,?,?,?,?)
Hibernate: insert into product (category_id,created_at,description,discount,name,price,rating,sales,stock,id) values (?,?,?,?,?,?,?,?,?,?)
2025-02-20T11:03:24.870+02:00 DEBUG 8868 --- [shop] [           main] org.hibernate.SQL                        : insert into users (code_expiration,email,fcm_token,password,role,username,verification_code,verified,id) values (?,?,?,?,?,?,?,?,?)
Hibernate: insert into users (code_expiration,email,fcm_token,password,role,username,verification_code,verified,id) values (?,?,?,?,?,?,?,?,?)
2025-02-20T11:03:24.877+02:00 DEBUG 8868 --- [shop] [           main] org.hibernate.SQL                        : insert into shopping_cart (user_id,id) values (?,?)
Hibernate: insert into shopping_cart (user_id,id) values (?,?)
2025-02-20T11:03:24.877+02:00 DEBUG 8868 --- [shop] [           main] org.hibernate.SQL                        : insert into notifications (new_arrivals,offers,order_status,user_id,via_email,via_push,id) values (?,?,?,?,?,?,default)
Hibernate: insert into notifications (new_arrivals,offers,order_status,user_id,via_email,via_push,id) values (?,?,?,?,?,?,default)
2025-02-20T11:03:24.880+02:00 DEBUG 8868 --- [shop] [           main] org.springframework.test.context.cache   : Spring test ApplicationContext cache statistics: [DefaultContextCache@64d19dad size = 3, maxSize = 32, parentContextCount = 0, hitCount = 209, missCount = 3, failureCount = 0]
2025-02-20T11:03:24.880+02:00 DEBUG 8868 --- [shop] [           main] o.s.test.util.ReflectionTestUtils        : Invoking method 'getFilters' on target object [FilterChainProxy[Filter Chains: null]] or target class [null] with arguments {org.springframework.mock.web.MockHttpServletRequest@3c928951}
2025-02-20T11:03:24.880+02:00 DEBUG 8868 --- [shop] [           main] o.s.test.util.ReflectionTestUtils        : Invoking method 'getFilters' on target object [FilterChainProxy[Filter Chains: null]] or target class [null] with arguments {org.springframework.mock.web.MockHttpServletRequest@3c928951}
2025-02-20T11:03:24.880+02:00 DEBUG 8868 --- [shop] [           main] o.s.test.util.ReflectionTestUtils        : Getting field 'securityContextRepository' from target object [org.springframework.security.web.context.SecurityContextHolderFilter@5dd7f921] or target class [class org.springframework.security.web.context.SecurityContextHolderFilter]
2025-02-20T11:03:24.880+02:00 DEBUG 8868 --- [shop] [           main] w.c.HttpSessionSecurityContextRepository : Created HttpSession as SecurityContext is non-default
2025-02-20T11:03:24.880+02:00 DEBUG 8868 --- [shop] [           main] w.c.HttpSessionSecurityContextRepository : Stored SecurityContextImpl [Authentication=UsernamePasswordAuthenticationToken [Principal=org.springframework.security.core.userdetails.User [Username=user, Password=[PROTECTED], Enabled=true, AccountNonExpired=true, CredentialsNonExpired=true, AccountNonLocked=true, Granted Authorities=[ROLE_USER]], Credentials=[PROTECTED], Authenticated=true, Details=null, Granted Authorities=[ROLE_USER]]] to HttpSession [org.springframework.mock.web.MockHttpSession@70bae186]
2025-02-20T11:03:24.880+02:00 DEBUG 8868 --- [shop] [           main] o.s.security.web.FilterChainProxy        : Securing GET /user/products/getAllProducts
2025-02-20T11:03:24.880+02:00 DEBUG 8868 --- [shop] [           main] w.c.HttpSessionSecurityContextRepository : Retrieved SecurityContextImpl [Authentication=UsernamePasswordAuthenticationToken [Principal=org.springframework.security.core.userdetails.User [Username=user, Password=[PROTECTED], Enabled=true, AccountNonExpired=true, CredentialsNonExpired=true, AccountNonLocked=true, Granted Authorities=[ROLE_USER]], Credentials=[PROTECTED], Authenticated=true, Details=null, Granted Authorities=[ROLE_USER]]]
2025-02-20T11:03:24.880+02:00 DEBUG 8868 --- [shop] [           main] o.s.security.web.FilterChainProxy        : Secured GET /user/products/getAllProducts
2025-02-20T11:03:24.880+02:00 DEBUG 8868 --- [shop] [           main] o.s.t.web.servlet.TestDispatcherServlet  : GET "/user/products/getAllProducts", parameters={}
2025-02-20T11:03:24.880+02:00 DEBUG 8868 --- [shop] [           main] s.w.s.m.m.a.RequestMappingHandlerMapping : Mapped to com.online.shop.controllers.ProductController#getAllProducts()
2025-02-20T11:03:24.880+02:00 DEBUG 8868 --- [shop] [           main] o.s.orm.jpa.JpaTransactionManager        : Found thread-bound EntityManager [SessionImpl(1181353050<open>)] for JPA transaction
2025-02-20T11:03:24.880+02:00 DEBUG 8868 --- [shop] [           main] o.s.orm.jpa.JpaTransactionManager        : Participating in existing transaction
2025-02-20T11:03:24.880+02:00 DEBUG 8868 --- [shop] [           main] org.hibernate.SQL                        : select p1_0.id,p1_0.category_id,p1_0.created_at,p1_0.description,p1_0.discount,p1_0.name,p1_0.price,p1_0.rating,p1_0.sales,p1_0.stock from product p1_0
Hibernate: select p1_0.id,p1_0.category_id,p1_0.created_at,p1_0.description,p1_0.discount,p1_0.name,p1_0.price,p1_0.rating,p1_0.sales,p1_0.stock from product p1_0
2025-02-20T11:03:24.891+02:00 DEBUG 8868 --- [shop] [           main] o.s.w.s.m.m.a.HttpEntityMethodProcessor  : Using 'application/json', given [*/*] and supported [application/json, application/*+json]
2025-02-20T11:03:24.891+02:00 DEBUG 8868 --- [shop] [           main] o.s.w.s.m.m.a.HttpEntityMethodProcessor  : Writing [[com.online.shop.entities.Product@29b8af89, com.online.shop.entities.Product@20d9ef28]]
2025-02-20T11:03:24.892+02:00 DEBUG 8868 --- [shop] [           main] o.s.t.web.servlet.TestDispatcherServlet  : Completed 200 OK
2025-02-20T11:03:24.893+02:00 DEBUG 8868 --- [shop] [           main] org.springframework.test.context.cache   : Spring test ApplicationContext cache statistics: [DefaultContextCache@64d19dad size = 3, maxSize = 32, parentContextCount = 0, hitCount = 210, missCount = 3, failureCount = 0]
2025-02-20T11:03:24.893+02:00 DEBUG 8868 --- [shop] [           main] org.springframework.test.context.cache   : Spring test ApplicationContext cache statistics: [DefaultContextCache@64d19dad size = 3, maxSize = 32, parentContextCount = 0, hitCount = 211, missCount = 3, failureCount = 0]
2025-02-20T11:03:24.893+02:00 DEBUG 8868 --- [shop] [           main] org.springframework.test.context.cache   : Spring test ApplicationContext cache statistics: [DefaultContextCache@64d19dad size = 3, maxSize = 32, parentContextCount = 0, hitCount = 212, missCount = 3, failureCount = 0]
2025-02-20T11:03:24.893+02:00 DEBUG 8868 --- [shop] [           main] org.springframework.test.context.cache   : Spring test ApplicationContext cache statistics: [DefaultContextCache@64d19dad size = 3, maxSize = 32, parentContextCount = 0, hitCount = 213, missCount = 3, failureCount = 0]
2025-02-20T11:03:24.893+02:00 DEBUG 8868 --- [shop] [           main] org.springframework.test.context.cache   : Spring test ApplicationContext cache statistics: [DefaultContextCache@64d19dad size = 3, maxSize = 32, parentContextCount = 0, hitCount = 214, missCount = 3, failureCount = 0]
2025-02-20T11:03:24.893+02:00 DEBUG 8868 --- [shop] [           main] org.springframework.test.context.cache   : Spring test ApplicationContext cache statistics: [DefaultContextCache@64d19dad size = 3, maxSize = 32, parentContextCount = 0, hitCount = 215, missCount = 3, failureCount = 0]
2025-02-20T11:03:24.900+02:00 DEBUG 8868 --- [shop] [           main] org.springframework.test.context.cache   : Spring test ApplicationContext cache statistics: [DefaultContextCache@64d19dad size = 3, maxSize = 32, parentContextCount = 0, hitCount = 216, missCount = 3, failureCount = 0]
2025-02-20T11:03:24.900+02:00 DEBUG 8868 --- [shop] [           main] org.springframework.test.context.cache   : Spring test ApplicationContext cache statistics: [DefaultContextCache@64d19dad size = 3, maxSize = 32, parentContextCount = 0, hitCount = 217, missCount = 3, failureCount = 0]
2025-02-20T11:03:24.900+02:00 DEBUG 8868 --- [shop] [           main] o.s.orm.jpa.JpaTransactionManager        : Initiating transaction rollback
2025-02-20T11:03:24.900+02:00 DEBUG 8868 --- [shop] [           main] o.s.orm.jpa.JpaTransactionManager        : Rolling back JPA transaction on EntityManager [SessionImpl(1181353050<open>)]
2025-02-20T11:03:24.900+02:00 DEBUG 8868 --- [shop] [           main] o.s.orm.jpa.JpaTransactionManager        : Closing JPA EntityManager [SessionImpl(1181353050<open>)] after transaction
2025-02-20T11:03:24.900+02:00 DEBUG 8868 --- [shop] [           main] o.s.t.c.transaction.TransactionContext   : Rolled back transaction (1) for test class [com.online.shop.ProductControllerIntegrationTest]; test method [testGetAllProducts]
2025-02-20T11:03:24.900+02:00 DEBUG 8868 --- [shop] [           main] .c.s.DirtiesContextTestExecutionListener : After test method: class [ProductControllerIntegrationTest], method [testGetAllProducts], class annotated with @DirtiesContext [false] with mode [null], method annotated with @DirtiesContext [false] with mode [null]
2025-02-20T11:03:24.900+02:00 DEBUG 8868 --- [shop] [           main] o.s.t.c.w.ServletTestExecutionListener   : Resetting RequestContextHolder for test class com.online.shop.ProductControllerIntegrationTest
]]></system-out>
  </testcase>
</testsuite>